info: ::1 - - [23/Jan/2022:13:42:23 +0000] "POST /api/v1/users/register HTTP/1.1" 500 61 "-" "PostmanRuntime/7.28.4"

info: ::1 - - [23/Jan/2022:13:42:32 +0000] "POST /api/v1/users/register HTTP/1.1" 201 320 "-" "PostmanRuntime/7.28.4"

info: ::1 - - [23/Jan/2022:13:44:39 +0000] "POST /api/v1/users/login HTTP/1.1" 200 190 "-" "PostmanRuntime/7.28.4"

info: ::1 - - [23/Jan/2022:13:46:07 +0000] "POST /api/v1/notes HTTP/1.1" 201 296 "-" "PostmanRuntime/7.28.4"

info: ::1 - - [23/Jan/2022:13:46:15 +0000] "GET /api/v1/notes HTTP/1.1" 200 636 "-" "PostmanRuntime/7.28.4"

info: ::1 - - [23/Jan/2022:13:47:00 +0000] "GET /api/v1/notes HTTP/1.1" 200 636 "-" "PostmanRuntime/7.28.4"

info: ::1 - - [23/Jan/2022:13:48:35 +0000] "POST /api/v1/users/login HTTP/1.1" 500 55 "-" "PostmanRuntime/7.28.4"

info: ::1 - - [23/Jan/2022:13:48:53 +0000] "POST /api/v1/users/login HTTP/1.1" 500 55 "-" "PostmanRuntime/7.28.4"

info: ::1 - - [23/Jan/2022:13:48:58 +0000] "POST /api/v1/users/login HTTP/1.1" 500 55 "-" "PostmanRuntime/7.28.4"

info: ::1 - - [23/Jan/2022:13:49:03 +0000] "POST /api/v1/users/login HTTP/1.1" 500 55 "-" "PostmanRuntime/7.28.4"

info: ::1 - - [23/Jan/2022:13:49:08 +0000] "POST /api/v1/users/login HTTP/1.1" 200 190 "-" "PostmanRuntime/7.28.4"

info: ::1 - - [23/Jan/2022:13:49:33 +0000] "GET /api/v1/notes HTTP/1.1" 200 636 "-" "PostmanRuntime/7.28.4"

info: ::1 - - [23/Jan/2022:13:51:34 +0000] "GET /api/v1/notes HTTP/1.1" 200 636 "-" "PostmanRuntime/7.28.4"

info: ::1 - - [23/Jan/2022:13:52:04 +0000] "GET /api/v1/notes HTTP/1.1" 200 636 "-" "PostmanRuntime/7.28.4"

info: ::1 - - [23/Jan/2022:13:54:50 +0000] "GET /api/v1/notes HTTP/1.1" 200 65 "-" "PostmanRuntime/7.28.4"

info: ::1 - - [23/Jan/2022:13:55:20 +0000] "GET /api/v1/notes HTTP/1.1" 200 65 "-" "PostmanRuntime/7.28.4"

info: ::1 - - [23/Jan/2022:13:55:51 +0000] "GET /api/v1/notes HTTP/1.1" 200 65 "-" "PostmanRuntime/7.28.4"

info: ::1 - - [23/Jan/2022:13:56:48 +0000] "GET /api/v1/notes HTTP/1.1" 200 65 "-" "PostmanRuntime/7.28.4"

info: ::1 - - [23/Jan/2022:13:57:00 +0000] "GET /api/v1/notes HTTP/1.1" 200 72 "-" "PostmanRuntime/7.28.4"

info: ::1 - - [23/Jan/2022:13:58:10 +0000] "GET /api/v1/notes HTTP/1.1" 200 65 "-" "PostmanRuntime/7.28.4"

info: ::1 - - [23/Jan/2022:13:58:30 +0000] "GET /api/v1/notes HTTP/1.1" 200 65 "-" "PostmanRuntime/7.28.4"

info: ::1 - - [23/Jan/2022:13:59:12 +0000] "GET /api/v1/notes HTTP/1.1" 200 65 "-" "PostmanRuntime/7.28.4"

info: ::1 - - [23/Jan/2022:14:00:30 +0000] "POST /api/v1/users/login HTTP/1.1" 200 190 "-" "PostmanRuntime/7.28.4"

info: ::1 - - [23/Jan/2022:14:01:27 +0000] "GET /api/v1/notes HTTP/1.1" 200 65 "-" "PostmanRuntime/7.28.4"

info: ::1 - - [23/Jan/2022:14:02:18 +0000] "GET /api/v1/notes HTTP/1.1" 200 65 "-" "PostmanRuntime/7.28.4"

info: ::1 - - [23/Jan/2022:14:05:05 +0000] "POST /api/v1/notes HTTP/1.1" 201 321 "-" "PostmanRuntime/7.28.4"

info: ::1 - - [23/Jan/2022:14:05:52 +0000] "GET /api/v1/notes HTTP/1.1" 200 339 "-" "PostmanRuntime/7.28.4"

info: ::1 - - [23/Jan/2022:14:05:59 +0000] "GET /api/v1/notes HTTP/1.1" 200 339 "-" "PostmanRuntime/7.28.4"

info: ::1 - - [23/Jan/2022:14:06:21 +0000] "GET /api/v1/notes HTTP/1.1" 200 339 "-" "PostmanRuntime/7.28.4"

info: ::1 - - [23/Jan/2022:14:06:35 +0000] "GET /api/v1/notes HTTP/1.1" 200 339 "-" "PostmanRuntime/7.28.4"

info: ::1 - - [23/Jan/2022:14:07:05 +0000] "GET /api/v1/notes HTTP/1.1" 200 339 "-" "PostmanRuntime/7.28.4"

info: ::1 - - [23/Jan/2022:14:07:30 +0000] "GET /api/v1/notes HTTP/1.1" 200 339 "-" "PostmanRuntime/7.28.4"

info: ::1 - - [23/Jan/2022:14:08:30 +0000] "POST /api/v1/users/login HTTP/1.1" 500 55 "-" "PostmanRuntime/7.28.4"

info: ::1 - - [23/Jan/2022:14:08:59 +0000] "PUT /api/v1/users/forgetPassword HTTP/1.1" 404 47 "-" "PostmanRuntime/7.28.4"

info: ::1 - - [23/Jan/2022:14:09:09 +0000] "POST /api/v1/users/forgetPassword HTTP/1.1" 200 160 "-" "PostmanRuntime/7.28.4"

info: ::1 - - [23/Jan/2022:14:10:03 +0000] "PUT /api/v1/users/resetPassword HTTP/1.1" 200 309 "-" "PostmanRuntime/7.28.4"

info: ::1 - - [23/Jan/2022:14:10:38 +0000] "POST /api/v1/users/login HTTP/1.1" 200 190 "-" "PostmanRuntime/7.28.4"

info: ::1 - - [23/Jan/2022:14:10:58 +0000] "GET /api/v1/notes HTTP/1.1" 200 629 "-" "PostmanRuntime/7.28.4"

info: ::1 - - [23/Jan/2022:14:13:29 +0000] "GET /api/v1/notes HTTP/1.1" 400 31 "-" "PostmanRuntime/7.28.4"

info: ::1 - - [23/Jan/2022:14:13:35 +0000] "GET /api/v1/notes HTTP/1.1" 200 629 "-" "PostmanRuntime/7.28.4"

info: ::1 - - [23/Jan/2022:14:30:50 +0000] "GET /api/v1/notes HTTP/1.1" 200 636 "-" "PostmanRuntime/7.28.4"

info: ::1 - - [23/Jan/2022:14:30:56 +0000] "GET /api/v1/notes HTTP/1.1" 200 636 "-" "PostmanRuntime/7.28.4"

info: ::1 - - [23/Jan/2022:14:31:29 +0000] "GET /api/v1/notes/61dd5d5e11f20548dd8dbeb1 HTTP/1.1" 200 340 "-" "PostmanRuntime/7.28.4"

info: ::1 - - [23/Jan/2022:14:31:33 +0000] "GET /api/v1/notes/61dd5d5e11f20548dd8dbeb1 HTTP/1.1" 200 340 "-" "PostmanRuntime/7.28.4"

info: ::1 - - [23/Jan/2022:14:32:37 +0000] "GET /api/v1/61dc1ea43898c9c63287f20f/archive HTTP/1.1" 404 47 "-" "PostmanRuntime/7.28.4"

info: ::1 - - [23/Jan/2022:14:33:01 +0000] "GET /api/v1/notes/61dc1ea43898c9c63287f20f/archive HTTP/1.1" 200 50 "-" "PostmanRuntime/7.28.4"

info: ::1 - - [23/Jan/2022:14:33:11 +0000] "GET /api/v1/notes/61dc1ea43898c9c63287f20f/delete HTTP/1.1" 404 47 "-" "PostmanRuntime/7.28.4"

info: ::1 - - [23/Jan/2022:14:33:24 +0000] "GET /api/v1/notes/61dc1ea43898c9c63287f20f/trash HTTP/1.1" 200 48 "-" "PostmanRuntime/7.28.4"

info: ::1 - - [23/Jan/2022:14:33:38 +0000] "GET /api/v1/notes/trash HTTP/1.1" 500 128 "-" "PostmanRuntime/7.28.4"

info: ::1 - - [23/Jan/2022:14:33:47 +0000] "GET /api/v1/notes/61dc1ea43898c9c63287f20f/trash HTTP/1.1" 200 48 "-" "PostmanRuntime/7.28.4"

info: ::1 - - [23/Jan/2022:14:36:39 +0000] "GET /api/v1/notes/trash HTTP/1.1" 500 128 "-" "PostmanRuntime/7.28.4"

info: ::1 - - [23/Jan/2022:14:37:39 +0000] "GET /api/v1/notes/trash HTTP/1.1" 500 128 "-" "PostmanRuntime/7.28.4"

info: ::1 - - [23/Jan/2022:14:39:57 +0000] "POST /api/v1/users/login HTTP/1.1" 200 190 "-" "PostmanRuntime/7.28.4"

info: ::1 - - [23/Jan/2022:14:40:31 +0000] "GET /api/v1/notes/archive HTTP/1.1" 500 130 "-" "PostmanRuntime/7.28.4"

info: ::1 - - [23/Jan/2022:14:42:13 +0000] "GET /api/v1/notes/archive HTTP/1.1" 500 130 "-" "PostmanRuntime/7.28.4"

info: ::1 - - [23/Jan/2022:14:45:22 +0000] "GET /api/v1/notes/archive HTTP/1.1" 500 130 "-" "PostmanRuntime/7.28.4"

info: ::1 - - [23/Jan/2022:14:45:27 +0000] "GET /api/v1/notes/archive HTTP/1.1" 400 31 "-" "PostmanRuntime/7.28.4"

info: ::1 - - [23/Jan/2022:14:45:32 +0000] "GET /api/v1/notes/archive HTTP/1.1" 500 130 "-" "PostmanRuntime/7.28.4"

info: ::1 - - [23/Jan/2022:14:47:42 +0000] "GET /api/v1/notes/archive HTTP/1.1" 500 130 "-" "PostmanRuntime/7.28.4"

info: ::1 - - [23/Jan/2022:14:49:18 +0000] "GET /api/v1/notes/archive HTTP/1.1" 500 130 "-" "PostmanRuntime/7.28.4"

info: ::1 - - [23/Jan/2022:14:50:05 +0000] "GET /api/v1/users/login HTTP/1.1" 404 47 "-" "PostmanRuntime/7.28.4"

info: ::1 - - [23/Jan/2022:14:50:32 +0000] "POST /api/v1/users/login HTTP/1.1" 200 190 "-" "PostmanRuntime/7.28.4"

info: ::1 - - [23/Jan/2022:14:50:56 +0000] "GET /api/v1/notes HTTP/1.1" 200 636 "-" "PostmanRuntime/7.28.4"

info: ::1 - - [23/Jan/2022:14:51:20 +0000] "GET /api/v1/notes/archive HTTP/1.1" 500 130 "-" "PostmanRuntime/7.28.4"

info: ::1 - - [23/Jan/2022:14:51:41 +0000] "GET /api/v1/notes/trash HTTP/1.1" 500 128 "-" "PostmanRuntime/7.28.4"

info: ::1 - - [23/Jan/2022:14:52:16 +0000] "GET /api/v1/notes/trash HTTP/1.1" 500 128 "-" "PostmanRuntime/7.28.4"

info: ::1 - - [23/Jan/2022:14:52:21 +0000] "GET /api/v1/notes/trash HTTP/1.1" 500 128 "-" "PostmanRuntime/7.28.4"

info: ::1 - - [23/Jan/2022:14:52:26 +0000] "GET /api/v1/notes/archive HTTP/1.1" 500 130 "-" "PostmanRuntime/7.28.4"

info: ::1 - - [23/Jan/2022:14:53:44 +0000] "GET /api/v1/notes/archive HTTP/1.1" 500 130 "-" "PostmanRuntime/7.28.4"

info: ::1 - - [23/Jan/2022:14:53:46 +0000] "GET /api/v1/notes/archive HTTP/1.1" 500 130 "-" "PostmanRuntime/7.28.4"

info: ::1 - - [23/Jan/2022:14:53:47 +0000] "GET /api/v1/notes/archive HTTP/1.1" 500 130 "-" "PostmanRuntime/7.28.4"

info: ::1 - - [23/Jan/2022:14:53:48 +0000] "GET /api/v1/notes/archive HTTP/1.1" 500 130 "-" "PostmanRuntime/7.28.4"

info: ::1 - - [23/Jan/2022:14:53:56 +0000] "GET /api/v1/notes HTTP/1.1" 200 636 "-" "PostmanRuntime/7.28.4"

info: ::1 - - [23/Jan/2022:14:54:08 +0000] "GET /api/v1/notes/61dd5d5e11f20548dd8dbeb1 HTTP/1.1" 200 340 "-" "PostmanRuntime/7.28.4"

info: ::1 - - [23/Jan/2022:14:54:12 +0000] "GET /api/v1/notes/61dd5d5e11f20548dd8dbeb1 HTTP/1.1" 200 340 "-" "PostmanRuntime/7.28.4"

info: ::1 - - [23/Jan/2022:14:54:41 +0000] "GET /api/v1/notes/61dd5d5e11f20548dd8dbeb1 HTTP/1.1" 200 340 "-" "PostmanRuntime/7.28.4"

info: ::1 - - [23/Jan/2022:14:55:08 +0000] "GET /api/v1/notes/61dd5d5e11f20548dd8dbeb1 HTTP/1.1" 200 340 "-" "PostmanRuntime/7.28.4"

info: ::1 - - [23/Jan/2022:14:57:08 +0000] "GET /api/v1/notes/61dd5d5e11f20548dd8dbeb1 HTTP/1.1" 200 340 "-" "PostmanRuntime/7.28.4"

info: ::1 - - [23/Jan/2022:14:57:13 +0000] "GET /api/v1/notes/61dd5d5e11f20548dd8dbeb1 HTTP/1.1" 200 340 "-" "PostmanRuntime/7.28.4"

info: ::1 - - [23/Jan/2022:14:58:22 +0000] "GET /api/v1/notes/61dd5d5e11f20548dd8dbeb1 HTTP/1.1" 200 340 "-" "PostmanRuntime/7.28.4"

info: ::1 - - [23/Jan/2022:14:58:25 +0000] "GET /api/v1/notes/61dd5d5e11f20548dd8dbeb1 HTTP/1.1" 200 340 "-" "PostmanRuntime/7.28.4"

info: ::1 - - [23/Jan/2022:14:58:46 +0000] "GET /api/v1/notes/61dd5d5e11f20548dd8dbeb1 HTTP/1.1" 200 340 "-" "PostmanRuntime/7.28.4"

info: ::1 - - [23/Jan/2022:14:59:29 +0000] "GET /api/v1/notes/61dd5d5e11f20548dd8dbeb1 HTTP/1.1" 200 340 "-" "PostmanRuntime/7.28.4"

info: ::1 - - [23/Jan/2022:15:00:06 +0000] "GET /api/v1/notes/61dd5d5e11f20548dd8dbeb1 HTTP/1.1" 200 340 "-" "PostmanRuntime/7.28.4"

info: ::1 - - [23/Jan/2022:15:00:57 +0000] "GET /api/v1/notes/61dd5d5e11f20548dd8dbeb1 HTTP/1.1" 200 351 "-" "PostmanRuntime/7.28.4"

info: ::1 - - [23/Jan/2022:15:03:52 +0000] "POST /api/v1/notes HTTP/1.1" 201 321 "-" "PostmanRuntime/7.28.4"

info: ::1 - - [23/Jan/2022:15:04:02 +0000] "GET /api/v1/notes/archive HTTP/1.1" 500 130 "-" "PostmanRuntime/7.28.4"

info: ::1 - - [23/Jan/2022:15:05:11 +0000] "GET /api/v1/notes/archive HTTP/1.1" 500 130 "-" "PostmanRuntime/7.28.4"

info: ::1 - - [23/Jan/2022:15:15:50 +0000] "GET /api/v1/notes/archive HTTP/1.1" 500 130 "-" "PostmanRuntime/7.28.4"

info: ::1 - - [23/Jan/2022:15:24:28 +0000] "GET /api/v1/notes HTTP/1.1" 200 636 "-" "PostmanRuntime/7.28.4"

info: ::1 - - [23/Jan/2022:15:29:41 +0000] "GET /api/v1/notes/archievedNotes HTTP/1.1" 500 137 "-" "PostmanRuntime/7.28.4"

info: ::1 - - [23/Jan/2022:15:34:20 +0000] "GET /api/v1/notes/archive HTTP/1.1" 500 130 "-" "PostmanRuntime/7.28.4"

info: ::1 - - [23/Jan/2022:15:35:18 +0000] "GET /api/v1/notes/archive HTTP/1.1" 500 130 "-" "PostmanRuntime/7.28.4"

info: ::1 - - [23/Jan/2022:15:47:05 +0000] "PUT /api/v1/notes/update/61ed6e5881709798d4fd76f5 HTTP/1.1" 200 331 "-" "PostmanRuntime/7.28.4"

info: ::1 - - [23/Jan/2022:15:47:25 +0000] "GET /api/v1/notes HTTP/1.1" 200 636 "-" "PostmanRuntime/7.28.4"

info: ::1 - - [23/Jan/2022:15:47:50 +0000] "PUT /api/v1/notes/update/61ed6e5881709798d4fd76f5 HTTP/1.1" 200 331 "-" "PostmanRuntime/7.28.4"

info: ::1 - - [23/Jan/2022:15:47:58 +0000] "PUT /api/v1/notes/update/61ed6e5881709798d4fd76f5 HTTP/1.1" 200 331 "-" "PostmanRuntime/7.28.4"

info: ::1 - - [23/Jan/2022:15:48:33 +0000] "PUT /api/v1/notes/update/61ed6e5881709798d4fd76f5 HTTP/1.1" 200 332 "-" "PostmanRuntime/7.28.4"

info: ::1 - - [23/Jan/2022:15:48:54 +0000] "GET /api/v1/notes HTTP/1.1" 200 636 "-" "PostmanRuntime/7.28.4"

info: ::1 - - [23/Jan/2022:15:49:39 +0000] "GET /api/v1/notes/archive HTTP/1.1" - - "-" "PostmanRuntime/7.28.4"

info: ::1 - - [23/Jan/2022:15:50:39 +0000] "GET /api/v1/notes/archive HTTP/1.1" - - "-" "PostmanRuntime/7.28.4"

info: ::1 - - [23/Jan/2022:15:51:09 +0000] "GET /api/v1/notes/archive HTTP/1.1" 500 130 "-" "PostmanRuntime/7.28.4"

info: ::1 - - [23/Jan/2022:15:57:12 +0000] "POST /api/v1/users/login HTTP/1.1" 200 190 "-" "PostmanRuntime/7.28.4"

info: ::1 - - [23/Jan/2022:15:57:50 +0000] "GET /api/v1/notes/archive HTTP/1.1" 500 130 "-" "PostmanRuntime/7.28.4"

info: ::1 - - [23/Jan/2022:15:58:29 +0000] "GET /api/v1/notes/61dd1d7dcfa9c7222d92791f HTTP/1.1" 200 332 "-" "PostmanRuntime/7.28.4"

info: ::1 - - [23/Jan/2022:15:58:37 +0000] "GET /api/v1/notes/61dd1d7dcfa9c7222d92791f HTTP/1.1" 200 332 "-" "PostmanRuntime/7.28.4"

info: ::1 - - [23/Jan/2022:15:58:40 +0000] "GET /api/v1/notes/61dd1d7dcfa9c7222d92791f HTTP/1.1" 200 332 "-" "PostmanRuntime/7.28.4"

info: ::1 - - [23/Jan/2022:15:59:15 +0000] "GET /api/v1/notes/61dd1d7dcfa9c7222d92791f HTTP/1.1" 200 343 "-" "PostmanRuntime/7.28.4"

info: ::1 - - [23/Jan/2022:16:00:36 +0000] "GET /api/v1/notes/archive HTTP/1.1" 500 130 "-" "PostmanRuntime/7.28.4"

info: ::1 - - [23/Jan/2022:16:05:24 +0000] "GET /api/v1/notes/archive HTTP/1.1" 500 130 "-" "PostmanRuntime/7.28.4"

info: ::1 - - [23/Jan/2022:16:11:59 +0000] "GET /api/v1/notes/archive HTTP/1.1" 500 130 "-" "PostmanRuntime/7.28.4"

info: ::1 - - [23/Jan/2022:16:12:46 +0000] "GET /api/v1/notes/archive HTTP/1.1" 500 130 "-" "PostmanRuntime/7.28.4"

info: ::1 - - [23/Jan/2022:16:14:46 +0000] "GET /api/v1/notes/archive HTTP/1.1" 500 130 "-" "PostmanRuntime/7.28.4"

info: ::1 - - [23/Jan/2022:16:15:17 +0000] "GET /api/v1/notes/archive HTTP/1.1" 500 130 "-" "PostmanRuntime/7.28.4"

info: ::1 - - [23/Jan/2022:16:15:51 +0000] "GET /api/v1/notes/archive HTTP/1.1" 500 130 "-" "PostmanRuntime/7.28.4"

info: ::1 - - [23/Jan/2022:16:16:55 +0000] "GET /api/v1/notes/archive HTTP/1.1" 500 130 "-" "PostmanRuntime/7.28.4"

info: ::1 - - [23/Jan/2022:16:17:39 +0000] "GET /api/v1/notes/archive HTTP/1.1" 500 130 "-" "PostmanRuntime/7.28.4"

info: ::1 - - [23/Jan/2022:16:18:41 +0000] "GET /api/v1/notes/archive HTTP/1.1" 500 130 "-" "PostmanRuntime/7.28.4"

info: ::1 - - [23/Jan/2022:16:19:38 +0000] "GET /api/v1/notes/archive HTTP/1.1" 500 130 "-" "PostmanRuntime/7.28.4"

info: ::1 - - [23/Jan/2022:16:20:26 +0000] "GET /api/v1/notes/archive HTTP/1.1" 500 130 "-" "PostmanRuntime/7.28.4"

info: ::1 - - [23/Jan/2022:16:22:01 +0000] "GET /api/v1/notes/archive HTTP/1.1" 500 130 "-" "PostmanRuntime/7.28.4"

info: ::1 - - [23/Jan/2022:16:23:50 +0000] "GET /api/v1/notes/archive HTTP/1.1" 500 75 "-" "PostmanRuntime/7.28.4"

info: ::1 - - [23/Jan/2022:16:25:24 +0000] "GET /api/v1/notes/archive HTTP/1.1" 500 75 "-" "PostmanRuntime/7.28.4"

info: ::1 - - [23/Jan/2022:16:25:43 +0000] "GET /api/v1/notes/archive HTTP/1.1" 500 130 "-" "PostmanRuntime/7.28.4"

info: ::1 - - [23/Jan/2022:16:29:39 +0000] "GET /api/v1/notes HTTP/1.1" - - "-" "PostmanRuntime/7.28.4"

info: ::1 - - [23/Jan/2022:16:30:20 +0000] "GET /api/v1/notes HTTP/1.1" - - "-" "PostmanRuntime/7.28.4"

info: ::1 - - [23/Jan/2022:16:32:14 +0000] "GET /api/v1/notes HTTP/1.1" 200 71 "-" "PostmanRuntime/7.28.4"

info: ::1 - - [23/Jan/2022:16:32:40 +0000] "GET /api/v1/notes HTTP/1.1" 200 65 "-" "PostmanRuntime/7.28.4"

info: ::1 - - [23/Jan/2022:16:33:09 +0000] "GET /api/v1/notes HTTP/1.1" 200 65 "-" "PostmanRuntime/7.28.4"

info: ::1 - - [23/Jan/2022:16:34:30 +0000] "POST /api/v1/users/login HTTP/1.1" 200 190 "-" "PostmanRuntime/7.28.4"

info: ::1 - - [23/Jan/2022:16:34:52 +0000] "GET /api/v1/notes HTTP/1.1" 200 65 "-" "PostmanRuntime/7.28.4"

info: ::1 - - [23/Jan/2022:16:36:43 +0000] "GET /api/v1/notes HTTP/1.1" 200 65 "-" "PostmanRuntime/7.28.4"

info: ::1 - - [23/Jan/2022:16:36:45 +0000] "GET /api/v1/notes HTTP/1.1" 200 65 "-" "PostmanRuntime/7.28.4"

info: ::1 - - [23/Jan/2022:16:36:45 +0000] "GET /api/v1/notes HTTP/1.1" 200 65 "-" "PostmanRuntime/7.28.4"

info: ::1 - - [23/Jan/2022:16:36:47 +0000] "GET /api/v1/notes HTTP/1.1" 200 65 "-" "PostmanRuntime/7.28.4"

info: ::1 - - [23/Jan/2022:16:36:48 +0000] "GET /api/v1/notes HTTP/1.1" 200 65 "-" "PostmanRuntime/7.28.4"

info: ::1 - - [23/Jan/2022:16:36:48 +0000] "GET /api/v1/notes HTTP/1.1" 200 65 "-" "PostmanRuntime/7.28.4"

info: ::1 - - [23/Jan/2022:16:36:51 +0000] "GET /api/v1/notes HTTP/1.1" 200 65 "-" "PostmanRuntime/7.28.4"

info: ::1 - - [23/Jan/2022:16:36:51 +0000] "GET /api/v1/notes HTTP/1.1" 200 65 "-" "PostmanRuntime/7.28.4"

info: ::1 - - [23/Jan/2022:16:36:52 +0000] "GET /api/v1/notes HTTP/1.1" 200 65 "-" "PostmanRuntime/7.28.4"

info: ::1 - - [23/Jan/2022:16:36:52 +0000] "GET /api/v1/notes HTTP/1.1" 200 65 "-" "PostmanRuntime/7.28.4"

info: ::1 - - [23/Jan/2022:16:36:53 +0000] "GET /api/v1/notes HTTP/1.1" 200 65 "-" "PostmanRuntime/7.28.4"

info: ::1 - - [23/Jan/2022:16:37:50 +0000] "GET /api/v1/notes HTTP/1.1" 200 65 "-" "PostmanRuntime/7.28.4"

info: ::1 - - [23/Jan/2022:16:40:23 +0000] "GET /api/v1/notes HTTP/1.1" 200 1462 "-" "PostmanRuntime/7.28.4"

info: ::1 - - [23/Jan/2022:16:41:31 +0000] "GET /api/v1/notes HTTP/1.1" 200 65 "-" "PostmanRuntime/7.28.4"

info: ::1 - - [23/Jan/2022:16:41:48 +0000] "GET /api/v1/notes HTTP/1.1" 200 65 "-" "PostmanRuntime/7.28.4"

info: ::1 - - [23/Jan/2022:16:42:25 +0000] "GET /api/v1/notes HTTP/1.1" 200 65 "-" "PostmanRuntime/7.28.4"

info: ::1 - - [23/Jan/2022:16:42:40 +0000] "GET /api/v1/notes HTTP/1.1" 200 65 "-" "PostmanRuntime/7.28.4"

info: ::1 - - [23/Jan/2022:16:46:14 +0000] "GET /api/v1/notes HTTP/1.1" 200 3047 "-" "PostmanRuntime/7.28.4"

info: ::1 - - [23/Jan/2022:16:57:24 +0000] "GET /api/v1/notes HTTP/1.1" 500 62 "-" "PostmanRuntime/7.28.4"

info: ::1 - - [23/Jan/2022:17:05:02 +0000] "GET /api/v1/notes HTTP/1.1" 200 629 "-" "PostmanRuntime/7.28.4"

info: ::1 - - [23/Jan/2022:17:05:34 +0000] "GET /api/v1/notes/archive HTTP/1.1" 500 130 "-" "PostmanRuntime/7.28.4"

info: ::1 - - [23/Jan/2022:17:14:06 +0000] "GET /api/v1/notes/archievedNotes HTTP/1.1" 500 137 "-" "PostmanRuntime/7.28.4"

info: ::1 - - [23/Jan/2022:17:16:30 +0000] "GET /api/v1/notes/archievedNotes HTTP/1.1" 200 581 "-" "PostmanRuntime/7.28.4"

info: ::1 - - [23/Jan/2022:17:18:36 +0000] "GET /api/v1/notes/trashedNotes HTTP/1.1" 200 60 "-" "PostmanRuntime/7.28.4"

info: ::1 - - [23/Jan/2022:17:19:13 +0000] "GET /api/v1/notes/trashedNotes HTTP/1.1" - - "-" "PostmanRuntime/7.28.4"

info: ::1 - - [23/Jan/2022:17:19:28 +0000] "GET /api/v1/notes/trashedNotes HTTP/1.1" - - "-" "PostmanRuntime/7.28.4"

info: ::1 - - [23/Jan/2022:17:19:46 +0000] "GET /api/v1/notes/trashedNotes HTTP/1.1" - - "-" "PostmanRuntime/7.28.4"

info: ::1 - - [23/Jan/2022:17:20:58 +0000] "GET /api/v1/notes/trashedNotes HTTP/1.1" - - "-" "PostmanRuntime/7.28.4"

info: ::1 - - [23/Jan/2022:17:21:32 +0000] "GET /api/v1/notes/trashedNotes HTTP/1.1" 200 860 "-" "PostmanRuntime/7.28.4"

info: ::1 - - [23/Jan/2022:17:24:24 +0000] "GET /api/v1/notes/trashedNotes HTTP/1.1" - - "-" "PostmanRuntime/7.28.4"

info: ::1 - - [23/Jan/2022:17:25:05 +0000] "GET /api/v1/notes/archievedNotes HTTP/1.1" - - "-" "PostmanRuntime/7.28.4"

info: ::1 - - [23/Jan/2022:17:26:08 +0000] "GET /api/v1/notes/archievedNotes HTTP/1.1" 500 137 "-" "PostmanRuntime/7.28.4"

info: ::1 - - [23/Jan/2022:17:26:47 +0000] "GET /api/v1/notes/archievedNotes HTTP/1.1" 200 581 "-" "PostmanRuntime/7.28.4"

info: ::1 - - [23/Jan/2022:17:32:06 +0000] "GET /api/v1/notes/61e7a3f505aada86a6eeca81 HTTP/1.1" 404 47 "-" "PostmanRuntime/7.28.4"

info: ::1 - - [23/Jan/2022:17:32:33 +0000] "GET /api/v1/notes/61e7a3f505aada86a6eeca81 HTTP/1.1" 200 318 "-" "PostmanRuntime/7.28.4"

info: ::1 - - [23/Jan/2022:17:32:48 +0000] "GET /api/v1/notes/61e7a3f505aada86a6eeca81 HTTP/1.1" 200 318 "-" "PostmanRuntime/7.28.4"

info: ::1 - - [23/Jan/2022:17:33:16 +0000] "GET /api/v1/notes/61e7a3f505aada86a6eeca81 HTTP/1.1" 200 329 "-" "PostmanRuntime/7.28.4"

info: ::ffff:127.0.0.1 - - [23/Jan/2022:17:51:05 +0000] "POST /api/v1/users/login HTTP/1.1" 200 190 "-" "node-superagent/3.8.3"

info: ::ffff:127.0.0.1 - - [23/Jan/2022:17:51:05 +0000] "POST /api/v1/users/login HTTP/1.1" 200 190 "-" "node-superagent/3.8.3"

info: ::ffff:127.0.0.1 - - [23/Jan/2022:17:51:05 +0000] "GET /api/v1/notes HTTP/1.1" 200 65 "-" "node-superagent/3.8.3"

info: ::ffff:127.0.0.1 - - [23/Jan/2022:17:51:05 +0000] "GET /api/v1/notes/61e593e75dd1f09f49eb08b9 HTTP/1.1" 200 60 "-" "node-superagent/3.8.3"

info: ::ffff:127.0.0.1 - - [23/Jan/2022:17:51:05 +0000] "GET /api/v1/notes/archievedNotes HTTP/1.1" 200 50 "-" "node-superagent/3.8.3"

info: ::ffff:127.0.0.1 - - [23/Jan/2022:17:51:05 +0000] "GET /api/v1/notes/trashedNotes HTTP/1.1" 200 48 "-" "node-superagent/3.8.3"

info: ::1 - - [23/Jan/2022:17:56:18 +0000] "PUT /api/v1/notes/61e7a3f505aada86a6eeca81 HTTP/1.1" 200 315 "-" "PostmanRuntime/7.28.4"

info: ::ffff:127.0.0.1 - - [23/Jan/2022:17:57:09 +0000] "POST /api/v1/users/login HTTP/1.1" 500 55 "-" "node-superagent/3.8.3"

info: ::ffff:127.0.0.1 - - [23/Jan/2022:17:57:09 +0000] "POST /api/v1/users/login HTTP/1.1" 500 55 "-" "node-superagent/3.8.3"

info: ::ffff:127.0.0.1 - - [23/Jan/2022:17:57:09 +0000] "GET /api/v1/notes HTTP/1.1" 400 31 "-" "node-superagent/3.8.3"

info: ::ffff:127.0.0.1 - - [23/Jan/2022:17:57:09 +0000] "GET /api/v1/notes/61e593e75dd1f09f49eb08b9 HTTP/1.1" 400 31 "-" "node-superagent/3.8.3"

info: ::ffff:127.0.0.1 - - [23/Jan/2022:17:57:09 +0000] "GET /api/v1/notes/archievedNotes HTTP/1.1" 400 31 "-" "node-superagent/3.8.3"

info: ::ffff:127.0.0.1 - - [23/Jan/2022:17:57:09 +0000] "GET /api/v1/notes/trashedNotes HTTP/1.1" 400 31 "-" "node-superagent/3.8.3"

info: ::ffff:127.0.0.1 - - [23/Jan/2022:17:57:09 +0000] "PUT /api/v1/notes/61e593e75dd1f09f49eb08b9 HTTP/1.1" 400 31 "-" "node-superagent/3.8.3"

info: ::ffff:127.0.0.1 - - [23/Jan/2022:17:57:37 +0000] "POST /api/v1/users/login HTTP/1.1" 200 190 "-" "node-superagent/3.8.3"

info: ::ffff:127.0.0.1 - - [23/Jan/2022:17:57:37 +0000] "POST /api/v1/users/login HTTP/1.1" 200 190 "-" "node-superagent/3.8.3"

info: ::ffff:127.0.0.1 - - [23/Jan/2022:17:57:37 +0000] "GET /api/v1/notes HTTP/1.1" 200 65 "-" "node-superagent/3.8.3"

info: ::ffff:127.0.0.1 - - [23/Jan/2022:17:57:37 +0000] "POST /api/v1/users/login HTTP/1.1" 200 190 "-" "node-superagent/3.8.3"

info: ::ffff:127.0.0.1 - - [23/Jan/2022:17:57:37 +0000] "POST /api/v1/users/login HTTP/1.1" 200 190 "-" "node-superagent/3.8.3"

info: ::ffff:127.0.0.1 - - [23/Jan/2022:17:57:42 +0000] "GET /api/v1/notes/archievedNotes HTTP/1.1" 200 50 "-" "node-superagent/3.8.3"

info: ::ffff:127.0.0.1 - - [23/Jan/2022:17:57:42 +0000] "GET /api/v1/notes/trashedNotes HTTP/1.1" 200 48 "-" "node-superagent/3.8.3"

info: ::ffff:127.0.0.1 - - [23/Jan/2022:17:57:42 +0000] "PUT /api/v1/notes/61e593e75dd1f09f49eb08b9 HTTP/1.1" 500 76 "-" "node-superagent/3.8.3"

info: ::ffff:127.0.0.1 - - [23/Jan/2022:17:57:42 +0000] "DELETE /api/v1/user/61e593e75dd1f09f49eb08b9 HTTP/1.1" 404 47 "-" "node-superagent/3.8.3"

info: ::ffff:127.0.0.1 - - [23/Jan/2022:17:58:42 +0000] "POST /api/v1/users/login HTTP/1.1" 200 190 "-" "node-superagent/3.8.3"

info: ::ffff:127.0.0.1 - - [23/Jan/2022:17:58:42 +0000] "POST /api/v1/users/login HTTP/1.1" 200 190 "-" "node-superagent/3.8.3"

info: ::ffff:127.0.0.1 - - [23/Jan/2022:17:58:42 +0000] "GET /api/v1/notes HTTP/1.1" 200 65 "-" "node-superagent/3.8.3"

info: ::ffff:127.0.0.1 - - [23/Jan/2022:17:58:42 +0000] "POST /api/v1/users/login HTTP/1.1" 200 190 "-" "node-superagent/3.8.3"

info: ::ffff:127.0.0.1 - - [23/Jan/2022:17:58:42 +0000] "POST /api/v1/users/login HTTP/1.1" 200 190 "-" "node-superagent/3.8.3"

info: ::ffff:127.0.0.1 - - [23/Jan/2022:17:58:47 +0000] "GET /api/v1/notes/archievedNotes HTTP/1.1" 200 50 "-" "node-superagent/3.8.3"

info: ::ffff:127.0.0.1 - - [23/Jan/2022:17:58:47 +0000] "GET /api/v1/notes/trashedNotes HTTP/1.1" 200 48 "-" "node-superagent/3.8.3"

info: ::ffff:127.0.0.1 - - [23/Jan/2022:17:58:47 +0000] "PUT /api/v1/notes/61e593e75dd1f09f49eb08b9 HTTP/1.1" 500 76 "-" "node-superagent/3.8.3"

info: ::ffff:127.0.0.1 - - [23/Jan/2022:17:59:51 +0000] "POST /api/v1/users/login HTTP/1.1" 200 190 "-" "node-superagent/3.8.3"

info: ::ffff:127.0.0.1 - - [23/Jan/2022:17:59:51 +0000] "POST /api/v1/users/login HTTP/1.1" 200 190 "-" "node-superagent/3.8.3"

info: ::ffff:127.0.0.1 - - [23/Jan/2022:17:59:51 +0000] "POST /api/v1/user/addNote HTTP/1.1" 404 47 "-" "node-superagent/3.8.3"

info: ::ffff:127.0.0.1 - - [23/Jan/2022:17:59:51 +0000] "GET /api/v1/notes HTTP/1.1" 200 65 "-" "node-superagent/3.8.3"

info: ::ffff:127.0.0.1 - - [23/Jan/2022:17:59:51 +0000] "POST /api/v1/users/login HTTP/1.1" 200 190 "-" "node-superagent/3.8.3"

info: ::ffff:127.0.0.1 - - [23/Jan/2022:17:59:51 +0000] "POST /api/v1/users/login HTTP/1.1" 200 190 "-" "node-superagent/3.8.3"

info: ::ffff:127.0.0.1 - - [23/Jan/2022:17:59:51 +0000] "POST /api/v1/users/login HTTP/1.1" 200 190 "-" "node-superagent/3.8.3"

info: ::ffff:127.0.0.1 - - [23/Jan/2022:18:01:06 +0000] "POST /api/v1/users/login HTTP/1.1" 200 190 "-" "node-superagent/3.8.3"

info: ::ffff:127.0.0.1 - - [23/Jan/2022:18:01:06 +0000] "POST /api/v1/users/login HTTP/1.1" 200 190 "-" "node-superagent/3.8.3"

info: ::ffff:127.0.0.1 - - [23/Jan/2022:18:01:06 +0000] "POST /api/v1/notes HTTP/1.1" 201 307 "-" "node-superagent/3.8.3"

info: ::ffff:127.0.0.1 - - [23/Jan/2022:18:01:06 +0000] "GET /api/v1/notes HTTP/1.1" 200 65 "-" "node-superagent/3.8.3"

info: ::ffff:127.0.0.1 - - [23/Jan/2022:18:01:06 +0000] "POST /api/v1/users/login HTTP/1.1" 200 190 "-" "node-superagent/3.8.3"

info: ::ffff:127.0.0.1 - - [23/Jan/2022:18:01:06 +0000] "POST /api/v1/users/login HTTP/1.1" 200 190 "-" "node-superagent/3.8.3"

info: ::ffff:127.0.0.1 - - [23/Jan/2022:18:01:06 +0000] "POST /api/v1/users/login HTTP/1.1" 200 190 "-" "node-superagent/3.8.3"

info: ::ffff:127.0.0.1 - - [23/Jan/2022:18:01:11 +0000] "GET /api/v1/notes/archievedNotes HTTP/1.1" 200 50 "-" "node-superagent/3.8.3"

info: ::ffff:127.0.0.1 - - [23/Jan/2022:18:02:50 +0000] "POST /api/v1/users/login HTTP/1.1" 200 190 "-" "node-superagent/3.8.3"

info: ::ffff:127.0.0.1 - - [23/Jan/2022:18:02:50 +0000] "POST /api/v1/users/login HTTP/1.1" 200 190 "-" "node-superagent/3.8.3"

info: ::ffff:127.0.0.1 - - [23/Jan/2022:18:02:50 +0000] "GET /api/v1/notes HTTP/1.1" 200 65 "-" "node-superagent/3.8.3"

info: ::ffff:127.0.0.1 - - [23/Jan/2022:18:02:50 +0000] "POST /api/v1/users/login HTTP/1.1" 200 190 "-" "node-superagent/3.8.3"

info: ::ffff:127.0.0.1 - - [23/Jan/2022:18:02:50 +0000] "POST /api/v1/users/login HTTP/1.1" 200 190 "-" "node-superagent/3.8.3"

info: ::ffff:127.0.0.1 - - [23/Jan/2022:18:02:55 +0000] "GET /api/v1/notes/archievedNotes HTTP/1.1" 200 50 "-" "node-superagent/3.8.3"

info: ::ffff:127.0.0.1 - - [23/Jan/2022:18:02:55 +0000] "GET /api/v1/notes/trashedNotes HTTP/1.1" 200 308 "-" "node-superagent/3.8.3"

info: ::ffff:127.0.0.1 - - [23/Jan/2022:18:02:55 +0000] "PUT /api/v1/notes/61ed97e28c68b71f37283684 HTTP/1.1" 200 319 "-" "node-superagent/3.8.3"

info: ::ffff:127.0.0.1 - - [23/Jan/2022:18:04:53 +0000] "POST /api/v1/users/login HTTP/1.1" 200 190 "-" "node-superagent/3.8.3"

info: ::ffff:127.0.0.1 - - [23/Jan/2022:18:04:53 +0000] "POST /api/v1/users/login HTTP/1.1" 200 190 "-" "node-superagent/3.8.3"

info: ::ffff:127.0.0.1 - - [23/Jan/2022:18:04:54 +0000] "GET /api/v1/notes HTTP/1.1" 200 65 "-" "node-superagent/3.8.3"

info: ::ffff:127.0.0.1 - - [23/Jan/2022:18:04:54 +0000] "GET /api/v1/notes/archievedNotes HTTP/1.1" 200 50 "-" "node-superagent/3.8.3"

info: ::ffff:127.0.0.1 - - [23/Jan/2022:18:04:54 +0000] "GET /api/v1/notes/trashedNotes HTTP/1.1" 200 309 "-" "node-superagent/3.8.3"

info: ::ffff:127.0.0.1 - - [23/Jan/2022:18:04:54 +0000] "POST /api/v1/users/login HTTP/1.1" 200 190 "-" "node-superagent/3.8.3"

info: ::ffff:127.0.0.1 - - [23/Jan/2022:18:04:54 +0000] "POST /api/v1/users/login HTTP/1.1" 200 190 "-" "node-superagent/3.8.3"

info: ::ffff:127.0.0.1 - - [23/Jan/2022:18:04:54 +0000] "POST /api/v1/users/login HTTP/1.1" 200 190 "-" "node-superagent/3.8.3"

info: ::ffff:127.0.0.1 - - [23/Jan/2022:18:04:54 +0000] "POST /api/v1/users/login HTTP/1.1" 200 190 "-" "node-superagent/3.8.3"

info: ::ffff:127.0.0.1 - - [23/Jan/2022:18:04:59 +0000] "PUT /api/v1/notes/61ed97e28c68b71f37283684 HTTP/1.1" 200 319 "-" "node-superagent/3.8.3"

info: ::ffff:127.0.0.1 - - [23/Jan/2022:18:07:45 +0000] "POST /api/v1/users/login HTTP/1.1" 200 190 "-" "node-superagent/3.8.3"

info: ::ffff:127.0.0.1 - - [23/Jan/2022:18:07:45 +0000] "POST /api/v1/users/login HTTP/1.1" 200 190 "-" "node-superagent/3.8.3"

info: ::ffff:127.0.0.1 - - [23/Jan/2022:18:07:45 +0000] "GET /api/v1/notes HTTP/1.1" 200 65 "-" "node-superagent/3.8.3"

info: ::ffff:127.0.0.1 - - [23/Jan/2022:18:07:45 +0000] "GET /api/v1/notes/archievedNotes HTTP/1.1" 200 50 "-" "node-superagent/3.8.3"

info: ::ffff:127.0.0.1 - - [23/Jan/2022:18:07:45 +0000] "GET /api/v1/notes/trashedNotes HTTP/1.1" 200 309 "-" "node-superagent/3.8.3"

info: ::ffff:127.0.0.1 - - [23/Jan/2022:18:07:45 +0000] "POST /api/v1/users/login HTTP/1.1" 200 190 "-" "node-superagent/3.8.3"

info: ::ffff:127.0.0.1 - - [23/Jan/2022:18:07:45 +0000] "POST /api/v1/users/login HTTP/1.1" 200 190 "-" "node-superagent/3.8.3"

info: ::ffff:127.0.0.1 - - [23/Jan/2022:18:07:45 +0000] "POST /api/v1/users/login HTTP/1.1" 200 190 "-" "node-superagent/3.8.3"

info: ::ffff:127.0.0.1 - - [23/Jan/2022:18:07:45 +0000] "POST /api/v1/users/login HTTP/1.1" 200 190 "-" "node-superagent/3.8.3"

info: ::ffff:127.0.0.1 - - [23/Jan/2022:18:07:50 +0000] "PUT /api/v1/notes/61ed97e28c68b71f37283684 HTTP/1.1" 200 319 "-" "node-superagent/3.8.3"

info: ::ffff:127.0.0.1 - - [23/Jan/2022:18:09:15 +0000] "POST /api/v1/users/login HTTP/1.1" 200 190 "-" "node-superagent/3.8.3"

info: ::ffff:127.0.0.1 - - [23/Jan/2022:18:09:15 +0000] "POST /api/v1/users/login HTTP/1.1" 200 190 "-" "node-superagent/3.8.3"

info: ::ffff:127.0.0.1 - - [23/Jan/2022:18:09:15 +0000] "GET /api/v1/notes HTTP/1.1" 200 65 "-" "node-superagent/3.8.3"

info: ::ffff:127.0.0.1 - - [23/Jan/2022:18:09:15 +0000] "GET /api/v1/notes/archievedNotes HTTP/1.1" 200 50 "-" "node-superagent/3.8.3"

info: ::ffff:127.0.0.1 - - [23/Jan/2022:18:09:15 +0000] "GET /api/v1/notes/trashedNotes HTTP/1.1" 200 309 "-" "node-superagent/3.8.3"

info: ::ffff:127.0.0.1 - - [23/Jan/2022:18:09:15 +0000] "POST /api/v1/users/login HTTP/1.1" 200 190 "-" "node-superagent/3.8.3"

info: ::ffff:127.0.0.1 - - [23/Jan/2022:18:09:15 +0000] "POST /api/v1/users/login HTTP/1.1" 200 190 "-" "node-superagent/3.8.3"

info: ::ffff:127.0.0.1 - - [23/Jan/2022:18:09:15 +0000] "POST /api/v1/users/login HTTP/1.1" 200 190 "-" "node-superagent/3.8.3"

info: ::ffff:127.0.0.1 - - [23/Jan/2022:18:09:15 +0000] "POST /api/v1/users/login HTTP/1.1" 200 190 "-" "node-superagent/3.8.3"

info: ::ffff:127.0.0.1 - - [23/Jan/2022:18:09:20 +0000] "PUT /api/v1/notes/61ed97e28c68b71f37283684 HTTP/1.1" 200 319 "-" "node-superagent/3.8.3"

info: ::ffff:127.0.0.1 - - [23/Jan/2022:18:11:18 +0000] "POST /api/v1/users/login HTTP/1.1" 200 190 "-" "node-superagent/3.8.3"

info: ::ffff:127.0.0.1 - - [23/Jan/2022:18:11:18 +0000] "POST /api/v1/users/login HTTP/1.1" 200 190 "-" "node-superagent/3.8.3"

info: ::ffff:127.0.0.1 - - [23/Jan/2022:18:11:18 +0000] "GET /api/v1/notes HTTP/1.1" 200 65 "-" "node-superagent/3.8.3"

info: ::ffff:127.0.0.1 - - [23/Jan/2022:18:11:18 +0000] "GET /api/v1/notes/archievedNotes HTTP/1.1" 200 50 "-" "node-superagent/3.8.3"

info: ::ffff:127.0.0.1 - - [23/Jan/2022:18:11:18 +0000] "GET /api/v1/notes/trashedNotes HTTP/1.1" 200 309 "-" "node-superagent/3.8.3"

info: ::ffff:127.0.0.1 - - [23/Jan/2022:18:11:18 +0000] "GET /api/v1/notes/61ed97e28c68b71f37283684 HTTP/1.1" 200 321 "-" "node-superagent/3.8.3"

info: ::1 - - [23/Jan/2022:18:12:02 +0000] "GET /api/v1/notes/61e7a3f505aada86a6eeca81 HTTP/1.1" - - "-" "PostmanRuntime/7.28.4"

info: ::1 - - [23/Jan/2022:18:13:33 +0000] "GET /api/v1/notes/61e7a3f505aada86a6eeca81 HTTP/1.1" - - "-" "PostmanRuntime/7.28.4"

info: ::1 - - [23/Jan/2022:18:14:51 +0000] "GET /api/v1/notes/61e7a3f505aada86a6eeca81 HTTP/1.1" - - "-" "PostmanRuntime/7.28.4"

info: ::1 - - [23/Jan/2022:18:19:30 +0000] "GET /api/v1/notes/61e7a3f505aada86a6eeca81 HTTP/1.1" 200 366 "-" "PostmanRuntime/7.28.4"

info: ::1 - - [23/Jan/2022:18:20:32 +0000] "GET /api/v1/notes/61e7a3f505aada86a6eeca81 HTTP/1.1" 200 317 "-" "PostmanRuntime/7.28.4"

info: ::ffff:127.0.0.1 - - [23/Jan/2022:18:20:49 +0000] "POST /api/v1/users/login HTTP/1.1" 200 190 "-" "node-superagent/3.8.3"

info: ::ffff:127.0.0.1 - - [23/Jan/2022:18:20:49 +0000] "POST /api/v1/users/login HTTP/1.1" 200 190 "-" "node-superagent/3.8.3"

info: ::ffff:127.0.0.1 - - [23/Jan/2022:18:20:49 +0000] "GET /api/v1/notes HTTP/1.1" 200 65 "-" "node-superagent/3.8.3"

info: ::ffff:127.0.0.1 - - [23/Jan/2022:18:20:49 +0000] "GET /api/v1/notes/archievedNotes HTTP/1.1" 200 50 "-" "node-superagent/3.8.3"

info: ::ffff:127.0.0.1 - - [23/Jan/2022:18:20:49 +0000] "GET /api/v1/notes/trashedNotes HTTP/1.1" 200 309 "-" "node-superagent/3.8.3"

info: ::ffff:127.0.0.1 - - [23/Jan/2022:18:20:49 +0000] "GET /api/v1/notes/61ed97e28c68b71f37283684 HTTP/1.1" 200 321 "-" "node-superagent/3.8.3"

info: ::1 - - [23/Jan/2022:18:27:27 +0000] "GET /api-docs/ HTTP/1.1" 304 - "-" "Mozilla/5.0 (X11; Linux x86_64) AppleWebKit/537.36 (KHTML, like Gecko) Chrome/97.0.4692.99 Safari/537.36"

info: ::1 - - [23/Jan/2022:18:27:27 +0000] "GET /api-docs/swagger-ui-init.js HTTP/1.1" 200 10202 "-" "Mozilla/5.0 (X11; Linux x86_64) AppleWebKit/537.36 (KHTML, like Gecko) Chrome/97.0.4692.99 Safari/537.36"

info: ::1 - - [23/Jan/2022:18:27:27 +0000] "GET /api-docs/swagger-ui.css HTTP/1.1" 200 143858 "-" "Mozilla/5.0 (X11; Linux x86_64) AppleWebKit/537.36 (KHTML, like Gecko) Chrome/97.0.4692.99 Safari/537.36"

info: ::1 - - [23/Jan/2022:18:27:27 +0000] "GET /api-docs/swagger-ui-standalone-preset.js HTTP/1.1" 200 324275 "-" "Mozilla/5.0 (X11; Linux x86_64) AppleWebKit/537.36 (KHTML, like Gecko) Chrome/97.0.4692.99 Safari/537.36"

info: ::1 - - [23/Jan/2022:18:27:27 +0000] "GET /api-docs/swagger-ui-bundle.js HTTP/1.1" 200 1086481 "-" "Mozilla/5.0 (X11; Linux x86_64) AppleWebKit/537.36 (KHTML, like Gecko) Chrome/97.0.4692.99 Safari/537.36"

info: ::1 - - [23/Jan/2022:18:27:57 +0000] "POST /api/v1/users/login HTTP/1.1" 200 190 "-" "Mozilla/5.0 (X11; Linux x86_64) AppleWebKit/537.36 (KHTML, like Gecko) Chrome/97.0.4692.99 Safari/537.36"

info: ::1 - - [23/Jan/2022:18:29:12 +0000] "PUT /api/v1/notes/61e7a3f505aada86a6eeca81 HTTP/1.1" 200 318 "-" "Mozilla/5.0 (X11; Linux x86_64) AppleWebKit/537.36 (KHTML, like Gecko) Chrome/97.0.4692.99 Safari/537.36"

info: ::1 - - [23/Jan/2022:18:29:29 +0000] "GET /api-docs/ HTTP/1.1" 304 - "-" "Mozilla/5.0 (X11; Linux x86_64) AppleWebKit/537.36 (KHTML, like Gecko) Chrome/97.0.4692.99 Safari/537.36"

info: ::1 - - [23/Jan/2022:18:29:29 +0000] "GET /api-docs/swagger-ui.css HTTP/1.1" 304 - "-" "Mozilla/5.0 (X11; Linux x86_64) AppleWebKit/537.36 (KHTML, like Gecko) Chrome/97.0.4692.99 Safari/537.36"

info: ::1 - - [23/Jan/2022:18:29:29 +0000] "GET /api-docs/swagger-ui-bundle.js HTTP/1.1" 304 - "-" "Mozilla/5.0 (X11; Linux x86_64) AppleWebKit/537.36 (KHTML, like Gecko) Chrome/97.0.4692.99 Safari/537.36"

info: ::1 - - [23/Jan/2022:18:29:29 +0000] "GET /api-docs/swagger-ui-init.js HTTP/1.1" 304 - "-" "Mozilla/5.0 (X11; Linux x86_64) AppleWebKit/537.36 (KHTML, like Gecko) Chrome/97.0.4692.99 Safari/537.36"

info: ::1 - - [23/Jan/2022:18:29:29 +0000] "GET /api-docs/swagger-ui-standalone-preset.js HTTP/1.1" 304 - "-" "Mozilla/5.0 (X11; Linux x86_64) AppleWebKit/537.36 (KHTML, like Gecko) Chrome/97.0.4692.99 Safari/537.36"

info: ::1 - - [23/Jan/2022:18:29:30 +0000] "GET /api-docs/favicon-32x32.png HTTP/1.1" 304 - "-" "Mozilla/5.0 (X11; Linux x86_64) AppleWebKit/537.36 (KHTML, like Gecko) Chrome/97.0.4692.99 Safari/537.36"

