info: ::1 - - [10/Jan/2022:04:45:24 +0000] "POST /api/v1/register HTTP/1.1" 500 56 "-" "PostmanRuntime/7.28.4"

info: ::1 - - [10/Jan/2022:04:46:08 +0000] "POST /api/v1/register HTTP/1.1" 201 178 "-" "PostmanRuntime/7.28.4"

info: ::1 - - [10/Jan/2022:04:46:41 +0000] "POST /api/v1/register HTTP/1.1" 201 335 "-" "PostmanRuntime/7.28.4"

info: ::1 - - [10/Jan/2022:04:54:01 +0000] "POST /api/v1/login HTTP/1.1" 500 53 "-" "PostmanRuntime/7.28.4"

info: ::1 - - [10/Jan/2022:04:54:23 +0000] "POST /api/v1/login HTTP/1.1" 201 117 "-" "PostmanRuntime/7.28.4"

info: ::1 - - [10/Jan/2022:04:55:42 +0000] "POST /api/v1/register HTTP/1.1" 201 331 "-" "PostmanRuntime/7.28.4"

info: ::1 - - [10/Jan/2022:04:57:51 +0000] "POST /api/v1/login HTTP/1.1" 500 62 "-" "PostmanRuntime/7.28.4"

info: ::1 - - [10/Jan/2022:04:58:06 +0000] "POST /api/v1/login HTTP/1.1" 201 117 "-" "PostmanRuntime/7.28.4"

info: ::1 - - [10/Jan/2022:06:22:58 +0000] "POST /api/v1/login HTTP/1.1" 201 117 "-" "PostmanRuntime/7.28.4"

info: ::1 - - [10/Jan/2022:06:23:04 +0000] "POST /api/v1/login HTTP/1.1" 201 32 "-" "PostmanRuntime/7.28.4"

info: ::1 - - [10/Jan/2022:06:53:30 +0000] "POST /api/v1/login HTTP/1.1" 201 147 "-" "PostmanRuntime/7.28.4"

info: ::1 - - [10/Jan/2022:07:50:28 +0000] "POST /api/v1/login HTTP/1.1" 201 147 "-" "PostmanRuntime/7.28.4"

info: ::1 - - [10/Jan/2022:07:50:33 +0000] "POST /api/v1/login HTTP/1.1" 201 62 "-" "PostmanRuntime/7.28.4"

info: ::1 - - [10/Jan/2022:07:51:38 +0000] "POST /api/v1/login HTTP/1.1" 500 55 "-" "PostmanRuntime/7.28.4"

info: ::1 - - [10/Jan/2022:07:52:08 +0000] "POST /api/v1/login HTTP/1.1" 500 55 "-" "PostmanRuntime/7.28.4"

info: ::1 - - [10/Jan/2022:07:52:19 +0000] "POST /api/v1/login HTTP/1.1" 500 55 "-" "PostmanRuntime/7.28.4"

info: ::1 - - [10/Jan/2022:07:52:28 +0000] "POST /api/v1/login HTTP/1.1" 201 147 "-" "PostmanRuntime/7.28.4"

info: ::1 - - [10/Jan/2022:07:52:32 +0000] "POST /api/v1/login HTTP/1.1" 500 55 "-" "PostmanRuntime/7.28.4"

info: ::1 - - [10/Jan/2022:09:32:07 +0000] "POST /api/v1/login HTTP/1.1" 201 147 "-" "PostmanRuntime/7.28.4"

info: ::1 - - [10/Jan/2022:09:34:20 +0000] "POST /api/v1/addNote HTTP/1.1" 201 301 "-" "PostmanRuntime/7.28.4"

info: ::1 - - [10/Jan/2022:09:35:34 +0000] "POST /api/v1/addNote HTTP/1.1" 400 31 "-" "PostmanRuntime/7.28.4"

info: ::1 - - [10/Jan/2022:09:45:27 +0000] "POST /api/v1/login HTTP/1.1" 500 55 "-" "PostmanRuntime/7.28.4"

info: ::1 - - [10/Jan/2022:09:45:40 +0000] "POST /api/v1/login HTTP/1.1" 201 147 "-" "PostmanRuntime/7.28.4"

info: ::1 - - [10/Jan/2022:09:46:15 +0000] "POST /api/v1/addNote HTTP/1.1" 201 306 "-" "PostmanRuntime/7.28.4"

info: ::1 - - [10/Jan/2022:09:47:12 +0000] "POST /api/v1/addNote HTTP/1.1" 400 31 "-" "PostmanRuntime/7.28.4"

info: ::1 - - [10/Jan/2022:09:47:20 +0000] "POST /api/v1/addNote HTTP/1.1" 201 306 "-" "PostmanRuntime/7.28.4"

info: ::1 - - [10/Jan/2022:11:21:39 +0000] "GET /api/v1/getNotes HTTP/1.1" 500 130 "-" "PostmanRuntime/7.28.4"

info: ::1 - - [10/Jan/2022:11:22:48 +0000] "POST /api/v1/login HTTP/1.1" 201 147 "-" "PostmanRuntime/7.28.4"

info: ::1 - - [10/Jan/2022:11:23:22 +0000] "POST /api/v1/addNotes HTTP/1.1" 404 47 "-" "PostmanRuntime/7.28.4"

info: ::1 - - [10/Jan/2022:11:23:26 +0000] "POST /api/v1/addNote HTTP/1.1" 201 306 "-" "PostmanRuntime/7.28.4"

info: ::1 - - [10/Jan/2022:11:23:36 +0000] "GET /api/v1/getNotes HTTP/1.1" 500 130 "-" "PostmanRuntime/7.28.4"

info: ::1 - - [10/Jan/2022:11:31:15 +0000] "GET /api/v1/getNotes HTTP/1.1" 500 130 "-" "PostmanRuntime/7.28.4"

info: ::1 - - [10/Jan/2022:11:32:07 +0000] "GET /api/v1/getNotes HTTP/1.1" 500 130 "-" "PostmanRuntime/7.28.4"

info: ::1 - - [10/Jan/2022:11:40:24 +0000] "POST /api/v1/login HTTP/1.1" 201 147 "-" "PostmanRuntime/7.28.4"

info: ::1 - - [10/Jan/2022:11:41:02 +0000] "POST /api/v1/addNote HTTP/1.1" 201 306 "-" "PostmanRuntime/7.28.4"

info: ::1 - - [10/Jan/2022:11:41:40 +0000] "GET /api/v1/getNotes HTTP/1.1" 500 130 "-" "PostmanRuntime/7.28.4"

info: ::1 - - [10/Jan/2022:11:42:36 +0000] "GET /api/v1/getNotes HTTP/1.1" 500 130 "-" "PostmanRuntime/7.28.4"

info: ::1 - - [10/Jan/2022:11:43:46 +0000] "GET /api/v1/getNotes HTTP/1.1" 500 130 "-" "PostmanRuntime/7.28.4"

info: ::1 - - [10/Jan/2022:11:45:23 +0000] "GET /api/v1/getNotes HTTP/1.1" 500 130 "-" "PostmanRuntime/7.28.4"

info: ::1 - - [10/Jan/2022:11:55:16 +0000] "POST /api/v1/register HTTP/1.1" 201 331 "-" "PostmanRuntime/7.28.4"

info: ::1 - - [10/Jan/2022:11:55:52 +0000] "POST /api/v1/login HTTP/1.1" 201 147 "-" "PostmanRuntime/7.28.4"

info: ::1 - - [10/Jan/2022:11:57:05 +0000] "POST /api/v1/addNote HTTP/1.1" 201 306 "-" "PostmanRuntime/7.28.4"

info: ::1 - - [10/Jan/2022:11:57:27 +0000] "GET /api/v1/getNotes HTTP/1.1" 500 130 "-" "PostmanRuntime/7.28.4"

info: ::1 - - [10/Jan/2022:12:00:25 +0000] "GET /api/v1/getNotes HTTP/1.1" 500 130 "-" "PostmanRuntime/7.28.4"

info: ::1 - - [10/Jan/2022:12:02:34 +0000] "GET /api/v1/getNotes HTTP/1.1" 500 130 "-" "PostmanRuntime/7.28.4"

info: ::1 - - [10/Jan/2022:12:02:49 +0000] "GET /api/v1/getNotes HTTP/1.1" 200 324 "-" "PostmanRuntime/7.28.4"

info: ::1 - - [10/Jan/2022:12:03:12 +0000] "GET /api/v1/getNotes HTTP/1.1" 200 324 "-" "PostmanRuntime/7.28.4"

info: ::1 - - [10/Jan/2022:12:06:34 +0000] "POST /api/v1/addNote HTTP/1.1" 201 312 "-" "PostmanRuntime/7.28.4"

info: ::1 - - [10/Jan/2022:12:06:57 +0000] "GET /api/v1/getNotes HTTP/1.1" 200 590 "-" "PostmanRuntime/7.28.4"

info: ::1 - - [10/Jan/2022:12:08:40 +0000] "POST /api/v1/addNote HTTP/1.1" 201 305 "-" "PostmanRuntime/7.28.4"

info: ::1 - - [10/Jan/2022:12:16:13 +0000] "POST /api/v1/register HTTP/1.1" 201 335 "-" "PostmanRuntime/7.28.4"

info: ::1 - - [10/Jan/2022:12:16:53 +0000] "POST /api/v1/login HTTP/1.1" 201 147 "-" "PostmanRuntime/7.28.4"

info: ::1 - - [10/Jan/2022:12:17:47 +0000] "POST /api/v1/addNote HTTP/1.1" 201 308 "-" "PostmanRuntime/7.28.4"

info: ::1 - - [10/Jan/2022:12:18:04 +0000] "POST /api/v1/getNotes HTTP/1.1" 404 47 "-" "PostmanRuntime/7.28.4"

info: ::1 - - [10/Jan/2022:12:18:17 +0000] "GET /api/v1/getNotes HTTP/1.1" 200 1111 "-" "PostmanRuntime/7.28.4"

info: ::1 - - [10/Jan/2022:13:18:05 +0000] "GET /api/v1/user/getNotes HTTP/1.1" 200 1111 "-" "PostmanRuntime/7.28.4"

info: ::1 - - [10/Jan/2022:13:35:38 +0000] "GET /api/v1/user/getNotes HTTP/1.1" 500 77 "-" "PostmanRuntime/7.28.4"

info: ::1 - - [10/Jan/2022:13:35:59 +0000] "GET /api/v1/user/getNotes HTTP/1.1" 500 77 "-" "PostmanRuntime/7.28.4"

info: ::1 - - [10/Jan/2022:13:37:01 +0000] "GET /api/v1/user/getNotes HTTP/1.1" 500 77 "-" "PostmanRuntime/7.28.4"

info: ::1 - - [10/Jan/2022:13:37:04 +0000] "GET /api/v1/user/getNotes HTTP/1.1" 500 77 "-" "PostmanRuntime/7.28.4"

info: ::1 - - [10/Jan/2022:13:38:59 +0000] "GET /api/v1/user/getNotes HTTP/1.1" 200 322 "-" "PostmanRuntime/7.28.4"

info: ::1 - - [10/Jan/2022:13:39:59 +0000] "GET /api/v1/user/getNotes HTTP/1.1" 200 321 "-" "PostmanRuntime/7.28.4"

info: ::1 - - [10/Jan/2022:13:41:06 +0000] "GET /api/v1/user/getNotes HTTP/1.1" 200 585 "-" "PostmanRuntime/7.28.4"

info: ::1 - - [10/Jan/2022:15:11:06 +0000] "GET /api/v1/user/singleNote HTTP/1.1" 200 50 "-" "PostmanRuntime/7.28.4"

info: ::1 - - [10/Jan/2022:15:12:26 +0000] "GET /api/v1/user/singleNote HTTP/1.1" 200 318 "-" "PostmanRuntime/7.28.4"

info: ::1 - - [10/Jan/2022:16:01:10 +0000] "POST /api/v1/register HTTP/1.1" 500 61 "-" "PostmanRuntime/7.28.4"

info: ::1 - - [10/Jan/2022:16:01:19 +0000] "POST /api/v1/register HTTP/1.1" 201 328 "-" "PostmanRuntime/7.28.4"

