info: ::1 - - [24/Jan/2022:02:41:26 +0000] "POST /api/v1/users/login HTTP/1.1" 200 190 "-" "PostmanRuntime/7.28.4"

info: ::1 - - [24/Jan/2022:02:42:36 +0000] "GET /api/v1/notes HTTP/1.1" 200 629 "-" "PostmanRuntime/7.28.4"

info: ::1 - - [24/Jan/2022:02:45:59 +0000] "GET /api/v1/notes HTTP/1.1" 200 629 "-" "PostmanRuntime/7.28.4"

info: ::1 - - [24/Jan/2022:02:47:24 +0000] "GET /api/v1/notes HTTP/1.1" 200 629 "-" "PostmanRuntime/7.28.4"

info: ::1 - - [24/Jan/2022:02:51:24 +0000] "GET /api/v1/notes HTTP/1.1" 200 629 "-" "PostmanRuntime/7.28.4"

info: ::1 - - [24/Jan/2022:02:52:57 +0000] "GET /api/v1/notes HTTP/1.1" 200 629 "-" "PostmanRuntime/7.28.4"

info: ::1 - - [24/Jan/2022:03:12:23 +0000] "POST /api/v1/users/login HTTP/1.1" 200 190 "-" "PostmanRuntime/7.28.4"

info: ::1 - - [24/Jan/2022:03:12:46 +0000] "POST /api/v1/notes HTTP/1.1" 201 203 "-" "PostmanRuntime/7.28.4"

info: ::1 - - [24/Jan/2022:03:13:14 +0000] "GET /api/v1/notes HTTP/1.1" 200 629 "-" "PostmanRuntime/7.28.4"

info: ::1 - - [24/Jan/2022:03:14:02 +0000] "GET /api/v1/notes/archievedNotes HTTP/1.1" 200 583 "-" "PostmanRuntime/7.28.4"

info: ::1 - - [24/Jan/2022:03:14:18 +0000] "GET /api/v1/notes/trashedNotes HTTP/1.1" 200 862 "-" "PostmanRuntime/7.28.4"

info: ::1 - - [24/Jan/2022:03:14:46 +0000] "GET /api/v1/notes HTTP/1.1" 200 629 "-" "PostmanRuntime/7.28.4"

info: ::1 - - [24/Jan/2022:03:14:57 +0000] "GET /api/v1/notes HTTP/1.1" 200 629 "-" "PostmanRuntime/7.28.4"

info: ::1 - - [24/Jan/2022:05:36:10 +0000] "GET /api-docs/ HTTP/1.1" 304 - "-" "Mozilla/5.0 (X11; Linux x86_64) AppleWebKit/537.36 (KHTML, like Gecko) Chrome/97.0.4692.99 Safari/537.36"

info: ::1 - - [24/Jan/2022:05:36:10 +0000] "GET /api-docs/swagger-ui-standalone-preset.js HTTP/1.1" 304 - "-" "Mozilla/5.0 (X11; Linux x86_64) AppleWebKit/537.36 (KHTML, like Gecko) Chrome/97.0.4692.99 Safari/537.36"

info: ::1 - - [24/Jan/2022:05:36:10 +0000] "GET /api-docs/swagger-ui.css HTTP/1.1" 304 - "-" "Mozilla/5.0 (X11; Linux x86_64) AppleWebKit/537.36 (KHTML, like Gecko) Chrome/97.0.4692.99 Safari/537.36"

info: ::1 - - [24/Jan/2022:05:36:10 +0000] "GET /api-docs/swagger-ui-init.js HTTP/1.1" 304 - "-" "Mozilla/5.0 (X11; Linux x86_64) AppleWebKit/537.36 (KHTML, like Gecko) Chrome/97.0.4692.99 Safari/537.36"

info: ::1 - - [24/Jan/2022:05:36:10 +0000] "GET /api-docs/swagger-ui-bundle.js HTTP/1.1" 304 - "-" "Mozilla/5.0 (X11; Linux x86_64) AppleWebKit/537.36 (KHTML, like Gecko) Chrome/97.0.4692.99 Safari/537.36"

info: ::1 - - [24/Jan/2022:05:36:10 +0000] "GET /api-docs/favicon-32x32.png HTTP/1.1" 304 - "-" "Mozilla/5.0 (X11; Linux x86_64) AppleWebKit/537.36 (KHTML, like Gecko) Chrome/97.0.4692.99 Safari/537.36"

info: ::1 - - [24/Jan/2022:05:44:07 +0000] "GET /api-docs/ HTTP/1.1" 304 - "-" "Mozilla/5.0 (X11; Linux x86_64) AppleWebKit/537.36 (KHTML, like Gecko) Chrome/97.0.4692.99 Safari/537.36"

info: ::1 - - [24/Jan/2022:05:44:07 +0000] "GET /api-docs/swagger-ui.css HTTP/1.1" 304 - "-" "Mozilla/5.0 (X11; Linux x86_64) AppleWebKit/537.36 (KHTML, like Gecko) Chrome/97.0.4692.99 Safari/537.36"

info: ::1 - - [24/Jan/2022:05:44:07 +0000] "GET /api-docs/swagger-ui-bundle.js HTTP/1.1" 304 - "-" "Mozilla/5.0 (X11; Linux x86_64) AppleWebKit/537.36 (KHTML, like Gecko) Chrome/97.0.4692.99 Safari/537.36"

info: ::1 - - [24/Jan/2022:05:44:07 +0000] "GET /api-docs/swagger-ui-standalone-preset.js HTTP/1.1" 304 - "-" "Mozilla/5.0 (X11; Linux x86_64) AppleWebKit/537.36 (KHTML, like Gecko) Chrome/97.0.4692.99 Safari/537.36"

info: ::1 - - [24/Jan/2022:05:44:07 +0000] "GET /api-docs/swagger-ui-init.js HTTP/1.1" 200 10143 "-" "Mozilla/5.0 (X11; Linux x86_64) AppleWebKit/537.36 (KHTML, like Gecko) Chrome/97.0.4692.99 Safari/537.36"

info: ::1 - - [24/Jan/2022:05:44:07 +0000] "GET /api-docs/favicon-32x32.png HTTP/1.1" 304 - "-" "Mozilla/5.0 (X11; Linux x86_64) AppleWebKit/537.36 (KHTML, like Gecko) Chrome/97.0.4692.99 Safari/537.36"

info: ::1 - - [24/Jan/2022:05:53:24 +0000] "GET /api-docs/ HTTP/1.1" 304 - "-" "Mozilla/5.0 (X11; Linux x86_64) AppleWebKit/537.36 (KHTML, like Gecko) Chrome/97.0.4692.99 Safari/537.36"

info: ::1 - - [24/Jan/2022:05:53:24 +0000] "GET /api-docs/swagger-ui-init.js HTTP/1.1" 200 11687 "-" "Mozilla/5.0 (X11; Linux x86_64) AppleWebKit/537.36 (KHTML, like Gecko) Chrome/97.0.4692.99 Safari/537.36"

info: ::1 - - [24/Jan/2022:05:53:24 +0000] "GET /api-docs/swagger-ui.css HTTP/1.1" 304 - "-" "Mozilla/5.0 (X11; Linux x86_64) AppleWebKit/537.36 (KHTML, like Gecko) Chrome/97.0.4692.99 Safari/537.36"

info: ::1 - - [24/Jan/2022:05:53:24 +0000] "GET /api-docs/swagger-ui-bundle.js HTTP/1.1" 304 - "-" "Mozilla/5.0 (X11; Linux x86_64) AppleWebKit/537.36 (KHTML, like Gecko) Chrome/97.0.4692.99 Safari/537.36"

info: ::1 - - [24/Jan/2022:05:53:24 +0000] "GET /api-docs/swagger-ui-standalone-preset.js HTTP/1.1" 304 - "-" "Mozilla/5.0 (X11; Linux x86_64) AppleWebKit/537.36 (KHTML, like Gecko) Chrome/97.0.4692.99 Safari/537.36"

info: ::1 - - [24/Jan/2022:05:53:25 +0000] "GET /api-docs/favicon-32x32.png HTTP/1.1" 304 - "-" "Mozilla/5.0 (X11; Linux x86_64) AppleWebKit/537.36 (KHTML, like Gecko) Chrome/97.0.4692.99 Safari/537.36"

info: ::1 - - [24/Jan/2022:05:53:57 +0000] "POST /api/v1/users/login HTTP/1.1" 200 190 "-" "Mozilla/5.0 (X11; Linux x86_64) AppleWebKit/537.36 (KHTML, like Gecko) Chrome/97.0.4692.99 Safari/537.36"

info: ::1 - - [24/Jan/2022:05:54:22 +0000] "GET /api/v1/notes/archievedNotes HTTP/1.1" 200 583 "-" "Mozilla/5.0 (X11; Linux x86_64) AppleWebKit/537.36 (KHTML, like Gecko) Chrome/97.0.4692.99 Safari/537.36"

info: ::1 - - [24/Jan/2022:05:54:40 +0000] "GET /api/v1/notes/trashedNotes HTTP/1.1" 200 862 "-" "Mozilla/5.0 (X11; Linux x86_64) AppleWebKit/537.36 (KHTML, like Gecko) Chrome/97.0.4692.99 Safari/537.36"

info: ::1 - - [24/Jan/2022:05:54:49 +0000] "GET /api-docs/ HTTP/1.1" 304 - "-" "Mozilla/5.0 (X11; Linux x86_64) AppleWebKit/537.36 (KHTML, like Gecko) Chrome/97.0.4692.99 Safari/537.36"

info: ::1 - - [24/Jan/2022:05:54:49 +0000] "GET /api-docs/swagger-ui.css HTTP/1.1" 304 - "-" "Mozilla/5.0 (X11; Linux x86_64) AppleWebKit/537.36 (KHTML, like Gecko) Chrome/97.0.4692.99 Safari/537.36"

info: ::1 - - [24/Jan/2022:05:54:49 +0000] "GET /api-docs/swagger-ui-init.js HTTP/1.1" 304 - "-" "Mozilla/5.0 (X11; Linux x86_64) AppleWebKit/537.36 (KHTML, like Gecko) Chrome/97.0.4692.99 Safari/537.36"

info: ::1 - - [24/Jan/2022:05:54:49 +0000] "GET /api-docs/swagger-ui-bundle.js HTTP/1.1" 304 - "-" "Mozilla/5.0 (X11; Linux x86_64) AppleWebKit/537.36 (KHTML, like Gecko) Chrome/97.0.4692.99 Safari/537.36"

info: ::1 - - [24/Jan/2022:05:54:49 +0000] "GET /api-docs/swagger-ui-standalone-preset.js HTTP/1.1" 304 - "-" "Mozilla/5.0 (X11; Linux x86_64) AppleWebKit/537.36 (KHTML, like Gecko) Chrome/97.0.4692.99 Safari/537.36"

info: ::1 - - [24/Jan/2022:05:54:49 +0000] "GET /api-docs/favicon-32x32.png HTTP/1.1" 304 - "-" "Mozilla/5.0 (X11; Linux x86_64) AppleWebKit/537.36 (KHTML, like Gecko) Chrome/97.0.4692.99 Safari/537.36"

info: ::1 - - [24/Jan/2022:06:17:43 +0000] "GET /api-docs/ HTTP/1.1" 304 - "-" "Mozilla/5.0 (X11; Linux x86_64) AppleWebKit/537.36 (KHTML, like Gecko) Chrome/97.0.4692.99 Safari/537.36"

info: ::1 - - [24/Jan/2022:06:17:43 +0000] "GET /api-docs/swagger-ui.css HTTP/1.1" 304 - "-" "Mozilla/5.0 (X11; Linux x86_64) AppleWebKit/537.36 (KHTML, like Gecko) Chrome/97.0.4692.99 Safari/537.36"

info: ::1 - - [24/Jan/2022:06:17:43 +0000] "GET /api-docs/swagger-ui-bundle.js HTTP/1.1" 304 - "-" "Mozilla/5.0 (X11; Linux x86_64) AppleWebKit/537.36 (KHTML, like Gecko) Chrome/97.0.4692.99 Safari/537.36"

info: ::1 - - [24/Jan/2022:06:17:43 +0000] "GET /api-docs/swagger-ui-init.js HTTP/1.1" 304 - "-" "Mozilla/5.0 (X11; Linux x86_64) AppleWebKit/537.36 (KHTML, like Gecko) Chrome/97.0.4692.99 Safari/537.36"

info: ::1 - - [24/Jan/2022:06:17:43 +0000] "GET /api-docs/swagger-ui-standalone-preset.js HTTP/1.1" 304 - "-" "Mozilla/5.0 (X11; Linux x86_64) AppleWebKit/537.36 (KHTML, like Gecko) Chrome/97.0.4692.99 Safari/537.36"

info: ::1 - - [24/Jan/2022:06:17:43 +0000] "GET /api-docs/favicon-32x32.png HTTP/1.1" 304 - "-" "Mozilla/5.0 (X11; Linux x86_64) AppleWebKit/537.36 (KHTML, like Gecko) Chrome/97.0.4692.99 Safari/537.36"

