info: ::1 - - [12/Jan/2022:01:23:45 +0000] "PUT /api/v1/user/update/61dd1d7dcfa9c7222d92791f HTTP/1.1" 500 73 "-" "PostmanRuntime/7.28.4"

info: ::1 - - [12/Jan/2022:01:24:38 +0000] "PUT /api/v1/user/update/61dc21c86ebd07cc3214d57c HTTP/1.1" 500 73 "-" "PostmanRuntime/7.28.4"

info: ::1 - - [12/Jan/2022:01:25:02 +0000] "PUT /api/v1/user/update/61dd5d5e11f20548dd8dbeb1 HTTP/1.1" 500 73 "-" "PostmanRuntime/7.28.4"

info: ::1 - - [12/Jan/2022:01:25:21 +0000] "GET /api/v1/user/getNotes HTTP/1.1" 200 65 "-" "PostmanRuntime/7.28.4"

info: ::1 - - [12/Jan/2022:01:28:00 +0000] "GET /api/v1/user/getNotes HTTP/1.1" 200 65 "-" "PostmanRuntime/7.28.4"

info: ::1 - - [12/Jan/2022:01:28:08 +0000] "GET /api/v1/user/getNotes HTTP/1.1" 200 65 "-" "PostmanRuntime/7.28.4"

info: ::1 - - [12/Jan/2022:01:28:14 +0000] "GET /api/v1/user/getNotes HTTP/1.1" 400 31 "-" "PostmanRuntime/7.28.4"

info: ::1 - - [12/Jan/2022:01:28:18 +0000] "GET /api/v1/user/getNotes HTTP/1.1" 200 65 "-" "PostmanRuntime/7.28.4"

info: ::1 - - [12/Jan/2022:01:28:31 +0000] "GET /api/v1/user/deletedNotes HTTP/1.1" 200 1153 "-" "PostmanRuntime/7.28.4"

info: ::1 - - [12/Jan/2022:01:28:43 +0000] "GET /api/v1/user/archievedNotes HTTP/1.1" 200 874 "-" "PostmanRuntime/7.28.4"

info: ::1 - - [12/Jan/2022:01:29:51 +0000] "GET /api/v1/user/getNotes HTTP/1.1" 200 1170 "-" "PostmanRuntime/7.28.4"

info: ::1 - - [12/Jan/2022:01:31:29 +0000] "PUT /api/v1/user/update/61dd1d7dcfa9c7222d92791f HTTP/1.1" 500 73 "-" "PostmanRuntime/7.28.4"

info: ::1 - - [12/Jan/2022:01:36:21 +0000] "PUT /api/v1/user/update/61dd1d7dcfa9c7222d92791f HTTP/1.1" 500 73 "-" "PostmanRuntime/7.28.4"

info: ::1 - - [12/Jan/2022:01:39:13 +0000] "PUT /api/v1/user/update/61dd1d7dcfa9c7222d92791f HTTP/1.1" 500 73 "-" "PostmanRuntime/7.28.4"

info: ::1 - - [12/Jan/2022:01:40:10 +0000] "PUT /api/v1/user/update/61dd1d7dcfa9c7222d92791f HTTP/1.1" 500 73 "-" "PostmanRuntime/7.28.4"

info: ::1 - - [12/Jan/2022:01:41:10 +0000] "PUT /api/v1/user/update/61dd1d7dcfa9c7222d92791f HTTP/1.1" 500 82 "-" "PostmanRuntime/7.28.4"

info: ::1 - - [12/Jan/2022:01:43:41 +0000] "PUT /api/v1/user/update/61dd1d7dcfa9c7222d92791f HTTP/1.1" 500 80 "-" "PostmanRuntime/7.28.4"

info: ::1 - - [12/Jan/2022:01:43:59 +0000] "PUT /api/v1/user/update/61dd1d7dcfa9c7222d92791f HTTP/1.1" 500 73 "-" "PostmanRuntime/7.28.4"

info: ::1 - - [12/Jan/2022:01:44:44 +0000] "PUT /api/v1/user/update/61dd1d7dcfa9c7222d92791f HTTP/1.1" 200 316 "-" "PostmanRuntime/7.28.4"

info: ::1 - - [12/Jan/2022:01:45:47 +0000] "PUT /api/v1/user/update/61dd1d7dcfa9c7222d92791f HTTP/1.1" 500 76 "-" "PostmanRuntime/7.28.4"

info: ::1 - - [12/Jan/2022:01:47:14 +0000] "PUT /api/v1/user/update/61dd1d7dcfa9c7222d92791f HTTP/1.1" 500 76 "-" "PostmanRuntime/7.28.4"

info: ::1 - - [12/Jan/2022:01:48:18 +0000] "PUT /api/v1/user/update/61dd1d7dcfa9c7222d92791f HTTP/1.1" 500 76 "-" "PostmanRuntime/7.28.4"

info: ::1 - - [12/Jan/2022:01:50:46 +0000] "PUT /api/v1/user/update/61dd1d7dcfa9c7222d92791f HTTP/1.1" 200 308 "-" "PostmanRuntime/7.28.4"

info: ::1 - - [12/Jan/2022:01:51:18 +0000] "PUT /api/v1/user/update/61dd1d7dcfa9c7222d92791f HTTP/1.1" 200 308 "-" "PostmanRuntime/7.28.4"

info: ::1 - - [12/Jan/2022:01:52:20 +0000] "PUT /api/v1/user/update/61dd1d7dcfa9c7222d92791f HTTP/1.1" 500 76 "-" "PostmanRuntime/7.28.4"

info: ::1 - - [12/Jan/2022:01:52:34 +0000] "PUT /api/v1/user/update/61dd1d7dcfa9c7222d92791f HTTP/1.1" 500 76 "-" "PostmanRuntime/7.28.4"

info: ::1 - - [12/Jan/2022:01:52:46 +0000] "PUT /api/v1/user/update/61dd1d7dcfa9c7222d92791f HTTP/1.1" 200 308 "-" "PostmanRuntime/7.28.4"

info: ::1 - - [12/Jan/2022:01:54:55 +0000] "PUT /api/v1/user/update/61dd1d7dcfa9c7222d92791f HTTP/1.1" 500 76 "-" "PostmanRuntime/7.28.4"

info: ::1 - - [12/Jan/2022:01:55:07 +0000] "PUT /api/v1/user/update/61dd1d7dcfa9c7222d92791f HTTP/1.1" 500 76 "-" "PostmanRuntime/7.28.4"

info: ::1 - - [12/Jan/2022:01:58:31 +0000] "PUT /api/v1/user/update/61dd1d7dcfa9c7222d92791f HTTP/1.1" 500 83 "-" "PostmanRuntime/7.28.4"

info: ::1 - - [12/Jan/2022:02:01:36 +0000] "PUT /api/v1/user/update/61dd1d7dcfa9c7222d92791f HTTP/1.1" 200 308 "-" "PostmanRuntime/7.28.4"

info: ::1 - - [12/Jan/2022:02:02:50 +0000] "PUT /api/v1/user/update/61dd1d7dcfa9c7222d92791f HTTP/1.1" 200 308 "-" "PostmanRuntime/7.28.4"

info: ::1 - - [12/Jan/2022:02:04:38 +0000] "PUT /api/v1/user/update/61dd1d7dcfa9c7222d92791f HTTP/1.1" 200 308 "-" "PostmanRuntime/7.28.4"

info: ::1 - - [12/Jan/2022:02:05:33 +0000] "PUT /api/v1/user/update/61dd1d7dcfa9c7222d92791f HTTP/1.1" 200 308 "-" "PostmanRuntime/7.28.4"

info: ::1 - - [12/Jan/2022:02:07:03 +0000] "PUT /api/v1/user/update/61dd1d7dcfa9c7222d92791f HTTP/1.1" 500 75 "-" "PostmanRuntime/7.28.4"

info: ::1 - - [12/Jan/2022:02:07:23 +0000] "PUT /api/v1/user/update/61dd1d7dcfa9c7222d92791f HTTP/1.1" 500 75 "-" "PostmanRuntime/7.28.4"

info: ::1 - - [12/Jan/2022:02:07:43 +0000] "PUT /api/v1/user/update/61dd1d7dcfa9c7222d92791f HTTP/1.1" 200 308 "-" "PostmanRuntime/7.28.4"

info: ::1 - - [12/Jan/2022:02:10:03 +0000] "PUT /api/v1/user/update/61dd1d7dcfa9c7222d92791f HTTP/1.1" 200 308 "-" "PostmanRuntime/7.28.4"

info: ::1 - - [12/Jan/2022:02:10:13 +0000] "PUT /api/v1/user/update/61dd1d7dcfa9c7222d92791f HTTP/1.1" 200 308 "-" "PostmanRuntime/7.28.4"

info: ::1 - - [12/Jan/2022:02:14:05 +0000] "PUT /api/v1/user/update/61dd1d7dcfa9c7222d92791f HTTP/1.1" 200 321 "-" "PostmanRuntime/7.28.4"

info: ::1 - - [12/Jan/2022:02:14:36 +0000] "PUT /api/v1/user/update/61dd1d7dcfa9c7222d92791f HTTP/1.1" 200 321 "-" "PostmanRuntime/7.28.4"

info: ::1 - - [12/Jan/2022:02:14:54 +0000] "PUT /api/v1/user/update/61dd1d7dcfa9c7222d92791f HTTP/1.1" 200 321 "-" "PostmanRuntime/7.28.4"

info: ::1 - - [12/Jan/2022:02:15:02 +0000] "PUT /api/v1/user/update/61dd1d7dcfa9c7222d92791f HTTP/1.1" 200 321 "-" "PostmanRuntime/7.28.4"

info: ::1 - - [12/Jan/2022:02:15:16 +0000] "PUT /api/v1/user/update/61dd1d7dcfa9c7222d92791f HTTP/1.1" 200 321 "-" "PostmanRuntime/7.28.4"

info: ::1 - - [12/Jan/2022:02:15:40 +0000] "PUT /api/v1/user/update/61dd1d7dcfa9c7222d92791f HTTP/1.1" 200 321 "-" "PostmanRuntime/7.28.4"

info: ::1 - - [12/Jan/2022:02:15:59 +0000] "PUT /api/v1/user/update/61dd1d7dcfa9c7222d92791f HTTP/1.1" 200 321 "-" "PostmanRuntime/7.28.4"

info: ::1 - - [12/Jan/2022:02:16:19 +0000] "PUT /api/v1/user/update/61dd1d7dcfa9c7222d92791f HTTP/1.1" 200 321 "-" "PostmanRuntime/7.28.4"

info: ::1 - - [12/Jan/2022:02:18:58 +0000] "PUT /api/v1/user/update/61dd1d7dcfa9c7222d92791f HTTP/1.1" 200 331 "-" "PostmanRuntime/7.28.4"

info: ::1 - - [12/Jan/2022:02:19:27 +0000] "PUT /api/v1/user/update/61dd1d7dcfa9c7222d92791f HTTP/1.1" 200 331 "-" "PostmanRuntime/7.28.4"

info: ::1 - - [12/Jan/2022:02:21:14 +0000] "PUT /api/v1/user/update/61dd1d7dcfa9c7222d92791f HTTP/1.1" 200 332 "-" "PostmanRuntime/7.28.4"

info: ::1 - - [12/Jan/2022:02:21:46 +0000] "PUT /api/v1/user/update/61dd1d7dcfa9c7222d92791f HTTP/1.1" 200 332 "-" "PostmanRuntime/7.28.4"

info: ::1 - - [12/Jan/2022:02:21:52 +0000] "PUT /api/v1/user/update/61dd1d7dcfa9c7222d92791f HTTP/1.1" 200 331 "-" "PostmanRuntime/7.28.4"

info: ::1 - - [12/Jan/2022:02:21:57 +0000] "PUT /api/v1/user/update/61dd1d7dcfa9c7222d92791f HTTP/1.1" 200 331 "-" "PostmanRuntime/7.28.4"

info: ::1 - - [12/Jan/2022:02:22:22 +0000] "PUT /api/v1/user/update/61dd1d7dcfa9c7222d92791f HTTP/1.1" 200 331 "-" "PostmanRuntime/7.28.4"

info: ::1 - - [12/Jan/2022:02:26:21 +0000] "PUT /api/v1/user/update/61dd1d7dcfa9c7222d92791f HTTP/1.1" 200 332 "-" "PostmanRuntime/7.28.4"

info: ::1 - - [12/Jan/2022:02:26:32 +0000] "PUT /api/v1/user/update/61dd1d7dcfa9c7222d92791f HTTP/1.1" 200 331 "-" "PostmanRuntime/7.28.4"

info: ::1 - - [12/Jan/2022:02:58:24 +0000] "PUT /api/v1/user/update/61dd1d7dcfa9c7222d92791f HTTP/1.1" 200 332 "-" "PostmanRuntime/7.28.4"

info: ::1 - - [12/Jan/2022:02:58:41 +0000] "GET /api/v1/user/archievedNotes HTTP/1.1" 200 598 "-" "PostmanRuntime/7.28.4"

info: ::1 - - [12/Jan/2022:03:00:54 +0000] "PUT /api/v1/user/update/61dd1e33cfa9c7222d927923 HTTP/1.1" 200 329 "-" "PostmanRuntime/7.28.4"

info: ::1 - - [12/Jan/2022:03:01:10 +0000] "GET /api/v1/user/archievedNotes HTTP/1.1" 200 327 "-" "PostmanRuntime/7.28.4"

info: ::1 - - [12/Jan/2022:03:35:43 +0000] "PUT /api/v1/user/update/61dd5d5e11f20548dd8dbeb1 HTTP/1.1" 200 336 "-" "PostmanRuntime/7.28.4"

info: ::1 - - [12/Jan/2022:03:35:51 +0000] "PUT /api/v1/user/update/61dd5d5e11f20548dd8dbeb1 HTTP/1.1" 200 335 "-" "PostmanRuntime/7.28.4"

info: ::1 - - [12/Jan/2022:03:35:56 +0000] "PUT /api/v1/user/update/61dd5d5e11f20548dd8dbeb1 HTTP/1.1" 500 111 "-" "PostmanRuntime/7.28.4"

info: ::1 - - [12/Jan/2022:03:36:05 +0000] "PUT /api/v1/user/update/61dd5d5e11f20548dd8dbeb1 HTTP/1.1" 200 336 "-" "PostmanRuntime/7.28.4"

info: ::1 - - [12/Jan/2022:03:36:14 +0000] "PUT /api/v1/user/update/61dd5d5e11f20548dd8dbeb1 HTTP/1.1" 200 335 "-" "PostmanRuntime/7.28.4"

info: ::1 - - [12/Jan/2022:04:42:25 +0000] "PUT /api/v1/user/update/61dd5d5e11f20548dd8dbeb1 HTTP/1.1" 200 336 "-" "PostmanRuntime/7.28.4"

info: ::1 - - [12/Jan/2022:05:20:18 +0000] "PUT /api/v1/user/update/61dd5d5e11f20548dd8dbeb1 HTTP/1.1" 200 295 "-" "PostmanRuntime/7.28.4"

info: ::1 - - [12/Jan/2022:05:20:38 +0000] "PUT /api/v1/user/update/61dd5d5e11f20548dd8dbeb1 HTTP/1.1" 200 296 "-" "PostmanRuntime/7.28.4"

info: ::1 - - [12/Jan/2022:05:21:49 +0000] "PUT /api/v1/user/update/61dd5d5e11f20548dd8dbeb1 HTTP/1.1" 200 338 "-" "PostmanRuntime/7.28.4"

info: ::1 - - [12/Jan/2022:05:22:06 +0000] "PUT /api/v1/user/update/61dd5d5e11f20548dd8dbeb1 HTTP/1.1" 200 337 "-" "PostmanRuntime/7.28.4"

info: ::1 - - [12/Jan/2022:06:05:50 +0000] "PUT /api/v1/user/update/61dd5d5e11f20548dd8dbeb1 HTTP/1.1" 200 338 "-" "PostmanRuntime/7.28.4"

info: ::1 - - [12/Jan/2022:12:02:17 +0000] "POST /api/v1/forgetPassword HTTP/1.1" 500 75 "-" "PostmanRuntime/7.28.4"

info: ::1 - - [12/Jan/2022:12:02:53 +0000] "POST /api/v1/forgetPassword HTTP/1.1" 500 75 "-" "PostmanRuntime/7.28.4"

info: ::1 - - [12/Jan/2022:12:04:06 +0000] "POST /api/v1/forgetPassword HTTP/1.1" 500 75 "-" "PostmanRuntime/7.28.4"

info: ::1 - - [12/Jan/2022:12:05:15 +0000] "POST /api/v1/forgetPassword HTTP/1.1" 500 75 "-" "PostmanRuntime/7.28.4"

info: ::1 - - [12/Jan/2022:12:06:15 +0000] "POST /api/v1/forgetPassword HTTP/1.1" 500 75 "-" "PostmanRuntime/7.28.4"

info: ::1 - - [12/Jan/2022:12:06:42 +0000] "POST /api/v1/forgetPassword HTTP/1.1" 200 192 "-" "PostmanRuntime/7.28.4"

info: ::1 - - [12/Jan/2022:12:24:33 +0000] "POST /api/v1/forgetPassword HTTP/1.1" 200 192 "-" "PostmanRuntime/7.28.4"

info: ::1 - - [12/Jan/2022:12:27:31 +0000] "POST /api/v1/forgetPassword HTTP/1.1" 200 192 "-" "PostmanRuntime/7.28.4"

info: ::1 - - [12/Jan/2022:12:48:15 +0000] "POST /api/v1/forgetPassword HTTP/1.1" 500 75 "-" "PostmanRuntime/7.28.4"

info: ::1 - - [12/Jan/2022:12:49:32 +0000] "POST /api/v1/forgetPassword HTTP/1.1" 500 75 "-" "PostmanRuntime/7.28.4"

info: ::1 - - [12/Jan/2022:12:51:59 +0000] "POST /api/v1/forgetPassword HTTP/1.1" 500 75 "-" "PostmanRuntime/7.28.4"

info: ::1 - - [12/Jan/2022:12:52:46 +0000] "POST /api/v1/forgetPassword HTTP/1.1" 500 75 "-" "PostmanRuntime/7.28.4"

info: ::1 - - [12/Jan/2022:12:54:36 +0000] "POST /api/v1/forgetPassword HTTP/1.1" 500 75 "-" "PostmanRuntime/7.28.4"

info: ::1 - - [12/Jan/2022:12:55:37 +0000] "POST /api/v1/forgetPassword HTTP/1.1" 500 75 "-" "PostmanRuntime/7.28.4"

info: ::1 - - [12/Jan/2022:12:56:57 +0000] "POST /api/v1/forgetPassword HTTP/1.1" 500 75 "-" "PostmanRuntime/7.28.4"

info: ::1 - - [12/Jan/2022:12:57:41 +0000] "POST /api/v1/forgetPassword HTTP/1.1" 500 75 "-" "PostmanRuntime/7.28.4"

info: ::1 - - [12/Jan/2022:12:58:20 +0000] "POST /api/v1/forgetPassword HTTP/1.1" 500 75 "-" "PostmanRuntime/7.28.4"

info: ::1 - - [12/Jan/2022:13:00:43 +0000] "POST /api/v1/forgetPassword HTTP/1.1" 500 75 "-" "PostmanRuntime/7.28.4"

info: ::1 - - [12/Jan/2022:13:01:05 +0000] "POST /api/v1/forgetPassword HTTP/1.1" 500 75 "-" "PostmanRuntime/7.28.4"

info: ::1 - - [12/Jan/2022:13:04:21 +0000] "POST /api/v1/forgetPassword HTTP/1.1" 500 54 "-" "PostmanRuntime/7.28.4"

info: ::1 - - [12/Jan/2022:13:05:01 +0000] "POST /api/v1/forgetPassword HTTP/1.1" 500 57 "-" "PostmanRuntime/7.28.4"

info: ::1 - - [12/Jan/2022:13:05:14 +0000] "POST /api/v1/forgetPassword HTTP/1.1" 500 57 "-" "PostmanRuntime/7.28.4"

info: ::1 - - [12/Jan/2022:13:05:49 +0000] "POST /api/v1/forgetPassword HTTP/1.1" 500 54 "-" "PostmanRuntime/7.28.4"

info: ::1 - - [12/Jan/2022:13:06:12 +0000] "POST /api/v1/forgetPassword HTTP/1.1" 500 68 "-" "PostmanRuntime/7.28.4"

info: ::1 - - [12/Jan/2022:13:06:46 +0000] "POST /api/v1/forgetPassword HTTP/1.1" 500 68 "-" "PostmanRuntime/7.28.4"

info: ::1 - - [12/Jan/2022:13:07:28 +0000] "POST /api/v1/forgetPassword HTTP/1.1" 500 68 "-" "PostmanRuntime/7.28.4"

info: ::1 - - [12/Jan/2022:13:08:38 +0000] "POST /api/v1/forgetPassword HTTP/1.1" 500 68 "-" "PostmanRuntime/7.28.4"

info: ::1 - - [12/Jan/2022:13:09:18 +0000] "POST /api/v1/forgetPassword HTTP/1.1" 500 68 "-" "PostmanRuntime/7.28.4"

info: ::1 - - [12/Jan/2022:13:10:57 +0000] "POST /api/v1/forgetPassword HTTP/1.1" 500 68 "-" "PostmanRuntime/7.28.4"

info: ::1 - - [12/Jan/2022:13:14:14 +0000] "POST /api/v1/forgetPassword HTTP/1.1" 500 68 "-" "PostmanRuntime/7.28.4"

info: ::1 - - [12/Jan/2022:13:16:45 +0000] "POST /api/v1/forgetPassword HTTP/1.1" 500 68 "-" "PostmanRuntime/7.28.4"

info: ::1 - - [12/Jan/2022:13:17:04 +0000] "POST /api/v1/forgetPassword HTTP/1.1" 500 192 "-" "PostmanRuntime/7.28.4"

info: ::1 - - [12/Jan/2022:13:17:35 +0000] "POST /api/v1/forgetPassword HTTP/1.1" 500 192 "-" "PostmanRuntime/7.28.4"

info: ::1 - - [12/Jan/2022:13:19:02 +0000] "POST /api/v1/forgetPassword HTTP/1.1" 500 206 "-" "PostmanRuntime/7.28.4"

info: ::1 - - [12/Jan/2022:13:25:47 +0000] "POST /api/v1/forgetPassword HTTP/1.1" 500 200 "-" "PostmanRuntime/7.28.4"

info: ::1 - - [12/Jan/2022:13:26:34 +0000] "POST /api/v1/forgetPassword HTTP/1.1" 500 197 "-" "PostmanRuntime/7.28.4"

info: ::1 - - [12/Jan/2022:13:27:45 +0000] "POST /api/v1/forgetPassword HTTP/1.1" 200 192 "-" "PostmanRuntime/7.28.4"

info: ::1 - - [12/Jan/2022:13:58:57 +0000] "POST /api/v1/forgetPassword HTTP/1.1" 500 68 "-" "PostmanRuntime/7.28.4"

info: ::1 - - [12/Jan/2022:13:59:51 +0000] "POST /api/v1/forgetPassword HTTP/1.1" 500 68 "-" "PostmanRuntime/7.28.4"

info: ::1 - - [12/Jan/2022:14:00:03 +0000] "POST /api/v1/forgetPassword HTTP/1.1" 500 68 "-" "PostmanRuntime/7.28.4"

info: ::1 - - [12/Jan/2022:14:00:58 +0000] "POST /api/v1/forgetPassword HTTP/1.1" 500 68 "-" "PostmanRuntime/7.28.4"

info: ::1 - - [12/Jan/2022:14:01:43 +0000] "POST /api/v1/forgetPassword HTTP/1.1" 200 192 "-" "PostmanRuntime/7.28.4"

info: ::1 - - [12/Jan/2022:14:24:25 +0000] "POST /api/v1/forgetPassword HTTP/1.1" 200 192 "-" "PostmanRuntime/7.28.4"

info: ::1 - - [12/Jan/2022:14:25:01 +0000] "POST /api/v1/forgetPassword HTTP/1.1" 200 192 "-" "PostmanRuntime/7.28.4"

info: ::1 - - [12/Jan/2022:14:25:09 +0000] "GET /api/v1/resetpassword/eyJhbGciOiJIUzI1NiIsInR5cCI6IkpXVCJ9.eyJpZCI6IjYxZGMxZWE0Mzg5OGM5YzYzMjg3ZjIwZiIsImlhdCI6MTY0MTk5NzQ5OH0.Jl5kj7N79NZPDJkrL-hNt0hgMH59Xp8PVCB37W0jonw HTTP/1.1" 404 47 "-" "Mozilla/5.0 (X11; Linux x86_64) AppleWebKit/537.36 (KHTML, like Gecko) Chrome/97.0.4692.71 Safari/537.36"

info: ::1 - - [12/Jan/2022:14:25:09 +0000] "GET /favicon.ico HTTP/1.1" 404 47 "-" "Mozilla/5.0 (X11; Linux x86_64) AppleWebKit/537.36 (KHTML, like Gecko) Chrome/97.0.4692.71 Safari/537.36"

info: ::1 - - [12/Jan/2022:14:35:46 +0000] "POST /api/v1/forgetPassword HTTP/1.1" 200 192 "-" "PostmanRuntime/7.28.4"

info: ::1 - - [12/Jan/2022:14:36:01 +0000] "GET /api/v1/resetPassword/eyJhbGciOiJIUzI1NiIsInR5cCI6IkpXVCJ9.eyJpZCI6IjYxZGMxZWE0Mzg5OGM5YzYzMjg3ZjIwZiIsImlhdCI6MTY0MTk5ODE0M30.YiMq14gleqioRNiwmMZ_MBcGhokKXuLrp-JyCtDZNfI HTTP/1.1" 404 47 "-" "Mozilla/5.0 (X11; Linux x86_64) AppleWebKit/537.36 (KHTML, like Gecko) Chrome/97.0.4692.71 Safari/537.36"

