info: ::1 - - [11/Jan/2022:03:06:39 +0000] "GET /api/v1/user/singleNote HTTP/1.1" 200 325 "-" "PostmanRuntime/7.28.4"

info: ::1 - - [11/Jan/2022:04:07:21 +0000] "PUT /api/v1/user/updateNote/61dc214a6ebd07cc3214d579 HTTP/1.1" 404 47 "-" "PostmanRuntime/7.28.4"

info: ::1 - - [11/Jan/2022:04:07:45 +0000] "PUT /api/v1/user/update/61dc214a6ebd07cc3214d579 HTTP/1.1" 404 47 "-" "PostmanRuntime/7.28.4"

info: ::1 - - [11/Jan/2022:04:08:33 +0000] "PUT /api/v1/user/update/61dc214a6ebd07cc3214d579 HTTP/1.1" 200 50 "-" "PostmanRuntime/7.28.4"

info: ::1 - - [11/Jan/2022:04:08:52 +0000] "PUT /api/v1/user/update/61dc214a6ebd07cc3214d579 HTTP/1.1" 200 346 "-" "PostmanRuntime/7.28.4"

info: ::1 - - [11/Jan/2022:05:21:54 +0000] "PUT /api/v1/user/delete/61dc214a6ebd07cc3214d579 HTTP/1.1" 404 47 "-" "PostmanRuntime/7.28.4"

info: ::1 - - [11/Jan/2022:05:22:15 +0000] "PUT /api/v1/user/delete/61dc214a6ebd07cc3214d579 HTTP/1.1" 404 47 "-" "PostmanRuntime/7.28.4"

info: ::1 - - [11/Jan/2022:05:22:38 +0000] "PUT /api/v1/user/delete/61dc1f113898c9c63287f212 HTTP/1.1" 404 47 "-" "PostmanRuntime/7.28.4"

info: ::1 - - [11/Jan/2022:05:22:45 +0000] "DELETE /api/v1/user/delete/61dc1f113898c9c63287f212 HTTP/1.1" 200 39 "-" "PostmanRuntime/7.28.4"

info: ::1 - - [11/Jan/2022:05:47:06 +0000] "POST /api/v1/login HTTP/1.1" 201 190 "-" "PostmanRuntime/7.28.4"

info: ::1 - - [11/Jan/2022:06:01:39 +0000] "POST /api/v1/user/addNote HTTP/1.1" 201 282 "-" "PostmanRuntime/7.28.4"

info: ::1 - - [11/Jan/2022:06:02:37 +0000] "POST /api/v1/user/addNote HTTP/1.1" 201 322 "-" "PostmanRuntime/7.28.4"

info: ::1 - - [11/Jan/2022:06:03:46 +0000] "GET /api/v1/user/getNotes HTTP/1.1" 200 340 "-" "PostmanRuntime/7.28.4"

info: ::1 - - [11/Jan/2022:06:04:56 +0000] "GET /api/v1/user/getNotes HTTP/1.1" 200 340 "-" "PostmanRuntime/7.28.4"

info: ::1 - - [11/Jan/2022:06:05:39 +0000] "POST /api/v1/user/addNote HTTP/1.1" 201 317 "-" "PostmanRuntime/7.28.4"

info: ::1 - - [11/Jan/2022:06:05:57 +0000] "GET /api/v1/user/getNotes HTTP/1.1" 200 611 "-" "PostmanRuntime/7.28.4"

info: ::1 - - [11/Jan/2022:06:12:20 +0000] "GET /api/v1/user/getNotes HTTP/1.1" 400 31 "-" "PostmanRuntime/7.28.4"

info: ::1 - - [11/Jan/2022:06:12:25 +0000] "GET /api/v1/user/getNotes HTTP/1.1" 200 611 "-" "PostmanRuntime/7.28.4"

info: ::1 - - [11/Jan/2022:07:31:53 +0000] "GET /api/v1/user/getNotes HTTP/1.1" 200 611 "-" "PostmanRuntime/7.28.4"

info: ::1 - - [11/Jan/2022:07:32:43 +0000] "GET /api/v1/user/getNotes HTTP/1.1" 200 611 "-" "PostmanRuntime/7.28.4"

info: ::1 - - [11/Jan/2022:07:33:11 +0000] "GET /api/v1/user/getNotes HTTP/1.1" 200 611 "-" "PostmanRuntime/7.28.4"

info: ::1 - - [11/Jan/2022:08:09:15 +0000] "GET /api/v1/user/getNotes HTTP/1.1" 200 611 "-" "PostmanRuntime/7.28.4"

info: ::1 - - [11/Jan/2022:08:10:52 +0000] "GET /api/v1/user/getNotes HTTP/1.1" 200 611 "-" "PostmanRuntime/7.28.4"

info: ::1 - - [11/Jan/2022:08:16:22 +0000] "GET /api/v1/user/getNotes HTTP/1.1" 200 611 "-" "PostmanRuntime/7.28.4"

info: ::1 - - [11/Jan/2022:08:16:49 +0000] "GET /api/v1/user/getNotes HTTP/1.1" 200 611 "-" "PostmanRuntime/7.28.4"

info: ::1 - - [11/Jan/2022:08:52:25 +0000] "GET /api/v1/user/singleNote/61dd1d7dcfa9c7222d92791f HTTP/1.1" 404 47 "-" "PostmanRuntime/7.28.4"

info: ::1 - - [11/Jan/2022:08:53:20 +0000] "GET /api/v1/user/singleNote HTTP/1.1" 200 348 "-" "PostmanRuntime/7.28.4"

info: ::1 - - [11/Jan/2022:10:18:41 +0000] "GET /api/v1/user/archievedNotes HTTP/1.1" 200 338 "-" "PostmanRuntime/7.28.4"

info: ::1 - - [11/Jan/2022:10:19:41 +0000] "POST /api/v1/user/addNote HTTP/1.1" 201 327 "-" "PostmanRuntime/7.28.4"

info: ::1 - - [11/Jan/2022:10:23:19 +0000] "GET /api/v1/user/archievedNotes HTTP/1.1" 200 50 "-" "PostmanRuntime/7.28.4"

info: ::1 - - [11/Jan/2022:10:27:01 +0000] "GET /api/v1/user/archievedNotes HTTP/1.1" 200 50 "-" "PostmanRuntime/7.28.4"

info: ::1 - - [11/Jan/2022:10:28:51 +0000] "GET /api/v1/user/archievedNotes HTTP/1.1" 200 1642 "-" "PostmanRuntime/7.28.4"

info: ::1 - - [11/Jan/2022:10:34:01 +0000] "GET /api/v1/user/archievedNotes HTTP/1.1" 200 50 "-" "PostmanRuntime/7.28.4"

info: ::1 - - [11/Jan/2022:10:35:10 +0000] "POST /api/v1/user/addNote HTTP/1.1" 201 324 "-" "PostmanRuntime/7.28.4"

info: ::1 - - [11/Jan/2022:10:35:26 +0000] "GET /api/v1/user/archievedNotes HTTP/1.1" 200 50 "-" "PostmanRuntime/7.28.4"

info: ::1 - - [11/Jan/2022:10:35:51 +0000] "GET /api/v1/user/archievedNotes HTTP/1.1" 200 50 "-" "PostmanRuntime/7.28.4"

info: ::1 - - [11/Jan/2022:10:36:51 +0000] "GET /api/v1/user/archievedNotes HTTP/1.1" 200 874 "-" "PostmanRuntime/7.28.4"

info: ::1 - - [11/Jan/2022:10:43:34 +0000] "GET /api/v1/user/deletedNotes HTTP/1.1" 200 1153 "-" "PostmanRuntime/7.28.4"

info: ::1 - - [11/Jan/2022:10:44:08 +0000] "GET /api/v1/user/deletedNotes HTTP/1.1" 400 31 "-" "PostmanRuntime/7.28.4"

info: ::1 - - [11/Jan/2022:10:44:12 +0000] "GET /api/v1/user/deletedNotes HTTP/1.1" 200 1153 "-" "PostmanRuntime/7.28.4"

