info: ::1 - - [19/Jan/2022:18:40:14 +0000] "GET /api/v1/user/getNotes HTTP/1.1" - - "-" "PostmanRuntime/7.28.4"

info: ::1 - - [19/Jan/2022:18:42:37 +0000] "GET /api/v1/user/getNotes HTTP/1.1" 200 640 "-" "PostmanRuntime/7.28.4"

info: ::1 - - [19/Jan/2022:18:44:31 +0000] "GET /api/v1/user/getNotes HTTP/1.1" 200 640 "-" "PostmanRuntime/7.28.4"

info: ::1 - - [19/Jan/2022:18:45:35 +0000] "GET /api/v1/user/getNotes HTTP/1.1" 200 629 "-" "PostmanRuntime/7.28.4"

info: ::1 - - [19/Jan/2022:18:46:30 +0000] "GET /api/v1/user/getNotes HTTP/1.1" 400 42 "-" "PostmanRuntime/7.28.4"

info: ::1 - - [19/Jan/2022:18:47:29 +0000] "POST /api/v1/login HTTP/1.1" 200 190 "-" "PostmanRuntime/7.28.4"

info: ::1 - - [19/Jan/2022:18:48:00 +0000] "GET /api/v1/user/getNotes HTTP/1.1" 200 629 "-" "PostmanRuntime/7.28.4"

info: ::1 - - [19/Jan/2022:18:48:07 +0000] "GET /api/v1/user/getNotes HTTP/1.1" 200 640 "-" "PostmanRuntime/7.28.4"

info: ::1 - - [19/Jan/2022:18:48:14 +0000] "GET /api/v1/user/getNotes HTTP/1.1" 200 640 "-" "PostmanRuntime/7.28.4"

info: ::1 - - [20/Jan/2022:05:38:50 +0000] "POST /api/v1/login HTTP/1.1" 200 190 "-" "PostmanRuntime/7.28.4"

info: ::1 - - [20/Jan/2022:05:39:15 +0000] "GET /api/v1/user/getNotes HTTP/1.1" 200 636 "-" "PostmanRuntime/7.28.4"

info: ::1 - - [20/Jan/2022:05:40:34 +0000] "GET /api/v1/user/getNotes HTTP/1.1" 200 629 "-" "PostmanRuntime/7.28.4"

info: ::1 - - [20/Jan/2022:05:41:14 +0000] "GET /api/v1/user/getNotes HTTP/1.1" 200 636 "-" "PostmanRuntime/7.28.4"

info: ::1 - - [20/Jan/2022:05:45:43 +0000] "GET /api/v1/user/getNotes HTTP/1.1" 200 636 "-" "PostmanRuntime/7.28.4"

info: ::1 - - [20/Jan/2022:05:46:44 +0000] "GET /api/v1/user/getNotes HTTP/1.1" 200 636 "-" "PostmanRuntime/7.28.4"

info: ::1 - - [20/Jan/2022:05:47:27 +0000] "GET /api/v1/user/getNotes HTTP/1.1" 200 629 "-" "PostmanRuntime/7.28.4"

info: ::1 - - [20/Jan/2022:06:45:14 +0000] "GET /api/v1/user/getNotes HTTP/1.1" 200 629 "-" "PostmanRuntime/7.28.4"

info: ::1 - - [20/Jan/2022:11:25:06 +0000] "GET /api-docs/ HTTP/1.1" 304 - "-" "Mozilla/5.0 (X11; Linux x86_64) AppleWebKit/537.36 (KHTML, like Gecko) Chrome/97.0.4692.71 Safari/537.36"

info: ::1 - - [20/Jan/2022:11:25:06 +0000] "GET /api-docs/swagger-ui-bundle.js HTTP/1.1" 304 - "-" "Mozilla/5.0 (X11; Linux x86_64) AppleWebKit/537.36 (KHTML, like Gecko) Chrome/97.0.4692.71 Safari/537.36"

info: ::1 - - [20/Jan/2022:11:25:06 +0000] "GET /api-docs/swagger-ui-standalone-preset.js HTTP/1.1" 304 - "-" "Mozilla/5.0 (X11; Linux x86_64) AppleWebKit/537.36 (KHTML, like Gecko) Chrome/97.0.4692.71 Safari/537.36"

info: ::1 - - [20/Jan/2022:11:25:06 +0000] "GET /api-docs/swagger-ui-init.js HTTP/1.1" 304 - "-" "Mozilla/5.0 (X11; Linux x86_64) AppleWebKit/537.36 (KHTML, like Gecko) Chrome/97.0.4692.71 Safari/537.36"

info: ::1 - - [20/Jan/2022:11:25:06 +0000] "GET /api-docs/swagger-ui.css HTTP/1.1" 304 - "-" "Mozilla/5.0 (X11; Linux x86_64) AppleWebKit/537.36 (KHTML, like Gecko) Chrome/97.0.4692.71 Safari/537.36"

info: ::1 - - [20/Jan/2022:11:25:06 +0000] "GET /api-docs/favicon-32x32.png HTTP/1.1" 304 - "-" "Mozilla/5.0 (X11; Linux x86_64) AppleWebKit/537.36 (KHTML, like Gecko) Chrome/97.0.4692.71 Safari/537.36"

info: ::1 - - [20/Jan/2022:11:31:44 +0000] "POST /api/v1/login HTTP/1.1" 200 190 "-" "PostmanRuntime/7.28.4"

info: ::1 - - [20/Jan/2022:11:33:36 +0000] "GET /api/v1/user/singleNote HTTP/1.1" 200 324 "-" "PostmanRuntime/7.28.4"

info: ::1 - - [20/Jan/2022:11:33:50 +0000] "GET /api/v1/user/singleNote HTTP/1.1" 200 335 "-" "PostmanRuntime/7.28.4"

info: ::1 - - [20/Jan/2022:11:35:15 +0000] "PUT /api/v1/user/update/61dd1d7dcfa9c7222d92791f HTTP/1.1" 200 330 "-" "PostmanRuntime/7.28.4"

info: ::1 - - [20/Jan/2022:11:35:44 +0000] "GET /api/v1/user/singleNote HTTP/1.1" 200 341 "-" "PostmanRuntime/7.28.4"

