info: ::1 - - [13/Jan/2022:01:42:38 +0000] "GET /api/v1/resetPassword/eyJhbGciOiJIUzI1NiIsInR5cCI6IkpXVCJ9.eyJpZCI6IjYxZGMxZWE0Mzg5OGM5YzYzMjg3ZjIwZiIsImlhdCI6MTY0MTk5ODE0M30.YiMq14gleqioRNiwmMZ_MBcGhokKXuLrp-JyCtDZNfI HTTP/1.1" 200 41 "-" "Mozilla/5.0 (X11; Linux x86_64) AppleWebKit/537.36 (KHTML, like Gecko) Chrome/97.0.4692.71 Safari/537.36"

info: ::1 - - [13/Jan/2022:02:12:30 +0000] "POST /api/v1/forgetPassword HTTP/1.1" - - "-" "PostmanRuntime/7.28.4"

info: ::1 - - [13/Jan/2022:02:12:37 +0000] "POST /api/v1/forgetPassword HTTP/1.1" - - "-" "PostmanRuntime/7.28.4"

info: ::1 - - [13/Jan/2022:02:13:38 +0000] "POST /api/v1/forgetPassword HTTP/1.1" - - "-" "PostmanRuntime/7.28.4"

info: ::1 - - [13/Jan/2022:02:13:52 +0000] "GET /api/v1/resetPassword/eyJhbGciOiJIUzI1NiIsInR5cCI6IkpXVCJ9.eyJpZCI6IjYxZGMxZWE0Mzg5OGM5YzYzMjg3ZjIwZiIsImlhdCI6MTY0MjAzOTk1Mn0.IDIVzWIXIO_CzJAFY5zpRRFdq7IU7nJW-_WvdSe_HXU HTTP/1.1" 200 41 "-" "Mozilla/5.0 (X11; Linux x86_64) AppleWebKit/537.36 (KHTML, like Gecko) Chrome/97.0.4692.71 Safari/537.36"

info: ::1 - - [13/Jan/2022:03:21:49 +0000] "PUT /api/v1/resetPassword/eyJhbGciOiJIUzI1NiIsInR5cCI6IkpXVCJ9.eyJpZCI6IjYxZGMxZWE0Mzg5OGM5YzYzMjg3ZjIwZiIsImlhdCI6MTY0MTk5ODE0M30.YiMq14gleqioRNiwmMZ_MBcGhokKXuLrp-JyCtDZNfI HTTP/1.1" 404 47 "-" "PostmanRuntime/7.28.4"

info: ::1 - - [13/Jan/2022:03:22:41 +0000] "PUT /api/v1/resetPassword/eyJhbGciOiJIUzI1NiIsInR5cCI6IkpXVCJ9.eyJpZCI6IjYxZGMxZWE0Mzg5OGM5YzYzMjg3ZjIwZiIsImlhdCI6MTY0MjAzOTk1Mn0.IDIVzWIXIO_CzJAFY5zpRRFdq7IU7nJW-_WvdSe_HXU HTTP/1.1" 404 47 "-" "PostmanRuntime/7.28.4"

info: ::1 - - [13/Jan/2022:03:22:58 +0000] "PUT /api/v1/resetPassword/eyJhbGciOiJIUzI1NiIsInR5cCI6IkpXVCJ9.eyJpZCI6IjYxZGMxZWE0Mzg5OGM5YzYzMjg3ZjIwZiIsImlhdCI6MTY0MjAzOTk1Mn0.IDIVzWIXIO_CzJAFY5zpRRFdq7IU7nJW-_WvdSe_HXU HTTP/1.1" 200 33 "-" "PostmanRuntime/7.28.4"

info: ::1 - - [13/Jan/2022:03:24:06 +0000] "PUT /api/v1/resetPassword/eyJhbGciOiJIUzI1NiIsInR5cCI6IkpXVCJ9.eyJpZCI6IjYxZGMxZWE0Mzg5OGM5YzYzMjg3ZjIwZiIsImlhdCI6MTY0MjAzOTk1Mn0.IDIVzWIXIO_CzJAFY5zpRRFdq7IU7nJW-_WvdSe_HXU HTTP/1.1" 200 33 "-" "PostmanRuntime/7.28.4"

info: ::1 - - [13/Jan/2022:03:24:50 +0000] "PUT /api/v1/resetPassword/eyJhbGciOiJIUzI1NiIsInR5cCI6IkpXVCJ9.eyJpZCI6IjYxZGMxZWE0Mzg5OGM5YzYzMjg3ZjIwZiIsImlhdCI6MTY0MjAzOTk1Mn0.IDIVzWIXIO_CzJAFY5zpRRFdq7IU7nJW-_WvdSe_HXU HTTP/1.1" 500 53 "-" "PostmanRuntime/7.28.4"

info: ::1 - - [13/Jan/2022:03:25:18 +0000] "PUT /api/v1/resetPassword/eyJhbGciOiJIUzI1NiIsInR5cCI6IkpXVCJ9.eyJpZCI6IjYxZGMxZWE0Mzg5OGM5YzYzMjg3ZjIwZiIsImlhdCI6MTY0MjAzOTk1Mn0.IDIVzWIXIO_CzJAFY5zpRRFdq7IU7nJW-_WvdSe_HXU HTTP/1.1" 200 33 "-" "PostmanRuntime/7.28.4"

info: ::1 - - [13/Jan/2022:03:26:08 +0000] "PUT /api/v1/resetPassword/eyJhbGciOiJIUzI1NiIsInR5cCI6IkpXVCJ9.eyJpZCI6IjYxZGMxZWE0Mzg5OGM5YzYzMjg3ZjIwZiIsImlhdCI6MTY0MjAzOTk1Mn0.IDIVzWIXIO_CzJAFY5zpRRFdq7IU7nJW-_WvdSe_HXU HTTP/1.1" 200 33 "-" "PostmanRuntime/7.28.4"

info: ::1 - - [13/Jan/2022:03:51:02 +0000] "PUT /api/v1/resetPassword/eyJhbGciOiJIUzI1NiIsInR5cCI6IkpXVCJ9.eyJpZCI6IjYxZGMxZWE0Mzg5OGM5YzYzMjg3ZjIwZiIsImlhdCI6MTY0MjAzOTk1Mn0.IDIVzWIXIO_CzJAFY5zpRRFdq7IU7nJW-_WvdSe_HXU HTTP/1.1" 200 33 "-" "PostmanRuntime/7.28.4"

info: ::1 - - [13/Jan/2022:03:54:54 +0000] "PUT /api/v1/resetPassword/eyJhbGciOiJIUzI1NiIsInR5cCI6IkpXVCJ9.eyJpZCI6IjYxZGMxZWE0Mzg5OGM5YzYzMjg3ZjIwZiIsImlhdCI6MTY0MjAzOTk1Mn0.IDIVzWIXIO_CzJAFY5zpRRFdq7IU7nJW-_WvdSe_HX HTTP/1.1" 500 53 "-" "PostmanRuntime/7.28.4"

info: ::1 - - [13/Jan/2022:03:55:00 +0000] "PUT /api/v1/resetPassword/eyJhbGciOiJIUzI1NiIsInR5cCI6IkpXVCJ9.eyJpZCI6IjYxZGMxZWE0Mzg5OGM5YzYzMjg3ZjIwZiIsImlhdCI6MTY0MjAzOTk1Mn0.IDIVzWIXIO_CzJAFY5zpRRFdq7IU7nJW-_WvdSe_HXU HTTP/1.1" 200 33 "-" "PostmanRuntime/7.28.4"

info: ::1 - - [13/Jan/2022:03:55:32 +0000] "PUT /api/v1/resetPassword/eyJhbGciOiJIUzI1NiIsInR5cCI6IkpXVCJ9.eyJpZCI6IjYxZGMxZWE0Mzg5OGM5YzYzMjg3ZjIwZiIsImlhdCI6MTY0MjAzOTk1Mn0.IDIVzWIXIO_CzJAFY5zpRRFdq7IU7nJW-_WvdSe_HX HTTP/1.1" 500 53 "-" "PostmanRuntime/7.28.4"

info: ::1 - - [13/Jan/2022:03:55:37 +0000] "PUT /api/v1/resetPassword/eyJhbGciOiJIUzI1NiIsInR5cCI6IkpXVCJ9.eyJpZCI6IjYxZGMxZWE0Mzg5OGM5YzYzMjg3ZjIwZiIsImlhdCI6MTY0MjAzOTk1Mn0.IDIVzWIXIO_CzJAFY5zpRRFdq7IU7nJW-_WvdSe_HXU HTTP/1.1" 200 33 "-" "PostmanRuntime/7.28.4"

info: ::1 - - [13/Jan/2022:03:56:28 +0000] "PUT /api/v1/resetPassword/eyJhbGciOiJIUzI1NiIsInR5cCI6IkpXVCJ9.eyJpZCI6IjYxZGMxZWE0Mzg5OGM5YzYzMjg3ZjIwZiIsImlhdCI6MTY0MjAzOTk1Mn0.IDIVzWIXIO_CzJAFY5zpRRFdq7IU7nJW-_WvdSe_HXU HTTP/1.1" 200 33 "-" "PostmanRuntime/7.28.4"

info: ::1 - - [13/Jan/2022:04:01:50 +0000] "PUT /api/v1/resetPassword/eyJhbGciOiJIUzI1NiIsInR5cCI6IkpXVCJ9.eyJpZCI6IjYxZGMxZWE0Mzg5OGM5YzYzMjg3ZjIwZiIsImlhdCI6MTY0MjAzOTk1Mn0.IDIVzWIXIO_CzJAFY5zpRRFdq7IU7nJW-_WvdSe_HX HTTP/1.1" 200 33 "-" "PostmanRuntime/7.28.4"

info: ::1 - - [13/Jan/2022:04:02:53 +0000] "PUT /api/v1/resetPassword/eyJhbGciOiJIUzI1NiIsInR5cCI6IkpXVCJ9.eyJpZCI6IjYxZGMxZWE0Mzg5OGM5YzYzMjg3ZjIwZiIsImlhdCI6MTY0MjAzOTk1Mn0.IDIVzWIXIO_CzJAFY5zpRRFdq7IU7nJW-_WvdSe_HX HTTP/1.1" 500 77 "-" "PostmanRuntime/7.28.4"

info: ::1 - - [13/Jan/2022:04:03:12 +0000] "PUT /api/v1/resetPassword/eyJhbGciOiJIUzI1NiIsInR5cCI6IkpXVCJ9.eyJpZCI6IjYxZGMxZWE0Mzg5OGM5YzYzMjg3ZjIwZiIsImlhdCI6MTY0MjAzOTk1Mn0.IDIVzWIXIO_CzJAFY5zpRRFdq7IU7nJW-_WvdSe_HX HTTP/1.1" 500 77 "-" "PostmanRuntime/7.28.4"

info: ::1 - - [13/Jan/2022:04:03:39 +0000] "PUT /api/v1/resetPassword/eyJhbGciOiJIUzI1NiIsInR5cCI6IkpXVCJ9.eyJpZCI6IjYxZGMxZWE0Mzg5OGM5YzYzMjg3ZjIwZiIsImlhdCI6MTY0MjAzOTk1Mn0.IDIVzWIXIO_CzJAFY5zpRRFdq7IU7nJW-_WvdSe_HX HTTP/1.1" 500 75 "-" "PostmanRuntime/7.28.4"

info: ::1 - - [13/Jan/2022:04:05:08 +0000] "PUT /api/v1/resetPassword/eyJhbGciOiJIUzI1NiIsInR5cCI6IkpXVCJ9.eyJpZCI6IjYxZGMxZWE0Mzg5OGM5YzYzMjg3ZjIwZiIsImlhdCI6MTY0MjAzOTk1Mn0.IDIVzWIXIO_CzJAFY5zpRRFdq7IU7nJW-_WvdSe_HX HTTP/1.1" 200 33 "-" "PostmanRuntime/7.28.4"

info: ::1 - - [13/Jan/2022:04:06:38 +0000] "PUT /api/v1/resetPassword/eyJhbGciOiJIUzI1NiIsInR5cCI6IkpXVCJ9.eyJpZCI6IjYxZGMxZWE0Mzg5OGM5YzYzMjg3ZjIwZiIsImlhdCI6MTY0MjAzOTk1Mn0.IDIVzWIXIO_CzJAFY5zpRRFdq7IU7nJW-_WvdSe_HXU HTTP/1.1" 200 33 "-" "PostmanRuntime/7.28.4"

info: ::1 - - [13/Jan/2022:04:07:45 +0000] "PUT /api/v1/resetPassword/eyJhbGciOiJIUzI1NiIsInR5cCI6IkpXVCJ9.eyJpZCI6IjYxZGMxZWE0Mzg5OGM5YzYzMjg3ZjIwZiIsImlhdCI6MTY0MjAzOTk1Mn0.IDIVzWIXIO_CzJAFY5zpRRFdq7IU7nJW-_WvdSe_HX HTTP/1.1" 500 77 "-" "PostmanRuntime/7.28.4"

info: ::1 - - [13/Jan/2022:04:08:24 +0000] "PUT /api/v1/resetPassword/eyJhbGciOiJIUzI1NiIsInR5cCI6IkpXVCJ9.eyJpZCI6IjYxZGMxZWE0Mzg5OGM5YzYzMjg3ZjIwZiIsImlhdCI6MTY0MjAzOTk1Mn0.IDIVzWIXIO_CzJAFY5zpRRFdq7IU7nJW-_WvdSe_HX HTTP/1.1" 400 31 "-" "PostmanRuntime/7.28.4"

info: ::1 - - [13/Jan/2022:04:08:28 +0000] "PUT /api/v1/resetPassword/eyJhbGciOiJIUzI1NiIsInR5cCI6IkpXVCJ9.eyJpZCI6IjYxZGMxZWE0Mzg5OGM5YzYzMjg3ZjIwZiIsImlhdCI6MTY0MjAzOTk1Mn0.IDIVzWIXIO_CzJAFY5zpRRFdq7IU7nJW-_WvdSe_HXU HTTP/1.1" 200 33 "-" "PostmanRuntime/7.28.4"

info: ::1 - - [13/Jan/2022:04:09:00 +0000] "PUT /api/v1/resetPassword/eyJhbGciOiJIUzI1NiIsInR5cCI6IkpXVCJ9.eyJpZCI6IjYxZGMxZWE0Mzg5OGM5YzYzMjg3ZjIwZiIsImlhdCI6MTY0MjAzOTk1Mn0.IDIVzWIXIO_CzJAFY5zpRRFdq7IU7nJW-_WvdSe_HX HTTP/1.1" 400 31 "-" "PostmanRuntime/7.28.4"

info: ::1 - - [13/Jan/2022:04:09:40 +0000] "PUT /api/v1/resetPassword/eyJhbGciOiJIUzI1NiIsInR5cCI6IkpXVCJ9.eyJpZCI6IjYxZGMxZWE0Mzg5OGM5YzYzMjg3ZjIwZiIsImlhdCI6MTY0MjAzOTk1Mn0.IDIVzWIXIO_CzJAFY5zpRRFdq7IU7nJW-_WvdSe_HXU HTTP/1.1" 200 33 "-" "PostmanRuntime/7.28.4"

info: ::1 - - [13/Jan/2022:04:24:03 +0000] "PUT /api/v1/resetPassword/eyJhbGciOiJIUzI1NiIsInR5cCI6IkpXVCJ9.eyJpZCI6IjYxZGMxZWE0Mzg5OGM5YzYzMjg3ZjIwZiIsImlhdCI6MTY0MjAzOTk1Mn0.IDIVzWIXIO_CzJAFY5zpRRFdq7IU7nJW-_WvdSe_HXU HTTP/1.1" 200 33 "-" "PostmanRuntime/7.28.4"

info: ::1 - - [13/Jan/2022:04:28:39 +0000] "PUT /api/v1/resetPassword/eyJhbGciOiJIUzI1NiIsInR5cCI6IkpXVCJ9.eyJpZCI6IjYxZGMxZWE0Mzg5OGM5YzYzMjg3ZjIwZiIsImlhdCI6MTY0MjAzOTk1Mn0.IDIVzWIXIO_CzJAFY5zpRRFdq7IU7nJW-_WvdSe_HXU HTTP/1.1" 500 54 "-" "PostmanRuntime/7.28.4"

info: ::1 - - [13/Jan/2022:04:28:53 +0000] "PUT /api/v1/resetPassword/eyJhbGciOiJIUzI1NiIsInR5cCI6IkpXVCJ9.eyJpZCI6IjYxZGMxZWE0Mzg5OGM5YzYzMjg3ZjIwZiIsImlhdCI6MTY0MjAzOTk1Mn0.IDIVzWIXIO_CzJAFY5zpRRFdq7IU7nJW-_WvdSe_HXU HTTP/1.1" 200 33 "-" "PostmanRuntime/7.28.4"

info: ::1 - - [13/Jan/2022:04:38:20 +0000] "PUT /api/v1/resetPassword/eyJhbGciOiJIUzI1NiIsInR5cCI6IkpXVCJ9.eyJpZCI6IjYxZGMxZWE0Mzg5OGM5YzYzMjg3ZjIwZiIsImlhdCI6MTY0MjAzOTk1Mn0.IDIVzWIXIO_CzJAFY5zpRRFdq7IU7nJW-_WvdSe_HXU HTTP/1.1" 200 33 "-" "PostmanRuntime/7.28.4"

info: ::1 - - [13/Jan/2022:04:38:50 +0000] "PUT /api/v1/resetPassword/eyJhbGciOiJIUzI1NiIsInR5cCI6IkpXVCJ9.eyJpZCI6IjYxZGMxZWE0Mzg5OGM5YzYzMjg3ZjIwZiIsImlhdCI6MTY0MjAzOTk1Mn0.IDIVzWIXIO_CzJAFY5zpRRFdq7IU7nJW-_WvdSe_HX HTTP/1.1" 400 31 "-" "PostmanRuntime/7.28.4"

info: ::1 - - [13/Jan/2022:04:38:55 +0000] "PUT /api/v1/resetPassword/eyJhbGciOiJIUzI1NiIsInR5cCI6IkpXVCJ9.eyJpZCI6IjYxZGMxZWE0Mzg5OGM5YzYzMjg3ZjIwZiIsImlhdCI6MTY0MjAzOTk1Mn0.IDIVzWIXIO_CzJAFY5zpRRFdq7IU7nJW-_WvdSe_HXU HTTP/1.1" 200 33 "-" "PostmanRuntime/7.28.4"

info: ::1 - - [13/Jan/2022:04:39:33 +0000] "PUT /api/v1/resetPassword/eyJhbGciOiJIUzI1NiIsInR5cCI6IkpXVCJ9.eyJpZCI6IjYxZGMxZWE0Mzg5OGM5YzYzMjg3ZjIwZiIsImlhdCI6MTY0MjAzOTk1Mn0.IDIVzWIXIO_CzJAFY5zpRRFdq7IU7nJW-_WvdSe_HXU HTTP/1.1" 200 33 "-" "PostmanRuntime/7.28.4"

info: ::1 - - [13/Jan/2022:04:40:57 +0000] "PUT /api/v1/resetPassword/eyJhbGciOiJIUzI1NiIsInR5cCI6IkpXVCJ9.eyJpZCI6IjYxZGMxZWE0Mzg5OGM5YzYzMjg3ZjIwZiIsImlhdCI6MTY0MjAzOTk1Mn0.IDIVzWIXIO_CzJAFY5zpRRFdq7IU7nJW-_WvdSe_HXU HTTP/1.1" 200 41 "-" "PostmanRuntime/7.28.4"

info: ::1 - - [13/Jan/2022:04:48:04 +0000] "PUT /api/v1/resetPassword/eyJhbGciOiJIUzI1NiIsInR5cCI6IkpXVCJ9.eyJpZCI6IjYxZGMxZWE0Mzg5OGM5YzYzMjg3ZjIwZiIsImlhdCI6MTY0MjAzOTk1Mn0.IDIVzWIXIO_CzJAFY5zpRRFdq7IU7nJW-_WvdSe_HXU HTTP/1.1" 200 41 "-" "PostmanRuntime/7.28.4"

info: ::1 - - [13/Jan/2022:04:48:25 +0000] "PUT /api/v1/resetPassword/eyJhbGciOiJIUzI1NiIsInR5cCI6IkpXVCJ9.eyJpZCI6IjYxZGMxZWE0Mzg5OGM5YzYzMjg3ZjIwZiIsImlhdCI6MTY0MjAzOTk1Mn0.IDIVzWIXIO_CzJAFY5zpRRFdq7IU7nJW-_WvdSe_HXU HTTP/1.1" 200 41 "-" "PostmanRuntime/7.28.4"

info: ::1 - - [13/Jan/2022:04:50:14 +0000] "PUT /api/v1/resetPassword/eyJhbGciOiJIUzI1NiIsInR5cCI6IkpXVCJ9.eyJpZCI6IjYxZGMxZWE0Mzg5OGM5YzYzMjg3ZjIwZiIsImlhdCI6MTY0MjAzOTk1Mn0.IDIVzWIXIO_CzJAFY5zpRRFdq7IU7nJW-_WvdSe_HX HTTP/1.1" 200 17 "-" "PostmanRuntime/7.28.4"

info: ::1 - - [13/Jan/2022:04:50:19 +0000] "PUT /api/v1/resetPassword/eyJhbGciOiJIUzI1NiIsInR5cCI6IkpXVCJ9.eyJpZCI6IjYxZGMxZWE0Mzg5OGM5YzYzMjg3ZjIwZiIsImlhdCI6MTY0MjAzOTk1Mn0.IDIVzWIXIO_CzJAFY5zpRRFdq7IU7nJW-_WvdSe_HXU HTTP/1.1" 200 41 "-" "PostmanRuntime/7.28.4"

info: ::1 - - [13/Jan/2022:04:50:59 +0000] "PUT /api/v1/resetPassword/eyJhbGciOiJIUzI1NiIsInR5cCI6IkpXVCJ9.eyJpZCI6IjYxZGMxZWE0Mzg5OGM5YzYzMjg3ZjIwZiIsImlhdCI6MTY0MjAzOTk1Mn0.IDIVzWIXIO_CzJAFY5zpRRFdq7IU7nJW-_WvdSe_HX HTTP/1.1" 200 2 "-" "PostmanRuntime/7.28.4"

info: ::1 - - [13/Jan/2022:04:51:36 +0000] "PUT /api/v1/resetPassword/eyJhbGciOiJIUzI1NiIsInR5cCI6IkpXVCJ9.eyJpZCI6IjYxZGMxZWE0Mzg5OGM5YzYzMjg3ZjIwZiIsImlhdCI6MTY0MjAzOTk1Mn0.IDIVzWIXIO_CzJAFY5zpRRFdq7IU7nJW-_WvdSe_HX HTTP/1.1" 200 2 "-" "PostmanRuntime/7.28.4"

info: ::1 - - [13/Jan/2022:04:51:41 +0000] "PUT /api/v1/resetPassword/eyJhbGciOiJIUzI1NiIsInR5cCI6IkpXVCJ9.eyJpZCI6IjYxZGMxZWE0Mzg5OGM5YzYzMjg3ZjIwZiIsImlhdCI6MTY0MjAzOTk1Mn0.IDIVzWIXIO_CzJAFY5zpRRFdq7IU7nJW-_WvdSe_HXU HTTP/1.1" 200 2 "-" "PostmanRuntime/7.28.4"

info: ::1 - - [13/Jan/2022:04:52:17 +0000] "PUT /api/v1/resetPassword/eyJhbGciOiJIUzI1NiIsInR5cCI6IkpXVCJ9.eyJpZCI6IjYxZGMxZWE0Mzg5OGM5YzYzMjg3ZjIwZiIsImlhdCI6MTY0MjAzOTk1Mn0.IDIVzWIXIO_CzJAFY5zpRRFdq7IU7nJW-_WvdSe_HXU HTTP/1.1" 200 28 "-" "PostmanRuntime/7.28.4"

info: ::1 - - [13/Jan/2022:04:52:21 +0000] "PUT /api/v1/resetPassword/eyJhbGciOiJIUzI1NiIsInR5cCI6IkpXVCJ9.eyJpZCI6IjYxZGMxZWE0Mzg5OGM5YzYzMjg3ZjIwZiIsImlhdCI6MTY0MjAzOTk1Mn0.IDIVzWIXIO_CzJAFY5zpRRFdq7IU7nJW-_WvdSe_HX HTTP/1.1" 200 28 "-" "PostmanRuntime/7.28.4"

info: ::1 - - [13/Jan/2022:04:52:40 +0000] "PUT /api/v1/resetPassword/eyJhbGciOiJIUzI1NiIsInR5cCI6IkpXVCJ9.eyJpZCI6IjYxZGMxZWE0Mzg5OGM5YzYzMjg3ZjIwZiIsImlhdCI6MTY0MjAzOTk1Mn0.IDIVzWIXIO_CzJAFY5zpRRFdq7IU7nJW-_WvdSe_HX HTTP/1.1" 200 17 "-" "PostmanRuntime/7.28.4"

info: ::1 - - [13/Jan/2022:04:54:32 +0000] "PUT /api/v1/resetPassword/eyJhbGciOiJIUzI1NiIsInR5cCI6IkpXVCJ9.eyJpZCI6IjYxZGMxZWE0Mzg5OGM5YzYzMjg3ZjIwZiIsImlhdCI6MTY0MjAzOTk1Mn0.IDIVzWIXIO_CzJAFY5zpRRFdq7IU7nJW-_WvdSe_HXU HTTP/1.1" 200 28 "-" "PostmanRuntime/7.28.4"

info: ::1 - - [13/Jan/2022:05:20:42 +0000] "GET /api/v1/resetPassword/eyJhbGciOiJIUzI1NiIsInR5cCI6IkpXVCJ9.eyJpZCI6IjYxZGMxZWE0Mzg5OGM5YzYzMjg3ZjIwZiIsImlhdCI6MTY0MTk5ODE0M30.YiMq14gleqioRNiwmMZ_MBcGhokKXuLrp-JyCtDZNfI HTTP/1.1" 404 47 "-" "Mozilla/5.0 (X11; Linux x86_64) AppleWebKit/537.36 (KHTML, like Gecko) Chrome/97.0.4692.71 Safari/537.36"

info: ::1 - - [13/Jan/2022:05:29:31 +0000] "PUT /api/v1/resetPassword/eyJhbGciOiJIUzI1NiIsInR5cCI6IkpXVCJ9.eyJpZCI6IjYxZGMxZWE0Mzg5OGM5YzYzMjg3ZjIwZiIsImlhdCI6MTY0MjAzOTk1Mn0.IDIVzWIXIO_CzJAFY5zpRRFdq7IU7nJW-_WvdSe_HXU HTTP/1.1" 200 28 "-" "PostmanRuntime/7.28.4"

info: ::1 - - [13/Jan/2022:05:31:31 +0000] "PUT /api/v1/resetPassword/eyJhbGciOiJIUzI1NiIsInR5cCI6IkpXVCJ9.eyJpZCI6IjYxZGMxZWE0Mzg5OGM5YzYzMjg3ZjIwZiIsImlhdCI6MTY0MjAzOTk1Mn0.IDIVzWIXIO_CzJAFY5zpRRFdq7IU7nJW-_WvdSe_HXU HTTP/1.1" 200 28 "-" "PostmanRuntime/7.28.4"

info: ::1 - - [13/Jan/2022:05:32:31 +0000] "POST /api/v1/forgetPassword HTTP/1.1" 200 192 "-" "PostmanRuntime/7.28.4"

info: ::1 - - [13/Jan/2022:05:33:09 +0000] "PUT /api/v1/resetPassword/eyJhbGciOiJIUzI1NiIsInR5cCI6IkpXVCJ9.eyJpZCI6IjYxZGMxZWE0Mzg5OGM5YzYzMjg3ZjIwZiIsImlhdCI6MTY0MjA1MTk0OH0.oplaA4bverAcLV71rUrd9AGi1tI8ANlRf8BmGh-2Bl8 HTTP/1.1" 200 28 "-" "PostmanRuntime/7.28.4"

info: ::1 - - [13/Jan/2022:05:34:05 +0000] "PUT /api/v1/resetPassword/eyJhbGciOiJIUzI1NiIsInR5cCI6IkpXVCJ9.eyJpZCI6IjYxZGMxZWE0Mzg5OGM5YzYzMjg3ZjIwZiIsImlhdCI6MTY0MjA1MTk0OH0.oplaA4bverAcLV71rUrd9AGi1tI8ANlRf8BmGh-2Bl8 HTTP/1.1" 200 28 "-" "PostmanRuntime/7.28.4"

info: ::1 - - [13/Jan/2022:05:38:36 +0000] "PUT /api/v1/resetPassword/eyJhbGciOiJIUzI1NiIsInR5cCI6IkpXVCJ9.eyJpZCI6IjYxZGMxZWE0Mzg5OGM5YzYzMjg3ZjIwZiIsImlhdCI6MTY0MjA1MTk0OH0.oplaA4bverAcLV71rUrd9AGi1tI8ANlRf8BmGh-2Bl8 HTTP/1.1" 200 28 "-" "PostmanRuntime/7.28.4"

info: ::1 - - [13/Jan/2022:06:24:26 +0000] "PUT /api/v1/resetPassword/eyJhbGciOiJIUzI1NiIsInR5cCI6IkpXVCJ9.eyJpZCI6IjYxZGMxZWE0Mzg5OGM5YzYzMjg3ZjIwZiIsImlhdCI6MTY0MjA1MTk0OH0.oplaA4bverAcLV71rUrd9AGi1tI8ANlRf8BmGh-2Bl8 HTTP/1.1" 200 28 "-" "PostmanRuntime/7.28.4"

info: ::1 - - [13/Jan/2022:06:42:15 +0000] "POST /api/v1/forgetPassword HTTP/1.1" 200 192 "-" "PostmanRuntime/7.28.4"

info: ::1 - - [13/Jan/2022:06:42:39 +0000] "GET /api/v1/resetPassword/eyJhbGciOiJIUzI1NiIsInR5cCI6IkpXVCJ9.eyJpZCI6IjYxZGMxZWE0Mzg5OGM5YzYzMjg3ZjIwZiIsImlhdCI6MTY0MTk5ODE0M30.YiMq14gleqioRNiwmMZ_MBcGhokKXuLrp-JyCtDZNfI HTTP/1.1" 404 47 "-" "Mozilla/5.0 (X11; Linux x86_64) AppleWebKit/537.36 (KHTML, like Gecko) Chrome/97.0.4692.71 Safari/537.36"

info: ::1 - - [13/Jan/2022:06:44:28 +0000] "POST /api/v1/forgetPassword HTTP/1.1" 200 192 "-" "PostmanRuntime/7.28.4"

