info: Server started at http://localhost:7000/api/v1/ {"timestamp":"2022-01-19T18:40:04.490Z"}
info: Connected to the database. {"timestamp":"2022-01-19T18:40:04.513Z"}
info: Server started at http://localhost:7000/api/v1/ {"timestamp":"2022-01-19T18:42:14.007Z"}
info: Connected to the database. {"timestamp":"2022-01-19T18:42:14.033Z"}
info: Connected to the database. {"timestamp":"2022-01-19T18:42:14.146Z"}
info: Server started at http://localhost:7000/api/v1/ {"timestamp":"2022-01-19T18:42:29.040Z"}
info: Connected to the database. {"timestamp":"2022-01-19T18:42:29.065Z"}
info: Server started at http://localhost:7000/api/v1/ {"timestamp":"2022-01-19T18:44:10.992Z"}
info: Connected to the database. {"timestamp":"2022-01-19T18:44:11.015Z"}
info: Server started at http://localhost:7000/api/v1/ {"timestamp":"2022-01-19T18:44:28.309Z"}
info: Connected to the database. {"timestamp":"2022-01-19T18:44:28.326Z"}
info: Server started at http://localhost:7000/api/v1/ {"timestamp":"2022-01-19T18:45:13.050Z"}
info: Connected to the database. {"timestamp":"2022-01-19T18:45:13.075Z"}
info: Connected to the database. {"timestamp":"2022-01-19T18:45:13.095Z"}
info: Server started at http://localhost:7000/api/v1/ {"timestamp":"2022-01-19T18:45:20.790Z"}
info: Connected to the database. {"timestamp":"2022-01-19T18:45:20.816Z"}
info: Connected to the database. {"timestamp":"2022-01-19T18:45:20.884Z"}
info: Server started at http://localhost:7000/api/v1/ {"timestamp":"2022-01-19T18:45:31.998Z"}
info: Connected to the database. {"timestamp":"2022-01-19T18:45:32.022Z"}
info: Server started at http://localhost:7000/api/v1/ {"timestamp":"2022-01-19T18:45:58.213Z"}
info: Connected to the database. {"timestamp":"2022-01-19T18:45:58.239Z"}
info: Server started at http://localhost:7000/api/v1/ {"timestamp":"2022-01-19T18:46:08.593Z"}
info: Connected to the database. {"timestamp":"2022-01-19T18:46:08.616Z"}
info: Server started at http://localhost:7000/api/v1/ {"timestamp":"2022-01-19T18:46:12.243Z"}
info: Connected to the database. {"timestamp":"2022-01-19T18:46:12.261Z"}
error: 
      status - 400
      message - Token is required 
      url - /api/v1/user/getNotes 
      method - GET 
      IP - ::1
     {"timestamp":"2022-01-19T18:46:30.880Z"}
info: Server started at http://localhost:7000/api/v1/ {"timestamp":"2022-01-20T02:35:13.615Z"}
info: Connected to the database. {"timestamp":"2022-01-20T02:35:13.645Z"}
info: Server started at http://localhost:7000/api/v1/ {"timestamp":"2022-01-20T05:38:31.425Z"}
info: Connected to the database. {"timestamp":"2022-01-20T05:38:31.443Z"}
info: Server started at http://localhost:7000/api/v1/ {"timestamp":"2022-01-20T05:39:50.319Z"}
info: Connected to the database. {"timestamp":"2022-01-20T05:39:50.350Z"}
info: Connected to the database. {"timestamp":"2022-01-20T05:39:50.575Z"}
info: Server started at http://localhost:7000/api/v1/ {"timestamp":"2022-01-20T05:39:56.036Z"}
info: Connected to the database. {"timestamp":"2022-01-20T05:39:56.071Z"}
info: Connected to the database. {"timestamp":"2022-01-20T05:39:56.075Z"}
info: Server started at http://localhost:7000/api/v1/ {"timestamp":"2022-01-20T05:40:13.419Z"}
info: Connected to the database. {"timestamp":"2022-01-20T05:40:13.457Z"}
info: Connected to the database. {"timestamp":"2022-01-20T05:40:13.470Z"}
info: Server started at http://localhost:7000/api/v1/ {"timestamp":"2022-01-20T05:40:31.097Z"}
info: Connected to the database. {"timestamp":"2022-01-20T05:40:31.117Z"}
info: Server started at http://localhost:7000/api/v1/ {"timestamp":"2022-01-20T05:40:58.322Z"}
info: Connected to the database. {"timestamp":"2022-01-20T05:40:58.360Z"}
info: Connected to the database. {"timestamp":"2022-01-20T05:40:58.432Z"}
info: Server started at http://localhost:7000/api/v1/ {"timestamp":"2022-01-20T05:41:12.284Z"}
info: Connected to the database. {"timestamp":"2022-01-20T05:41:12.305Z"}
info: Server started at http://localhost:7000/api/v1/ {"timestamp":"2022-01-20T05:46:21.527Z"}
info: Connected to the database. {"timestamp":"2022-01-20T05:46:21.556Z"}
info: Connected to the database. {"timestamp":"2022-01-20T05:46:21.574Z"}
info: Server started at http://localhost:7000/api/v1/ {"timestamp":"2022-01-20T05:46:31.689Z"}
info: Connected to the database. {"timestamp":"2022-01-20T05:46:31.725Z"}
info: Connected to the database. {"timestamp":"2022-01-20T05:46:31.752Z"}
info: Server started at http://localhost:7000/api/v1/ {"timestamp":"2022-01-20T05:46:39.165Z"}
info: Connected to the database. {"timestamp":"2022-01-20T05:46:39.186Z"}
info: Server started at http://localhost:7000/api/v1/ {"timestamp":"2022-01-20T05:47:08.890Z"}
info: Connected to the database. {"timestamp":"2022-01-20T05:47:08.917Z"}
info: Connected to the database. {"timestamp":"2022-01-20T05:47:09.033Z"}
info: Server started at http://localhost:7000/api/v1/ {"timestamp":"2022-01-20T05:47:16.420Z"}
info: Connected to the database. {"timestamp":"2022-01-20T05:47:16.454Z"}
info: Connected to the database. {"timestamp":"2022-01-20T05:47:16.456Z"}
info: Server started at http://localhost:7000/api/v1/ {"timestamp":"2022-01-20T05:47:22.944Z"}
info: Connected to the database. {"timestamp":"2022-01-20T05:47:22.966Z"}
info: Server started at http://localhost:7000/api/v1/ {"timestamp":"2022-01-20T05:48:20.286Z"}
info: Connected to the database. {"timestamp":"2022-01-20T05:48:20.324Z"}
info: Connected to the database. {"timestamp":"2022-01-20T05:48:20.369Z"}
info: Server started at http://localhost:7000/api/v1/ {"timestamp":"2022-01-20T05:48:27.019Z"}
info: Connected to the database. {"timestamp":"2022-01-20T05:48:27.046Z"}
info: Connected to the database. {"timestamp":"2022-01-20T05:48:27.085Z"}
info: Server started at http://localhost:7000/api/v1/ {"timestamp":"2022-01-20T05:48:31.938Z"}
info: Connected to the database. {"timestamp":"2022-01-20T05:48:31.964Z"}
info: Connected to the database. {"timestamp":"2022-01-20T05:48:32.029Z"}
info: Server started at http://localhost:7000/api/v1/ {"timestamp":"2022-01-20T05:48:36.644Z"}
info: Connected to the database. {"timestamp":"2022-01-20T05:48:36.670Z"}
info: Connected to the database. {"timestamp":"2022-01-20T05:48:36.714Z"}
info: Server started at http://localhost:7000/api/v1/ {"timestamp":"2022-01-20T05:48:44.374Z"}
info: Connected to the database. {"timestamp":"2022-01-20T05:48:44.401Z"}
info: Connected to the database. {"timestamp":"2022-01-20T05:48:44.511Z"}
info: Server started at http://localhost:7000/api/v1/ {"timestamp":"2022-01-20T05:48:49.650Z"}
info: Connected to the database. {"timestamp":"2022-01-20T05:48:49.677Z"}
info: Connected to the database. {"timestamp":"2022-01-20T05:48:49.716Z"}
info: Server started at http://localhost:7000/api/v1/ {"timestamp":"2022-01-20T06:20:07.907Z"}
info: Connected to the database. {"timestamp":"2022-01-20T06:20:07.931Z"}
info: Server started at http://localhost:7000/api/v1/ {"timestamp":"2022-01-20T06:20:16.921Z"}
info: Connected to the database. {"timestamp":"2022-01-20T06:20:16.949Z"}
info: Server started at http://localhost:7000/api/v1/ {"timestamp":"2022-01-20T06:45:01.886Z"}
info: Connected to the database. {"timestamp":"2022-01-20T06:45:01.914Z"}
info: Server started at http://localhost:7000/api/v1/ {"timestamp":"2022-01-20T06:45:06.762Z"}
info: Connected to the database. {"timestamp":"2022-01-20T06:45:06.782Z"}
info: Server started at http://localhost:7000/api/v1/ {"timestamp":"2022-01-20T11:30:15.386Z"}
info: Connected to the database. {"timestamp":"2022-01-20T11:30:15.409Z"}
info: Server started at http://localhost:7000/api/v1/ {"timestamp":"2022-01-20T11:31:05.500Z"}
info: Connected to the database. {"timestamp":"2022-01-20T11:31:05.523Z"}
info: Server started at http://localhost:7000/api/v1/ {"timestamp":"2022-01-20T11:31:12.029Z"}
info: Connected to the database. {"timestamp":"2022-01-20T11:31:12.055Z"}
info: Server started at http://localhost:7000/api/v1/ {"timestamp":"2022-01-20T11:31:16.803Z"}
info: Connected to the database. {"timestamp":"2022-01-20T11:31:16.824Z"}
info: Server started at http://localhost:7000/api/v1/ {"timestamp":"2022-01-20T11:45:09.875Z"}
info: Connected to the database. {"timestamp":"2022-01-20T11:45:09.901Z"}
