info: Server started at http://localhost:7000/api/v1/ {"timestamp":"2022-01-23T11:39:43.102Z"}
info: Connected to the database. {"timestamp":"2022-01-23T11:39:43.124Z"}
info: Server started at http://localhost:7000/api/v1/ {"timestamp":"2022-01-23T11:50:17.555Z"}
info: Connected to the database. {"timestamp":"2022-01-23T11:50:17.579Z"}
info: Server started at http://localhost:7000/api/v1/ {"timestamp":"2022-01-23T11:51:17.424Z"}
info: Connected to the database. {"timestamp":"2022-01-23T11:51:17.446Z"}
info: Server started at http://localhost:7000/api/v1/ {"timestamp":"2022-01-23T11:52:23.662Z"}
info: Connected to the database. {"timestamp":"2022-01-23T11:52:23.684Z"}
info: Server started at http://localhost:7000/api/v1/ {"timestamp":"2022-01-23T11:53:07.295Z"}
info: Connected to the database. {"timestamp":"2022-01-23T11:53:07.317Z"}
info: Server started at http://localhost:7000/api/v1/ {"timestamp":"2022-01-23T11:53:19.813Z"}
info: Connected to the database. {"timestamp":"2022-01-23T11:53:19.836Z"}
info: Server started at http://localhost:7000/api/v1/ {"timestamp":"2022-01-23T11:54:07.594Z"}
info: Connected to the database. {"timestamp":"2022-01-23T11:54:07.618Z"}
info: Server started at http://localhost:7000/api/v1/ {"timestamp":"2022-01-23T13:27:37.786Z"}
info: Connected to the database. {"timestamp":"2022-01-23T13:27:37.811Z"}
info: Server started at http://localhost:7000/api/v1/ {"timestamp":"2022-01-23T13:29:18.365Z"}
info: Connected to the database. {"timestamp":"2022-01-23T13:29:18.388Z"}
info: Server started at http://localhost:7000/api/v1/ {"timestamp":"2022-01-23T13:29:50.289Z"}
info: Connected to the database. {"timestamp":"2022-01-23T13:29:50.313Z"}
info: Server started at http://localhost:7000/api/v1/ {"timestamp":"2022-01-23T13:30:24.563Z"}
info: Connected to the database. {"timestamp":"2022-01-23T13:30:24.586Z"}
info: Server started at http://localhost:7000/api/v1/ {"timestamp":"2022-01-23T13:30:35.072Z"}
info: Connected to the database. {"timestamp":"2022-01-23T13:30:35.095Z"}
info: Server started at http://localhost:7000/api/v1/ {"timestamp":"2022-01-23T13:32:54.305Z"}
info: Connected to the database. {"timestamp":"2022-01-23T13:32:54.327Z"}
info: Server started at http://localhost:7000/api/v1/ {"timestamp":"2022-01-23T13:33:14.249Z"}
info: Connected to the database. {"timestamp":"2022-01-23T13:33:14.271Z"}
info: Server started at http://localhost:7000/api/v1/ {"timestamp":"2022-01-23T13:34:35.958Z"}
info: Connected to the database. {"timestamp":"2022-01-23T13:34:35.981Z"}
info: Server started at http://localhost:7000/api/v1/ {"timestamp":"2022-01-23T13:34:43.331Z"}
info: Connected to the database. {"timestamp":"2022-01-23T13:34:43.354Z"}
info: Server started at http://localhost:7000/api/v1/ {"timestamp":"2022-01-23T13:37:46.745Z"}
info: Connected to the database. {"timestamp":"2022-01-23T13:37:46.768Z"}
info: Server started at http://localhost:7000/api/v1/ {"timestamp":"2022-01-23T13:38:23.976Z"}
info: Connected to the database. {"timestamp":"2022-01-23T13:38:24.000Z"}
info: Server started at http://localhost:7000/api/v1/ {"timestamp":"2022-01-23T13:39:30.945Z"}
info: Connected to the database. {"timestamp":"2022-01-23T13:39:30.968Z"}
info: Server started at http://localhost:7000/api/v1/ {"timestamp":"2022-01-23T13:40:03.932Z"}
info: Connected to the database. {"timestamp":"2022-01-23T13:40:03.954Z"}
info: Server started at http://localhost:7000/api/v1/ {"timestamp":"2022-01-23T13:40:13.657Z"}
info: Connected to the database. {"timestamp":"2022-01-23T13:40:13.680Z"}
info: Server started at http://localhost:7000/api/v1/ {"timestamp":"2022-01-23T13:40:21.265Z"}
info: Connected to the database. {"timestamp":"2022-01-23T13:40:21.287Z"}
info: Server started at http://localhost:7000/api/v1/ {"timestamp":"2022-01-23T13:40:32.398Z"}
info: Connected to the database. {"timestamp":"2022-01-23T13:40:32.421Z"}
info: Server started at http://localhost:7000/api/v1/ {"timestamp":"2022-01-23T13:41:04.570Z"}
info: Connected to the database. {"timestamp":"2022-01-23T13:41:04.592Z"}
info: Server started at http://localhost:7000/api/v1/ {"timestamp":"2022-01-23T13:41:14.420Z"}
info: Connected to the database. {"timestamp":"2022-01-23T13:41:14.443Z"}
info: Server started at http://localhost:7000/api/v1/ {"timestamp":"2022-01-23T13:41:40.181Z"}
info: Connected to the database. {"timestamp":"2022-01-23T13:41:40.206Z"}
info: Server started at http://localhost:7000/api/v1/ {"timestamp":"2022-01-23T13:41:44.337Z"}
info: Connected to the database. {"timestamp":"2022-01-23T13:41:44.360Z"}
info: Server started at http://localhost:7000/api/v1/ {"timestamp":"2022-01-23T13:41:51.170Z"}
info: Connected to the database. {"timestamp":"2022-01-23T13:41:51.193Z"}
info: Server started at http://localhost:7000/api/v1/ {"timestamp":"2022-01-23T13:41:55.994Z"}
info: Connected to the database. {"timestamp":"2022-01-23T13:41:56.011Z"}
error: 
      status - 11000
      message - E11000 duplicate key error collection: FundooNotes.users index: email_1 dup key: { email: "saran@gmail.com" } 
      url - /api/v1/users/register 
      method - POST 
      IP - ::1
     {"timestamp":"2022-01-23T13:42:23.066Z"}
error: 
    status - 500 
    message - RangeError [ERR_HTTP_INVALID_STATUS_CODE]: Invalid status code: 11000
    at new NodeError (internal/errors.js:322:7)
    at ServerResponse.writeHead (_http_server.js:259:11)
    at ServerResponse.writeHead (/home/hp/Desktop/PROJECTS/MEAN/FundooNotes/node_modules/on-headers/index.js:44:26)
    at ServerResponse._implicitHeader (_http_server.js:250:8)
    at write_ (_http_outgoing.js:711:9)
    at ServerResponse.end (_http_outgoing.js:825:5)
    at ServerResponse.send (/home/hp/Desktop/PROJECTS/MEAN/FundooNotes/node_modules/express/lib/response.js:221:10)
    at ServerResponse.json (/home/hp/Desktop/PROJECTS/MEAN/FundooNotes/node_modules/express/lib/response.js:267:15)
    at appErrorHandler (/home/hp/Desktop/PROJECTS/MEAN/FundooNotes/src/middlewares/error.middleware.js:36:26)
    at Layer.handle_error (/home/hp/Desktop/PROJECTS/MEAN/FundooNotes/node_modules/express/lib/router/layer.js:71:5) 
    url - /api/v1/users/register 
    method - POST 
    IP - ::1
   {"timestamp":"2022-01-23T13:42:23.073Z"}
info: Server started at http://localhost:7000/api/v1/ {"timestamp":"2022-01-23T13:44:20.872Z"}
info: Connected to the database. {"timestamp":"2022-01-23T13:44:20.892Z"}
error: 
    status - 500 
    message - Error: Not a Valid Password
    at _callee3$ (/home/hp/Desktop/PROJECTS/MEAN/FundooNotes/src/services/user.service.js:34:13)
    at tryCatch (/home/hp/Desktop/PROJECTS/MEAN/FundooNotes/node_modules/regenerator-runtime/runtime.js:63:40)
    at Generator.invoke [as _invoke] (/home/hp/Desktop/PROJECTS/MEAN/FundooNotes/node_modules/regenerator-runtime/runtime.js:294:22)
    at Generator.next (/home/hp/Desktop/PROJECTS/MEAN/FundooNotes/node_modules/regenerator-runtime/runtime.js:119:21)
    at asyncGeneratorStep (/home/hp/Desktop/PROJECTS/MEAN/FundooNotes/node_modules/@babel/runtime/helpers/asyncToGenerator.js:3:24)
    at _next (/home/hp/Desktop/PROJECTS/MEAN/FundooNotes/node_modules/@babel/runtime/helpers/asyncToGenerator.js:25:9) 
    url - /api/v1/users/login 
    method - POST 
    IP - ::1
   {"timestamp":"2022-01-23T13:48:35.576Z"}
error: 
    status - 500 
    message - Error: Not a Valid Password
    at _callee3$ (/home/hp/Desktop/PROJECTS/MEAN/FundooNotes/src/services/user.service.js:34:13)
    at tryCatch (/home/hp/Desktop/PROJECTS/MEAN/FundooNotes/node_modules/regenerator-runtime/runtime.js:63:40)
    at Generator.invoke [as _invoke] (/home/hp/Desktop/PROJECTS/MEAN/FundooNotes/node_modules/regenerator-runtime/runtime.js:294:22)
    at Generator.next (/home/hp/Desktop/PROJECTS/MEAN/FundooNotes/node_modules/regenerator-runtime/runtime.js:119:21)
    at asyncGeneratorStep (/home/hp/Desktop/PROJECTS/MEAN/FundooNotes/node_modules/@babel/runtime/helpers/asyncToGenerator.js:3:24)
    at _next (/home/hp/Desktop/PROJECTS/MEAN/FundooNotes/node_modules/@babel/runtime/helpers/asyncToGenerator.js:25:9) 
    url - /api/v1/users/login 
    method - POST 
    IP - ::1
   {"timestamp":"2022-01-23T13:48:53.865Z"}
error: 
    status - 500 
    message - Error: Not a Valid Password
    at _callee3$ (/home/hp/Desktop/PROJECTS/MEAN/FundooNotes/src/services/user.service.js:34:13)
    at tryCatch (/home/hp/Desktop/PROJECTS/MEAN/FundooNotes/node_modules/regenerator-runtime/runtime.js:63:40)
    at Generator.invoke [as _invoke] (/home/hp/Desktop/PROJECTS/MEAN/FundooNotes/node_modules/regenerator-runtime/runtime.js:294:22)
    at Generator.next (/home/hp/Desktop/PROJECTS/MEAN/FundooNotes/node_modules/regenerator-runtime/runtime.js:119:21)
    at asyncGeneratorStep (/home/hp/Desktop/PROJECTS/MEAN/FundooNotes/node_modules/@babel/runtime/helpers/asyncToGenerator.js:3:24)
    at _next (/home/hp/Desktop/PROJECTS/MEAN/FundooNotes/node_modules/@babel/runtime/helpers/asyncToGenerator.js:25:9) 
    url - /api/v1/users/login 
    method - POST 
    IP - ::1
   {"timestamp":"2022-01-23T13:48:58.779Z"}
error: 
    status - 500 
    message - Error: Not a Valid Password
    at _callee3$ (/home/hp/Desktop/PROJECTS/MEAN/FundooNotes/src/services/user.service.js:34:13)
    at tryCatch (/home/hp/Desktop/PROJECTS/MEAN/FundooNotes/node_modules/regenerator-runtime/runtime.js:63:40)
    at Generator.invoke [as _invoke] (/home/hp/Desktop/PROJECTS/MEAN/FundooNotes/node_modules/regenerator-runtime/runtime.js:294:22)
    at Generator.next (/home/hp/Desktop/PROJECTS/MEAN/FundooNotes/node_modules/regenerator-runtime/runtime.js:119:21)
    at asyncGeneratorStep (/home/hp/Desktop/PROJECTS/MEAN/FundooNotes/node_modules/@babel/runtime/helpers/asyncToGenerator.js:3:24)
    at _next (/home/hp/Desktop/PROJECTS/MEAN/FundooNotes/node_modules/@babel/runtime/helpers/asyncToGenerator.js:25:9) 
    url - /api/v1/users/login 
    method - POST 
    IP - ::1
   {"timestamp":"2022-01-23T13:49:03.784Z"}
info: Server started at http://localhost:7000/api/v1/ {"timestamp":"2022-01-23T13:54:13.265Z"}
info: Connected to the database. {"timestamp":"2022-01-23T13:54:13.294Z"}
info: Connected to the database. {"timestamp":"2022-01-23T13:54:13.430Z"}
info: Server started at http://localhost:7000/api/v1/ {"timestamp":"2022-01-23T13:54:40.270Z"}
info: Connected to the database. {"timestamp":"2022-01-23T13:54:40.292Z"}
info: Server started at http://localhost:7000/api/v1/ {"timestamp":"2022-01-23T13:54:43.756Z"}
info: Connected to the database. {"timestamp":"2022-01-23T13:54:43.776Z"}
info: Server started at http://localhost:7000/api/v1/ {"timestamp":"2022-01-23T13:55:29.234Z"}
info: Connected to the database. {"timestamp":"2022-01-23T13:55:29.257Z"}
info: Connected to the database. {"timestamp":"2022-01-23T13:55:29.360Z"}
info: Server started at http://localhost:7000/api/v1/ {"timestamp":"2022-01-23T13:55:48.177Z"}
info: Connected to the database. {"timestamp":"2022-01-23T13:55:48.197Z"}
info: Server started at http://localhost:7000/api/v1/ {"timestamp":"2022-01-23T13:56:35.805Z"}
info: Connected to the database. {"timestamp":"2022-01-23T13:56:35.829Z"}
info: Connected to the database. {"timestamp":"2022-01-23T13:56:35.880Z"}
info: Server started at http://localhost:7000/api/v1/ {"timestamp":"2022-01-23T13:56:44.456Z"}
info: Connected to the database. {"timestamp":"2022-01-23T13:56:44.475Z"}
info: Server started at http://localhost:7000/api/v1/ {"timestamp":"2022-01-23T13:58:00.777Z"}
info: Connected to the database. {"timestamp":"2022-01-23T13:58:00.803Z"}
info: Connected to the database. {"timestamp":"2022-01-23T13:58:00.844Z"}
info: Server started at http://localhost:7000/api/v1/ {"timestamp":"2022-01-23T13:58:06.644Z"}
info: Connected to the database. {"timestamp":"2022-01-23T13:58:06.666Z"}
error: 
    status - 500 
    message - Error: Not a Valid Password
    at _callee3$ (/home/hp/Desktop/PROJECTS/MEAN/FundooNotes/src/services/user.service.js:34:13)
    at tryCatch (/home/hp/Desktop/PROJECTS/MEAN/FundooNotes/node_modules/regenerator-runtime/runtime.js:63:40)
    at Generator.invoke [as _invoke] (/home/hp/Desktop/PROJECTS/MEAN/FundooNotes/node_modules/regenerator-runtime/runtime.js:294:22)
    at Generator.next (/home/hp/Desktop/PROJECTS/MEAN/FundooNotes/node_modules/regenerator-runtime/runtime.js:119:21)
    at asyncGeneratorStep (/home/hp/Desktop/PROJECTS/MEAN/FundooNotes/node_modules/@babel/runtime/helpers/asyncToGenerator.js:3:24)
    at _next (/home/hp/Desktop/PROJECTS/MEAN/FundooNotes/node_modules/@babel/runtime/helpers/asyncToGenerator.js:25:9) 
    url - /api/v1/users/login 
    method - POST 
    IP - ::1
   {"timestamp":"2022-01-23T14:08:30.208Z"}
info: Server started at http://localhost:7000/api/v1/ {"timestamp":"2022-01-23T14:14:19.968Z"}
info: Connected to the database. {"timestamp":"2022-01-23T14:14:19.996Z"}
info: Connected to the database. {"timestamp":"2022-01-23T14:14:20.066Z"}
info: Server started at http://localhost:7000/api/v1/ {"timestamp":"2022-01-23T14:30:37.179Z"}
info: Connected to the database. {"timestamp":"2022-01-23T14:30:37.199Z"}
error: 
    status - 500 
    message - Error: Cast to undefined failed for value undefined at path "undefined"
    at new MongooseError (/home/hp/Desktop/PROJECTS/MEAN/FundooNotes/node_modules/mongoose/lib/error/mongooseError.js:7:1)
    at new CastError (/home/hp/Desktop/PROJECTS/MEAN/FundooNotes/node_modules/mongoose/lib/error/cast.js:31:7)
    at model.Query.exec (/home/hp/Desktop/PROJECTS/MEAN/FundooNotes/node_modules/mongoose/lib/query.js:4498:21)
    at model.Query.Query.then (/home/hp/Desktop/PROJECTS/MEAN/FundooNotes/node_modules/mongoose/lib/query.js:4592:15)
    at processTicksAndRejections (internal/process/task_queues.js:95:5) 
    url - /api/v1/notes/trash 
    method - GET 
    IP - ::1
   {"timestamp":"2022-01-23T14:33:38.357Z"}
info: Server started at http://localhost:7000/api/v1/ {"timestamp":"2022-01-23T14:35:31.417Z"}
info: Connected to the database. {"timestamp":"2022-01-23T14:35:31.441Z"}
info: Connected to the database. {"timestamp":"2022-01-23T14:35:31.534Z"}
info: Server started at http://localhost:7000/api/v1/ {"timestamp":"2022-01-23T14:36:07.475Z"}
info: Connected to the database. {"timestamp":"2022-01-23T14:36:07.499Z"}
info: Connected to the database. {"timestamp":"2022-01-23T14:36:07.531Z"}
info: Server started at http://localhost:7000/api/v1/ {"timestamp":"2022-01-23T14:36:10.722Z"}
info: Connected to the database. {"timestamp":"2022-01-23T14:36:10.746Z"}
info: Connected to the database. {"timestamp":"2022-01-23T14:36:10.771Z"}
info: Server started at http://localhost:7000/api/v1/ {"timestamp":"2022-01-23T14:36:15.211Z"}
info: Connected to the database. {"timestamp":"2022-01-23T14:36:15.238Z"}
info: Connected to the database. {"timestamp":"2022-01-23T14:36:15.243Z"}
info: Server started at http://localhost:7000/api/v1/ {"timestamp":"2022-01-23T14:36:24.850Z"}
info: Connected to the database. {"timestamp":"2022-01-23T14:36:24.868Z"}
error: 
    status - 500 
    message - Error: Cast to undefined failed for value undefined at path "undefined"
    at new MongooseError (/home/hp/Desktop/PROJECTS/MEAN/FundooNotes/node_modules/mongoose/lib/error/mongooseError.js:7:1)
    at new CastError (/home/hp/Desktop/PROJECTS/MEAN/FundooNotes/node_modules/mongoose/lib/error/cast.js:31:7)
    at model.Query.exec (/home/hp/Desktop/PROJECTS/MEAN/FundooNotes/node_modules/mongoose/lib/query.js:4498:21)
    at model.Query.Query.then (/home/hp/Desktop/PROJECTS/MEAN/FundooNotes/node_modules/mongoose/lib/query.js:4592:15)
    at processTicksAndRejections (internal/process/task_queues.js:95:5) 
    url - /api/v1/notes/trash 
    method - GET 
    IP - ::1
   {"timestamp":"2022-01-23T14:36:39.935Z"}
info: Server started at http://localhost:7000/api/v1/ {"timestamp":"2022-01-23T14:37:18.339Z"}
info: Connected to the database. {"timestamp":"2022-01-23T14:37:18.363Z"}
info: Connected to the database. {"timestamp":"2022-01-23T14:37:18.384Z"}
info: Server started at http://localhost:7000/api/v1/ {"timestamp":"2022-01-23T14:37:21.708Z"}
info: Connected to the database. {"timestamp":"2022-01-23T14:37:21.735Z"}
info: Connected to the database. {"timestamp":"2022-01-23T14:37:21.743Z"}
info: Server started at http://localhost:7000/api/v1/ {"timestamp":"2022-01-23T14:37:28.081Z"}
info: Connected to the database. {"timestamp":"2022-01-23T14:37:28.104Z"}
info: Connected to the database. {"timestamp":"2022-01-23T14:37:28.161Z"}
info: Server started at http://localhost:7000/api/v1/ {"timestamp":"2022-01-23T14:37:34.929Z"}
info: Connected to the database. {"timestamp":"2022-01-23T14:37:34.947Z"}
error: 
    status - 500 
    message - Error: Cast to undefined failed for value undefined at path "undefined"
    at new MongooseError (/home/hp/Desktop/PROJECTS/MEAN/FundooNotes/node_modules/mongoose/lib/error/mongooseError.js:7:1)
    at new CastError (/home/hp/Desktop/PROJECTS/MEAN/FundooNotes/node_modules/mongoose/lib/error/cast.js:31:7)
    at model.Query.exec (/home/hp/Desktop/PROJECTS/MEAN/FundooNotes/node_modules/mongoose/lib/query.js:4498:21)
    at model.Query.Query.then (/home/hp/Desktop/PROJECTS/MEAN/FundooNotes/node_modules/mongoose/lib/query.js:4592:15)
    at processTicksAndRejections (internal/process/task_queues.js:95:5) 
    url - /api/v1/notes/trash 
    method - GET 
    IP - ::1
   {"timestamp":"2022-01-23T14:37:39.518Z"}
info: Server started at http://localhost:7000/api/v1/ {"timestamp":"2022-01-23T14:38:35.920Z"}
info: Connected to the database. {"timestamp":"2022-01-23T14:38:35.943Z"}
info: Connected to the database. {"timestamp":"2022-01-23T14:38:35.968Z"}
info: Server started at http://localhost:7000/api/v1/ {"timestamp":"2022-01-23T14:38:47.964Z"}
info: Connected to the database. {"timestamp":"2022-01-23T14:38:47.989Z"}
info: Connected to the database. {"timestamp":"2022-01-23T14:38:48.008Z"}
info: Server started at http://localhost:7000/api/v1/ {"timestamp":"2022-01-23T14:39:17.512Z"}
info: Connected to the database. {"timestamp":"2022-01-23T14:39:17.531Z"}
error: 
    status - 500 
    message - Error: Cast to undefined failed for value undefined at path "undefined"
    at new MongooseError (/home/hp/Desktop/PROJECTS/MEAN/FundooNotes/node_modules/mongoose/lib/error/mongooseError.js:7:1)
    at new CastError (/home/hp/Desktop/PROJECTS/MEAN/FundooNotes/node_modules/mongoose/lib/error/cast.js:31:7)
    at model.Query.exec (/home/hp/Desktop/PROJECTS/MEAN/FundooNotes/node_modules/mongoose/lib/query.js:4498:21)
    at model.Query.Query.then (/home/hp/Desktop/PROJECTS/MEAN/FundooNotes/node_modules/mongoose/lib/query.js:4592:15)
    at processTicksAndRejections (internal/process/task_queues.js:95:5) 
    url - /api/v1/notes/archive 
    method - GET 
    IP - ::1
   {"timestamp":"2022-01-23T14:40:31.178Z"}
error: 
    status - 500 
    message - Error: Cast to undefined failed for value undefined at path "undefined"
    at new MongooseError (/home/hp/Desktop/PROJECTS/MEAN/FundooNotes/node_modules/mongoose/lib/error/mongooseError.js:7:1)
    at new CastError (/home/hp/Desktop/PROJECTS/MEAN/FundooNotes/node_modules/mongoose/lib/error/cast.js:31:7)
    at model.Query.exec (/home/hp/Desktop/PROJECTS/MEAN/FundooNotes/node_modules/mongoose/lib/query.js:4498:21)
    at model.Query.Query.then (/home/hp/Desktop/PROJECTS/MEAN/FundooNotes/node_modules/mongoose/lib/query.js:4592:15)
    at processTicksAndRejections (internal/process/task_queues.js:95:5) 
    url - /api/v1/notes/archive 
    method - GET 
    IP - ::1
   {"timestamp":"2022-01-23T14:42:13.202Z"}
info: Server started at http://localhost:7000/api/v1/ {"timestamp":"2022-01-23T14:45:18.737Z"}
info: Connected to the database. {"timestamp":"2022-01-23T14:45:18.756Z"}
error: 
    status - 500 
    message - Error: Cast to undefined failed for value undefined at path "undefined"
    at new MongooseError (/home/hp/Desktop/PROJECTS/MEAN/FundooNotes/node_modules/mongoose/lib/error/mongooseError.js:7:1)
    at new CastError (/home/hp/Desktop/PROJECTS/MEAN/FundooNotes/node_modules/mongoose/lib/error/cast.js:31:7)
    at model.Query.exec (/home/hp/Desktop/PROJECTS/MEAN/FundooNotes/node_modules/mongoose/lib/query.js:4498:21)
    at model.Query.Query.then (/home/hp/Desktop/PROJECTS/MEAN/FundooNotes/node_modules/mongoose/lib/query.js:4592:15)
    at processTicksAndRejections (internal/process/task_queues.js:95:5) 
    url - /api/v1/notes/archive 
    method - GET 
    IP - ::1
   {"timestamp":"2022-01-23T14:45:22.120Z"}
error: 
    status - 500 
    message - Error: Cast to undefined failed for value undefined at path "undefined"
    at new MongooseError (/home/hp/Desktop/PROJECTS/MEAN/FundooNotes/node_modules/mongoose/lib/error/mongooseError.js:7:1)
    at new CastError (/home/hp/Desktop/PROJECTS/MEAN/FundooNotes/node_modules/mongoose/lib/error/cast.js:31:7)
    at model.Query.exec (/home/hp/Desktop/PROJECTS/MEAN/FundooNotes/node_modules/mongoose/lib/query.js:4498:21)
    at model.Query.Query.then (/home/hp/Desktop/PROJECTS/MEAN/FundooNotes/node_modules/mongoose/lib/query.js:4592:15)
    at processTicksAndRejections (internal/process/task_queues.js:95:5) 
    url - /api/v1/notes/archive 
    method - GET 
    IP - ::1
   {"timestamp":"2022-01-23T14:45:32.135Z"}
info: Server started at http://localhost:7000/api/v1/ {"timestamp":"2022-01-23T14:47:30.612Z"}
info: Connected to the database. {"timestamp":"2022-01-23T14:47:30.635Z"}
info: Connected to the database. {"timestamp":"2022-01-23T14:47:30.665Z"}
info: Server started at http://localhost:7000/api/v1/ {"timestamp":"2022-01-23T14:47:38.142Z"}
info: Connected to the database. {"timestamp":"2022-01-23T14:47:38.161Z"}
error: 
    status - 500 
    message - Error: Cast to undefined failed for value undefined at path "undefined"
    at new MongooseError (/home/hp/Desktop/PROJECTS/MEAN/FundooNotes/node_modules/mongoose/lib/error/mongooseError.js:7:1)
    at new CastError (/home/hp/Desktop/PROJECTS/MEAN/FundooNotes/node_modules/mongoose/lib/error/cast.js:31:7)
    at model.Query.exec (/home/hp/Desktop/PROJECTS/MEAN/FundooNotes/node_modules/mongoose/lib/query.js:4498:21)
    at model.Query.Query.then (/home/hp/Desktop/PROJECTS/MEAN/FundooNotes/node_modules/mongoose/lib/query.js:4592:15)
    at processTicksAndRejections (internal/process/task_queues.js:95:5) 
    url - /api/v1/notes/archive 
    method - GET 
    IP - ::1
   {"timestamp":"2022-01-23T14:47:42.056Z"}
info: Server started at http://localhost:7000/api/v1/ {"timestamp":"2022-01-23T14:48:14.050Z"}
info: Connected to the database. {"timestamp":"2022-01-23T14:48:14.078Z"}
info: Connected to the database. {"timestamp":"2022-01-23T14:48:14.088Z"}
info: Server started at http://localhost:7000/api/v1/ {"timestamp":"2022-01-23T14:48:18.823Z"}
info: Connected to the database. {"timestamp":"2022-01-23T14:48:18.847Z"}
info: Connected to the database. {"timestamp":"2022-01-23T14:48:18.889Z"}
info: Server started at http://localhost:7000/api/v1/ {"timestamp":"2022-01-23T14:49:16.184Z"}
info: Connected to the database. {"timestamp":"2022-01-23T14:49:16.203Z"}
error: 
    status - 500 
    message - Error: Cast to undefined failed for value undefined at path "undefined"
    at new MongooseError (/home/hp/Desktop/PROJECTS/MEAN/FundooNotes/node_modules/mongoose/lib/error/mongooseError.js:7:1)
    at new CastError (/home/hp/Desktop/PROJECTS/MEAN/FundooNotes/node_modules/mongoose/lib/error/cast.js:31:7)
    at model.Query.exec (/home/hp/Desktop/PROJECTS/MEAN/FundooNotes/node_modules/mongoose/lib/query.js:4498:21)
    at model.Query.Query.then (/home/hp/Desktop/PROJECTS/MEAN/FundooNotes/node_modules/mongoose/lib/query.js:4592:15)
    at processTicksAndRejections (internal/process/task_queues.js:95:5) 
    url - /api/v1/notes/archive 
    method - GET 
    IP - ::1
   {"timestamp":"2022-01-23T14:49:18.404Z"}
error: 
    status - 500 
    message - Error: Cast to undefined failed for value undefined at path "undefined"
    at new MongooseError (/home/hp/Desktop/PROJECTS/MEAN/FundooNotes/node_modules/mongoose/lib/error/mongooseError.js:7:1)
    at new CastError (/home/hp/Desktop/PROJECTS/MEAN/FundooNotes/node_modules/mongoose/lib/error/cast.js:31:7)
    at model.Query.exec (/home/hp/Desktop/PROJECTS/MEAN/FundooNotes/node_modules/mongoose/lib/query.js:4498:21)
    at model.Query.Query.then (/home/hp/Desktop/PROJECTS/MEAN/FundooNotes/node_modules/mongoose/lib/query.js:4592:15)
    at processTicksAndRejections (internal/process/task_queues.js:95:5) 
    url - /api/v1/notes/archive 
    method - GET 
    IP - ::1
   {"timestamp":"2022-01-23T14:51:20.270Z"}
error: 
    status - 500 
    message - Error: Cast to undefined failed for value undefined at path "undefined"
    at new MongooseError (/home/hp/Desktop/PROJECTS/MEAN/FundooNotes/node_modules/mongoose/lib/error/mongooseError.js:7:1)
    at new CastError (/home/hp/Desktop/PROJECTS/MEAN/FundooNotes/node_modules/mongoose/lib/error/cast.js:31:7)
    at model.Query.exec (/home/hp/Desktop/PROJECTS/MEAN/FundooNotes/node_modules/mongoose/lib/query.js:4498:21)
    at model.Query.Query.then (/home/hp/Desktop/PROJECTS/MEAN/FundooNotes/node_modules/mongoose/lib/query.js:4592:15)
    at processTicksAndRejections (internal/process/task_queues.js:95:5) 
    url - /api/v1/notes/trash 
    method - GET 
    IP - ::1
   {"timestamp":"2022-01-23T14:51:41.421Z"}
info: Server started at http://localhost:7000/api/v1/ {"timestamp":"2022-01-23T14:52:12.334Z"}
info: Connected to the database. {"timestamp":"2022-01-23T14:52:12.354Z"}
error: 
    status - 500 
    message - Error: Cast to undefined failed for value undefined at path "undefined"
    at new MongooseError (/home/hp/Desktop/PROJECTS/MEAN/FundooNotes/node_modules/mongoose/lib/error/mongooseError.js:7:1)
    at new CastError (/home/hp/Desktop/PROJECTS/MEAN/FundooNotes/node_modules/mongoose/lib/error/cast.js:31:7)
    at model.Query.exec (/home/hp/Desktop/PROJECTS/MEAN/FundooNotes/node_modules/mongoose/lib/query.js:4498:21)
    at model.Query.Query.then (/home/hp/Desktop/PROJECTS/MEAN/FundooNotes/node_modules/mongoose/lib/query.js:4592:15)
    at processTicksAndRejections (internal/process/task_queues.js:95:5) 
    url - /api/v1/notes/trash 
    method - GET 
    IP - ::1
   {"timestamp":"2022-01-23T14:52:16.879Z"}
error: 
    status - 500 
    message - Error: Cast to undefined failed for value undefined at path "undefined"
    at new MongooseError (/home/hp/Desktop/PROJECTS/MEAN/FundooNotes/node_modules/mongoose/lib/error/mongooseError.js:7:1)
    at new CastError (/home/hp/Desktop/PROJECTS/MEAN/FundooNotes/node_modules/mongoose/lib/error/cast.js:31:7)
    at model.Query.exec (/home/hp/Desktop/PROJECTS/MEAN/FundooNotes/node_modules/mongoose/lib/query.js:4498:21)
    at model.Query.Query.then (/home/hp/Desktop/PROJECTS/MEAN/FundooNotes/node_modules/mongoose/lib/query.js:4592:15)
    at processTicksAndRejections (internal/process/task_queues.js:95:5) 
    url - /api/v1/notes/trash 
    method - GET 
    IP - ::1
   {"timestamp":"2022-01-23T14:52:21.262Z"}
error: 
    status - 500 
    message - Error: Cast to undefined failed for value undefined at path "undefined"
    at new MongooseError (/home/hp/Desktop/PROJECTS/MEAN/FundooNotes/node_modules/mongoose/lib/error/mongooseError.js:7:1)
    at new CastError (/home/hp/Desktop/PROJECTS/MEAN/FundooNotes/node_modules/mongoose/lib/error/cast.js:31:7)
    at model.Query.exec (/home/hp/Desktop/PROJECTS/MEAN/FundooNotes/node_modules/mongoose/lib/query.js:4498:21)
    at model.Query.Query.then (/home/hp/Desktop/PROJECTS/MEAN/FundooNotes/node_modules/mongoose/lib/query.js:4592:15)
    at processTicksAndRejections (internal/process/task_queues.js:95:5) 
    url - /api/v1/notes/archive 
    method - GET 
    IP - ::1
   {"timestamp":"2022-01-23T14:52:26.911Z"}
info: Server started at http://localhost:7000/api/v1/ {"timestamp":"2022-01-23T14:52:46.572Z"}
info: Connected to the database. {"timestamp":"2022-01-23T14:52:46.598Z"}
info: Connected to the database. {"timestamp":"2022-01-23T14:52:46.664Z"}
info: Server started at http://localhost:7000/api/v1/ {"timestamp":"2022-01-23T14:53:27.776Z"}
info: Connected to the database. {"timestamp":"2022-01-23T14:53:27.798Z"}
info: Connected to the database. {"timestamp":"2022-01-23T14:53:30.667Z"}
info: Server started at http://localhost:7000/api/v1/ {"timestamp":"2022-01-23T14:53:41.619Z"}
info: Connected to the database. {"timestamp":"2022-01-23T14:53:41.638Z"}
error: 
    status - 500 
    message - Error: Cast to undefined failed for value undefined at path "undefined"
    at new MongooseError (/home/hp/Desktop/PROJECTS/MEAN/FundooNotes/node_modules/mongoose/lib/error/mongooseError.js:7:1)
    at new CastError (/home/hp/Desktop/PROJECTS/MEAN/FundooNotes/node_modules/mongoose/lib/error/cast.js:31:7)
    at model.Query.exec (/home/hp/Desktop/PROJECTS/MEAN/FundooNotes/node_modules/mongoose/lib/query.js:4498:21)
    at model.Query.Query.then (/home/hp/Desktop/PROJECTS/MEAN/FundooNotes/node_modules/mongoose/lib/query.js:4592:15)
    at processTicksAndRejections (internal/process/task_queues.js:95:5) 
    url - /api/v1/notes/archive 
    method - GET 
    IP - ::1
   {"timestamp":"2022-01-23T14:53:44.614Z"}
error: 
    status - 500 
    message - Error: Cast to undefined failed for value undefined at path "undefined"
    at new MongooseError (/home/hp/Desktop/PROJECTS/MEAN/FundooNotes/node_modules/mongoose/lib/error/mongooseError.js:7:1)
    at new CastError (/home/hp/Desktop/PROJECTS/MEAN/FundooNotes/node_modules/mongoose/lib/error/cast.js:31:7)
    at model.Query.exec (/home/hp/Desktop/PROJECTS/MEAN/FundooNotes/node_modules/mongoose/lib/query.js:4498:21)
    at model.Query.Query.then (/home/hp/Desktop/PROJECTS/MEAN/FundooNotes/node_modules/mongoose/lib/query.js:4592:15)
    at processTicksAndRejections (internal/process/task_queues.js:95:5) 
    url - /api/v1/notes/archive 
    method - GET 
    IP - ::1
   {"timestamp":"2022-01-23T14:53:46.366Z"}
error: 
    status - 500 
    message - Error: Cast to undefined failed for value undefined at path "undefined"
    at new MongooseError (/home/hp/Desktop/PROJECTS/MEAN/FundooNotes/node_modules/mongoose/lib/error/mongooseError.js:7:1)
    at new CastError (/home/hp/Desktop/PROJECTS/MEAN/FundooNotes/node_modules/mongoose/lib/error/cast.js:31:7)
    at model.Query.exec (/home/hp/Desktop/PROJECTS/MEAN/FundooNotes/node_modules/mongoose/lib/query.js:4498:21)
    at model.Query.Query.then (/home/hp/Desktop/PROJECTS/MEAN/FundooNotes/node_modules/mongoose/lib/query.js:4592:15)
    at processTicksAndRejections (internal/process/task_queues.js:95:5) 
    url - /api/v1/notes/archive 
    method - GET 
    IP - ::1
   {"timestamp":"2022-01-23T14:53:47.141Z"}
error: 
    status - 500 
    message - Error: Cast to undefined failed for value undefined at path "undefined"
    at new MongooseError (/home/hp/Desktop/PROJECTS/MEAN/FundooNotes/node_modules/mongoose/lib/error/mongooseError.js:7:1)
    at new CastError (/home/hp/Desktop/PROJECTS/MEAN/FundooNotes/node_modules/mongoose/lib/error/cast.js:31:7)
    at model.Query.exec (/home/hp/Desktop/PROJECTS/MEAN/FundooNotes/node_modules/mongoose/lib/query.js:4498:21)
    at model.Query.Query.then (/home/hp/Desktop/PROJECTS/MEAN/FundooNotes/node_modules/mongoose/lib/query.js:4592:15)
    at processTicksAndRejections (internal/process/task_queues.js:95:5) 
    url - /api/v1/notes/archive 
    method - GET 
    IP - ::1
   {"timestamp":"2022-01-23T14:53:48.746Z"}
info: Server started at http://localhost:7000/api/v1/ {"timestamp":"2022-01-23T14:55:46.048Z"}
info: Connected to the database. {"timestamp":"2022-01-23T14:55:46.073Z"}
info: Connected to the database. {"timestamp":"2022-01-23T14:55:46.112Z"}
info: Server started at http://localhost:7000/api/v1/ {"timestamp":"2022-01-23T14:56:37.434Z"}
info: Connected to the database. {"timestamp":"2022-01-23T14:56:37.455Z"}
info: Server started at http://localhost:7000/api/v1/ {"timestamp":"2022-01-23T14:58:18.737Z"}
info: Connected to the database. {"timestamp":"2022-01-23T14:58:18.756Z"}
info: Server started at http://localhost:7000/api/v1/ {"timestamp":"2022-01-23T14:59:15.043Z"}
info: Connected to the database. {"timestamp":"2022-01-23T14:59:15.066Z"}
info: Connected to the database. {"timestamp":"2022-01-23T14:59:15.148Z"}
info: Server started at http://localhost:7000/api/v1/ {"timestamp":"2022-01-23T14:59:23.753Z"}
info: Connected to the database. {"timestamp":"2022-01-23T14:59:23.773Z"}
info: Server started at http://localhost:7000/api/v1/ {"timestamp":"2022-01-23T14:59:56.737Z"}
info: Connected to the database. {"timestamp":"2022-01-23T14:59:56.762Z"}
info: Connected to the database. {"timestamp":"2022-01-23T14:59:56.825Z"}
info: Server started at http://localhost:7000/api/v1/ {"timestamp":"2022-01-23T15:00:03.407Z"}
info: Connected to the database. {"timestamp":"2022-01-23T15:00:03.428Z"}
info: Server started at http://localhost:7000/api/v1/ {"timestamp":"2022-01-23T15:00:44.251Z"}
info: Connected to the database. {"timestamp":"2022-01-23T15:00:44.276Z"}
info: Connected to the database. {"timestamp":"2022-01-23T15:00:46.951Z"}
info: Server started at http://localhost:7000/api/v1/ {"timestamp":"2022-01-23T15:00:54.367Z"}
info: Connected to the database. {"timestamp":"2022-01-23T15:00:54.386Z"}
info: Server started at http://localhost:7000/api/v1/ {"timestamp":"2022-01-23T15:02:39.771Z"}
info: Connected to the database. {"timestamp":"2022-01-23T15:02:39.794Z"}
info: Server started at http://localhost:7000/api/v1/ {"timestamp":"2022-01-23T15:03:33.585Z"}
info: Connected to the database. {"timestamp":"2022-01-23T15:03:33.612Z"}
info: Connected to the database. {"timestamp":"2022-01-23T15:03:35.621Z"}
info: Server started at http://localhost:7000/api/v1/ {"timestamp":"2022-01-23T15:03:43.268Z"}
info: Connected to the database. {"timestamp":"2022-01-23T15:03:43.288Z"}
error: 
    status - 500 
    message - Error: Cast to undefined failed for value undefined at path "undefined"
    at new MongooseError (/home/hp/Desktop/PROJECTS/MEAN/FundooNotes/node_modules/mongoose/lib/error/mongooseError.js:7:1)
    at new CastError (/home/hp/Desktop/PROJECTS/MEAN/FundooNotes/node_modules/mongoose/lib/error/cast.js:31:7)
    at model.Query.exec (/home/hp/Desktop/PROJECTS/MEAN/FundooNotes/node_modules/mongoose/lib/query.js:4498:21)
    at model.Query.Query.then (/home/hp/Desktop/PROJECTS/MEAN/FundooNotes/node_modules/mongoose/lib/query.js:4592:15)
    at processTicksAndRejections (internal/process/task_queues.js:95:5) 
    url - /api/v1/notes/archive 
    method - GET 
    IP - ::1
   {"timestamp":"2022-01-23T15:04:02.357Z"}
info: Server started at http://localhost:7000/api/v1/ {"timestamp":"2022-01-23T15:04:45.970Z"}
info: Connected to the database. {"timestamp":"2022-01-23T15:04:45.993Z"}
info: Connected to the database. {"timestamp":"2022-01-23T15:04:46.016Z"}
info: Server started at http://localhost:7000/api/v1/ {"timestamp":"2022-01-23T15:04:50.201Z"}
info: Connected to the database. {"timestamp":"2022-01-23T15:04:50.227Z"}
info: Connected to the database. {"timestamp":"2022-01-23T15:04:50.239Z"}
info: Server started at http://localhost:7000/api/v1/ {"timestamp":"2022-01-23T15:04:56.518Z"}
info: Connected to the database. {"timestamp":"2022-01-23T15:04:56.540Z"}
error: 
    status - 500 
    message - Error: Cast to undefined failed for value undefined at path "undefined"
    at new MongooseError (/home/hp/Desktop/PROJECTS/MEAN/FundooNotes/node_modules/mongoose/lib/error/mongooseError.js:7:1)
    at new CastError (/home/hp/Desktop/PROJECTS/MEAN/FundooNotes/node_modules/mongoose/lib/error/cast.js:31:7)
    at model.Query.exec (/home/hp/Desktop/PROJECTS/MEAN/FundooNotes/node_modules/mongoose/lib/query.js:4498:21)
    at model.Query.Query.then (/home/hp/Desktop/PROJECTS/MEAN/FundooNotes/node_modules/mongoose/lib/query.js:4592:15)
    at processTicksAndRejections (internal/process/task_queues.js:95:5) 
    url - /api/v1/notes/archive 
    method - GET 
    IP - ::1
   {"timestamp":"2022-01-23T15:05:11.168Z"}
info: Server started at http://localhost:7000/api/v1/ {"timestamp":"2022-01-23T15:15:21.589Z"}
info: Connected to the database. {"timestamp":"2022-01-23T15:15:21.617Z"}
info: Connected to the database. {"timestamp":"2022-01-23T15:15:21.646Z"}
info: Server started at http://localhost:7000/api/v1/ {"timestamp":"2022-01-23T15:15:34.098Z"}
info: Connected to the database. {"timestamp":"2022-01-23T15:15:34.121Z"}
info: Connected to the database. {"timestamp":"2022-01-23T15:15:34.173Z"}
info: Server started at http://localhost:7000/api/v1/ {"timestamp":"2022-01-23T15:15:44.238Z"}
info: Connected to the database. {"timestamp":"2022-01-23T15:15:44.257Z"}
error: 
    status - 500 
    message - Error: Cast to undefined failed for value undefined at path "undefined"
    at new MongooseError (/home/hp/Desktop/PROJECTS/MEAN/FundooNotes/node_modules/mongoose/lib/error/mongooseError.js:7:1)
    at new CastError (/home/hp/Desktop/PROJECTS/MEAN/FundooNotes/node_modules/mongoose/lib/error/cast.js:31:7)
    at model.Query.exec (/home/hp/Desktop/PROJECTS/MEAN/FundooNotes/node_modules/mongoose/lib/query.js:4498:21)
    at model.Query.Query.then (/home/hp/Desktop/PROJECTS/MEAN/FundooNotes/node_modules/mongoose/lib/query.js:4592:15)
    at processTicksAndRejections (internal/process/task_queues.js:95:5) 
    url - /api/v1/notes/archive 
    method - GET 
    IP - ::1
   {"timestamp":"2022-01-23T15:15:50.820Z"}
info: Server started at http://localhost:7000/api/v1/ {"timestamp":"2022-01-23T15:24:20.681Z"}
info: Connected to the database. {"timestamp":"2022-01-23T15:24:20.700Z"}
info: Server started at http://localhost:7000/api/v1/ {"timestamp":"2022-01-23T15:29:17.873Z"}
info: Connected to the database. {"timestamp":"2022-01-23T15:29:17.899Z"}
info: Server started at http://localhost:7000/api/v1/ {"timestamp":"2022-01-23T15:29:30.677Z"}
info: Connected to the database. {"timestamp":"2022-01-23T15:29:30.697Z"}
error: 
    status - 500 
    message - Error: Cast to undefined failed for value undefined at path "undefined"
    at new MongooseError (/home/hp/Desktop/PROJECTS/MEAN/FundooNotes/node_modules/mongoose/lib/error/mongooseError.js:7:1)
    at new CastError (/home/hp/Desktop/PROJECTS/MEAN/FundooNotes/node_modules/mongoose/lib/error/cast.js:31:7)
    at model.Query.exec (/home/hp/Desktop/PROJECTS/MEAN/FundooNotes/node_modules/mongoose/lib/query.js:4498:21)
    at model.Query.Query.then (/home/hp/Desktop/PROJECTS/MEAN/FundooNotes/node_modules/mongoose/lib/query.js:4592:15)
    at processTicksAndRejections (internal/process/task_queues.js:95:5) 
    url - /api/v1/notes/archievedNotes 
    method - GET 
    IP - ::1
   {"timestamp":"2022-01-23T15:29:41.654Z"}
info: Server started at http://localhost:7000/api/v1/ {"timestamp":"2022-01-23T15:32:02.329Z"}
info: Connected to the database. {"timestamp":"2022-01-23T15:32:02.352Z"}
info: Server started at http://localhost:7000/api/v1/ {"timestamp":"2022-01-23T15:34:06.626Z"}
info: Connected to the database. {"timestamp":"2022-01-23T15:34:06.652Z"}
info: Server started at http://localhost:7000/api/v1/ {"timestamp":"2022-01-23T15:34:11.392Z"}
info: Connected to the database. {"timestamp":"2022-01-23T15:34:11.410Z"}
error: 
    status - 500 
    message - Error: Cast to undefined failed for value undefined at path "undefined"
    at new MongooseError (/home/hp/Desktop/PROJECTS/MEAN/FundooNotes/node_modules/mongoose/lib/error/mongooseError.js:7:1)
    at new CastError (/home/hp/Desktop/PROJECTS/MEAN/FundooNotes/node_modules/mongoose/lib/error/cast.js:31:7)
    at model.Query.exec (/home/hp/Desktop/PROJECTS/MEAN/FundooNotes/node_modules/mongoose/lib/query.js:4498:21)
    at model.Query.Query.then (/home/hp/Desktop/PROJECTS/MEAN/FundooNotes/node_modules/mongoose/lib/query.js:4592:15)
    at processTicksAndRejections (internal/process/task_queues.js:95:5) 
    url - /api/v1/notes/archive 
    method - GET 
    IP - ::1
   {"timestamp":"2022-01-23T15:34:20.761Z"}
info: Server started at http://localhost:7000/api/v1/ {"timestamp":"2022-01-23T15:35:02.279Z"}
info: Connected to the database. {"timestamp":"2022-01-23T15:35:02.304Z"}
info: Connected to the database. {"timestamp":"2022-01-23T15:35:04.783Z"}
info: Server started at http://localhost:7000/api/v1/ {"timestamp":"2022-01-23T15:35:14.026Z"}
info: Connected to the database. {"timestamp":"2022-01-23T15:35:14.046Z"}
error: 
    status - 500 
    message - Error: Cast to undefined failed for value undefined at path "undefined"
    at new MongooseError (/home/hp/Desktop/PROJECTS/MEAN/FundooNotes/node_modules/mongoose/lib/error/mongooseError.js:7:1)
    at new CastError (/home/hp/Desktop/PROJECTS/MEAN/FundooNotes/node_modules/mongoose/lib/error/cast.js:31:7)
    at model.Query.exec (/home/hp/Desktop/PROJECTS/MEAN/FundooNotes/node_modules/mongoose/lib/query.js:4498:21)
    at model.Query.Query.then (/home/hp/Desktop/PROJECTS/MEAN/FundooNotes/node_modules/mongoose/lib/query.js:4592:15)
    at processTicksAndRejections (internal/process/task_queues.js:95:5) 
    url - /api/v1/notes/archive 
    method - GET 
    IP - ::1
   {"timestamp":"2022-01-23T15:35:18.385Z"}
info: Server started at http://localhost:7000/api/v1/ {"timestamp":"2022-01-23T15:46:18.391Z"}
info: Connected to the database. {"timestamp":"2022-01-23T15:46:18.412Z"}
info: Server started at http://localhost:7000/api/v1/ {"timestamp":"2022-01-23T15:50:55.649Z"}
info: Connected to the database. {"timestamp":"2022-01-23T15:50:55.675Z"}
info: Connected to the database. {"timestamp":"2022-01-23T15:50:55.740Z"}
info: Server started at http://localhost:7000/api/v1/ {"timestamp":"2022-01-23T15:51:05.528Z"}
info: Connected to the database. {"timestamp":"2022-01-23T15:51:05.549Z"}
error: 
    status - 500 
    message - Error: Cast to undefined failed for value undefined at path "undefined"
    at new MongooseError (/home/hp/Desktop/PROJECTS/MEAN/FundooNotes/node_modules/mongoose/lib/error/mongooseError.js:7:1)
    at new CastError (/home/hp/Desktop/PROJECTS/MEAN/FundooNotes/node_modules/mongoose/lib/error/cast.js:31:7)
    at model.Query.exec (/home/hp/Desktop/PROJECTS/MEAN/FundooNotes/node_modules/mongoose/lib/query.js:4498:21)
    at model.Query.Query.then (/home/hp/Desktop/PROJECTS/MEAN/FundooNotes/node_modules/mongoose/lib/query.js:4592:15)
    at processTicksAndRejections (internal/process/task_queues.js:95:5) 
    url - /api/v1/notes/archive 
    method - GET 
    IP - ::1
   {"timestamp":"2022-01-23T15:51:09.002Z"}
info: Server started at http://localhost:7000/api/v1/ {"timestamp":"2022-01-23T15:52:54.068Z"}
info: Connected to the database. {"timestamp":"2022-01-23T15:52:54.091Z"}
info: Server started at http://localhost:7000/api/v1/ {"timestamp":"2022-01-23T15:52:58.304Z"}
info: Connected to the database. {"timestamp":"2022-01-23T15:52:58.330Z"}
info: Server started at http://localhost:7000/api/v1/ {"timestamp":"2022-01-23T15:53:04.853Z"}
info: Connected to the database. {"timestamp":"2022-01-23T15:53:04.883Z"}
info: Server started at http://localhost:7000/api/v1/ {"timestamp":"2022-01-23T15:53:09.723Z"}
info: Connected to the database. {"timestamp":"2022-01-23T15:53:09.746Z"}
info: Server started at http://localhost:7000/api/v1/ {"timestamp":"2022-01-23T15:55:47.859Z"}
info: Connected to the database. {"timestamp":"2022-01-23T15:55:47.877Z"}
error: 
    status - 500 
    message - Error: Cast to undefined failed for value undefined at path "undefined"
    at new MongooseError (/home/hp/Desktop/PROJECTS/MEAN/FundooNotes/node_modules/mongoose/lib/error/mongooseError.js:7:1)
    at new CastError (/home/hp/Desktop/PROJECTS/MEAN/FundooNotes/node_modules/mongoose/lib/error/cast.js:31:7)
    at model.Query.exec (/home/hp/Desktop/PROJECTS/MEAN/FundooNotes/node_modules/mongoose/lib/query.js:4498:21)
    at model.Query.Query.then (/home/hp/Desktop/PROJECTS/MEAN/FundooNotes/node_modules/mongoose/lib/query.js:4592:15)
    at processTicksAndRejections (internal/process/task_queues.js:95:5) 
    url - /api/v1/notes/archive 
    method - GET 
    IP - ::1
   {"timestamp":"2022-01-23T15:57:50.021Z"}
info: Server started at http://localhost:7000/api/v1/ {"timestamp":"2022-01-23T15:59:08.140Z"}
info: Connected to the database. {"timestamp":"2022-01-23T15:59:08.162Z"}
info: Server started at http://localhost:7000/api/v1/ {"timestamp":"2022-01-23T15:59:11.533Z"}
info: Connected to the database. {"timestamp":"2022-01-23T15:59:11.552Z"}
error: 
    status - 500 
    message - Error: Cast to undefined failed for value undefined at path "undefined"
    at new MongooseError (/home/hp/Desktop/PROJECTS/MEAN/FundooNotes/node_modules/mongoose/lib/error/mongooseError.js:7:1)
    at new CastError (/home/hp/Desktop/PROJECTS/MEAN/FundooNotes/node_modules/mongoose/lib/error/cast.js:31:7)
    at model.Query.exec (/home/hp/Desktop/PROJECTS/MEAN/FundooNotes/node_modules/mongoose/lib/query.js:4498:21)
    at model.Query.Query.then (/home/hp/Desktop/PROJECTS/MEAN/FundooNotes/node_modules/mongoose/lib/query.js:4592:15)
    at processTicksAndRejections (internal/process/task_queues.js:95:5) 
    url - /api/v1/notes/archive 
    method - GET 
    IP - ::1
   {"timestamp":"2022-01-23T16:00:36.341Z"}
info: Server started at http://localhost:7000/api/v1/ {"timestamp":"2022-01-23T16:04:51.070Z"}
info: Connected to the database. {"timestamp":"2022-01-23T16:04:51.087Z"}
error: 
    status - 500 
    message - Error: Cast to undefined failed for value undefined at path "undefined"
    at new MongooseError (/home/hp/Desktop/PROJECTS/MEAN/FundooNotes/node_modules/mongoose/lib/error/mongooseError.js:7:1)
    at new CastError (/home/hp/Desktop/PROJECTS/MEAN/FundooNotes/node_modules/mongoose/lib/error/cast.js:31:7)
    at model.Query.exec (/home/hp/Desktop/PROJECTS/MEAN/FundooNotes/node_modules/mongoose/lib/query.js:4498:21)
    at model.Query.Query.then (/home/hp/Desktop/PROJECTS/MEAN/FundooNotes/node_modules/mongoose/lib/query.js:4592:15)
    at processTicksAndRejections (internal/process/task_queues.js:95:5) 
    url - /api/v1/notes/archive 
    method - GET 
    IP - ::1
   {"timestamp":"2022-01-23T16:05:24.553Z"}
error: 
    status - 500 
    message - Error: Cast to undefined failed for value undefined at path "undefined"
    at new MongooseError (/home/hp/Desktop/PROJECTS/MEAN/FundooNotes/node_modules/mongoose/lib/error/mongooseError.js:7:1)
    at new CastError (/home/hp/Desktop/PROJECTS/MEAN/FundooNotes/node_modules/mongoose/lib/error/cast.js:31:7)
    at model.Query.exec (/home/hp/Desktop/PROJECTS/MEAN/FundooNotes/node_modules/mongoose/lib/query.js:4498:21)
    at model.Query.Query.then (/home/hp/Desktop/PROJECTS/MEAN/FundooNotes/node_modules/mongoose/lib/query.js:4592:15)
    at processTicksAndRejections (internal/process/task_queues.js:95:5) 
    url - /api/v1/notes/archive 
    method - GET 
    IP - ::1
   {"timestamp":"2022-01-23T16:11:59.399Z"}
info: Server started at http://localhost:7000/api/v1/ {"timestamp":"2022-01-23T16:12:37.899Z"}
info: Connected to the database. {"timestamp":"2022-01-23T16:12:37.925Z"}
info: Server started at http://localhost:7000/api/v1/ {"timestamp":"2022-01-23T16:12:41.968Z"}
info: Connected to the database. {"timestamp":"2022-01-23T16:12:41.988Z"}
error: 
    status - 500 
    message - Error: Cast to undefined failed for value undefined at path "undefined"
    at new MongooseError (/home/hp/Desktop/PROJECTS/MEAN/FundooNotes/node_modules/mongoose/lib/error/mongooseError.js:7:1)
    at new CastError (/home/hp/Desktop/PROJECTS/MEAN/FundooNotes/node_modules/mongoose/lib/error/cast.js:31:7)
    at model.Query.exec (/home/hp/Desktop/PROJECTS/MEAN/FundooNotes/node_modules/mongoose/lib/query.js:4498:21)
    at model.Query.Query.then (/home/hp/Desktop/PROJECTS/MEAN/FundooNotes/node_modules/mongoose/lib/query.js:4592:15)
    at processTicksAndRejections (internal/process/task_queues.js:95:5) 
    url - /api/v1/notes/archive 
    method - GET 
    IP - ::1
   {"timestamp":"2022-01-23T16:12:46.707Z"}
info: Server started at http://localhost:7000/api/v1/ {"timestamp":"2022-01-23T16:14:36.837Z"}
info: Connected to the database. {"timestamp":"2022-01-23T16:14:36.862Z"}
info: Connected to the database. {"timestamp":"2022-01-23T16:14:36.873Z"}
info: Server started at http://localhost:7000/api/v1/ {"timestamp":"2022-01-23T16:14:43.717Z"}
info: Connected to the database. {"timestamp":"2022-01-23T16:14:43.737Z"}
error: 
    status - 500 
    message - Error: Cast to undefined failed for value undefined at path "undefined"
    at new MongooseError (/home/hp/Desktop/PROJECTS/MEAN/FundooNotes/node_modules/mongoose/lib/error/mongooseError.js:7:1)
    at new CastError (/home/hp/Desktop/PROJECTS/MEAN/FundooNotes/node_modules/mongoose/lib/error/cast.js:31:7)
    at model.Query.exec (/home/hp/Desktop/PROJECTS/MEAN/FundooNotes/node_modules/mongoose/lib/query.js:4498:21)
    at model.Query.Query.then (/home/hp/Desktop/PROJECTS/MEAN/FundooNotes/node_modules/mongoose/lib/query.js:4592:15)
    at processTicksAndRejections (internal/process/task_queues.js:95:5) 
    url - /api/v1/notes/archive 
    method - GET 
    IP - ::1
   {"timestamp":"2022-01-23T16:14:46.791Z"}
info: Server started at http://localhost:7000/api/v1/ {"timestamp":"2022-01-23T16:15:15.029Z"}
info: Connected to the database. {"timestamp":"2022-01-23T16:15:15.048Z"}
error: 
    status - 500 
    message - Error: Cast to undefined failed for value undefined at path "undefined"
    at new MongooseError (/home/hp/Desktop/PROJECTS/MEAN/FundooNotes/node_modules/mongoose/lib/error/mongooseError.js:7:1)
    at new CastError (/home/hp/Desktop/PROJECTS/MEAN/FundooNotes/node_modules/mongoose/lib/error/cast.js:31:7)
    at model.Query.exec (/home/hp/Desktop/PROJECTS/MEAN/FundooNotes/node_modules/mongoose/lib/query.js:4498:21)
    at model.Query.Query.then (/home/hp/Desktop/PROJECTS/MEAN/FundooNotes/node_modules/mongoose/lib/query.js:4592:15)
    at processTicksAndRejections (internal/process/task_queues.js:95:5) 
    url - /api/v1/notes/archive 
    method - GET 
    IP - ::1
   {"timestamp":"2022-01-23T16:15:17.418Z"}
info: Server started at http://localhost:7000/api/v1/ {"timestamp":"2022-01-23T16:15:39.933Z"}
info: Connected to the database. {"timestamp":"2022-01-23T16:15:39.958Z"}
info: Connected to the database. {"timestamp":"2022-01-23T16:15:40.043Z"}
info: Server started at http://localhost:7000/api/v1/ {"timestamp":"2022-01-23T16:15:49.721Z"}
info: Connected to the database. {"timestamp":"2022-01-23T16:15:49.740Z"}
error: 
    status - 500 
    message - Error: Cast to undefined failed for value undefined at path "undefined"
    at new MongooseError (/home/hp/Desktop/PROJECTS/MEAN/FundooNotes/node_modules/mongoose/lib/error/mongooseError.js:7:1)
    at new CastError (/home/hp/Desktop/PROJECTS/MEAN/FundooNotes/node_modules/mongoose/lib/error/cast.js:31:7)
    at model.Query.exec (/home/hp/Desktop/PROJECTS/MEAN/FundooNotes/node_modules/mongoose/lib/query.js:4498:21)
    at model.Query.Query.then (/home/hp/Desktop/PROJECTS/MEAN/FundooNotes/node_modules/mongoose/lib/query.js:4592:15)
    at processTicksAndRejections (internal/process/task_queues.js:95:5) 
    url - /api/v1/notes/archive 
    method - GET 
    IP - ::1
   {"timestamp":"2022-01-23T16:15:51.769Z"}
info: Server started at http://localhost:7000/api/v1/ {"timestamp":"2022-01-23T16:16:52.391Z"}
info: Connected to the database. {"timestamp":"2022-01-23T16:16:52.410Z"}
error: 
    status - 500 
    message - Error: Cast to undefined failed for value undefined at path "undefined"
    at new MongooseError (/home/hp/Desktop/PROJECTS/MEAN/FundooNotes/node_modules/mongoose/lib/error/mongooseError.js:7:1)
    at new CastError (/home/hp/Desktop/PROJECTS/MEAN/FundooNotes/node_modules/mongoose/lib/error/cast.js:31:7)
    at model.Query.exec (/home/hp/Desktop/PROJECTS/MEAN/FundooNotes/node_modules/mongoose/lib/query.js:4498:21)
    at model.Query.Query.then (/home/hp/Desktop/PROJECTS/MEAN/FundooNotes/node_modules/mongoose/lib/query.js:4592:15)
    at processTicksAndRejections (internal/process/task_queues.js:95:5) 
    url - /api/v1/notes/archive 
    method - GET 
    IP - ::1
   {"timestamp":"2022-01-23T16:16:55.914Z"}
info: Server started at http://localhost:7000/api/v1/ {"timestamp":"2022-01-23T16:17:31.958Z"}
info: Connected to the database. {"timestamp":"2022-01-23T16:17:31.981Z"}
info: Connected to the database. {"timestamp":"2022-01-23T16:17:32.067Z"}
info: Server started at http://localhost:7000/api/v1/ {"timestamp":"2022-01-23T16:17:37.345Z"}
info: Connected to the database. {"timestamp":"2022-01-23T16:17:37.367Z"}
error: 
    status - 500 
    message - Error: Cast to undefined failed for value undefined at path "undefined"
    at new MongooseError (/home/hp/Desktop/PROJECTS/MEAN/FundooNotes/node_modules/mongoose/lib/error/mongooseError.js:7:1)
    at new CastError (/home/hp/Desktop/PROJECTS/MEAN/FundooNotes/node_modules/mongoose/lib/error/cast.js:31:7)
    at model.Query.exec (/home/hp/Desktop/PROJECTS/MEAN/FundooNotes/node_modules/mongoose/lib/query.js:4498:21)
    at model.Query.Query.then (/home/hp/Desktop/PROJECTS/MEAN/FundooNotes/node_modules/mongoose/lib/query.js:4592:15)
    at processTicksAndRejections (internal/process/task_queues.js:95:5) 
    url - /api/v1/notes/archive 
    method - GET 
    IP - ::1
   {"timestamp":"2022-01-23T16:17:39.948Z"}
info: Server started at http://localhost:7000/api/v1/ {"timestamp":"2022-01-23T16:17:53.771Z"}
info: Connected to the database. {"timestamp":"2022-01-23T16:17:53.798Z"}
info: Connected to the database. {"timestamp":"2022-01-23T16:17:53.806Z"}
info: Server started at http://localhost:7000/api/v1/ {"timestamp":"2022-01-23T16:18:37.977Z"}
info: Connected to the database. {"timestamp":"2022-01-23T16:18:37.998Z"}
error: 
    status - 500 
    message - Error: Cast to undefined failed for value undefined at path "undefined"
    at new MongooseError (/home/hp/Desktop/PROJECTS/MEAN/FundooNotes/node_modules/mongoose/lib/error/mongooseError.js:7:1)
    at new CastError (/home/hp/Desktop/PROJECTS/MEAN/FundooNotes/node_modules/mongoose/lib/error/cast.js:31:7)
    at model.Query.exec (/home/hp/Desktop/PROJECTS/MEAN/FundooNotes/node_modules/mongoose/lib/query.js:4498:21)
    at model.Query.Query.then (/home/hp/Desktop/PROJECTS/MEAN/FundooNotes/node_modules/mongoose/lib/query.js:4592:15)
    at processTicksAndRejections (internal/process/task_queues.js:95:5) 
    url - /api/v1/notes/archive 
    method - GET 
    IP - ::1
   {"timestamp":"2022-01-23T16:18:41.394Z"}
info: Server started at http://localhost:7000/api/v1/ {"timestamp":"2022-01-23T16:19:09.917Z"}
info: Connected to the database. {"timestamp":"2022-01-23T16:19:09.941Z"}
info: Connected to the database. {"timestamp":"2022-01-23T16:19:10.035Z"}
info: Server started at http://localhost:7000/api/v1/ {"timestamp":"2022-01-23T16:19:18.519Z"}
info: Connected to the database. {"timestamp":"2022-01-23T16:19:18.543Z"}
info: Server started at http://localhost:7000/api/v1/ {"timestamp":"2022-01-23T16:19:22.939Z"}
info: Connected to the database. {"timestamp":"2022-01-23T16:19:22.961Z"}
info: Server started at http://localhost:7000/api/v1/ {"timestamp":"2022-01-23T16:19:31.105Z"}
info: Connected to the database. {"timestamp":"2022-01-23T16:19:31.127Z"}
info: Server started at http://localhost:7000/api/v1/ {"timestamp":"2022-01-23T16:19:34.542Z"}
info: Connected to the database. {"timestamp":"2022-01-23T16:19:34.562Z"}
error: 
    status - 500 
    message - Error: Cast to undefined failed for value undefined at path "undefined"
    at new MongooseError (/home/hp/Desktop/PROJECTS/MEAN/FundooNotes/node_modules/mongoose/lib/error/mongooseError.js:7:1)
    at new CastError (/home/hp/Desktop/PROJECTS/MEAN/FundooNotes/node_modules/mongoose/lib/error/cast.js:31:7)
    at model.Query.exec (/home/hp/Desktop/PROJECTS/MEAN/FundooNotes/node_modules/mongoose/lib/query.js:4498:21)
    at model.Query.Query.then (/home/hp/Desktop/PROJECTS/MEAN/FundooNotes/node_modules/mongoose/lib/query.js:4592:15)
    at processTicksAndRejections (internal/process/task_queues.js:95:5) 
    url - /api/v1/notes/archive 
    method - GET 
    IP - ::1
   {"timestamp":"2022-01-23T16:19:38.016Z"}
info: Server started at http://localhost:7000/api/v1/ {"timestamp":"2022-01-23T16:20:16.927Z"}
info: Connected to the database. {"timestamp":"2022-01-23T16:20:16.951Z"}
info: Connected to the database. {"timestamp":"2022-01-23T16:20:17.025Z"}
info: Server started at http://localhost:7000/api/v1/ {"timestamp":"2022-01-23T16:20:24.798Z"}
info: Connected to the database. {"timestamp":"2022-01-23T16:20:24.818Z"}
error: 
    status - 500 
    message - Error: Cast to undefined failed for value undefined at path "undefined"
    at new MongooseError (/home/hp/Desktop/PROJECTS/MEAN/FundooNotes/node_modules/mongoose/lib/error/mongooseError.js:7:1)
    at new CastError (/home/hp/Desktop/PROJECTS/MEAN/FundooNotes/node_modules/mongoose/lib/error/cast.js:31:7)
    at model.Query.exec (/home/hp/Desktop/PROJECTS/MEAN/FundooNotes/node_modules/mongoose/lib/query.js:4498:21)
    at model.Query.Query.then (/home/hp/Desktop/PROJECTS/MEAN/FundooNotes/node_modules/mongoose/lib/query.js:4592:15)
    at processTicksAndRejections (internal/process/task_queues.js:95:5) 
    url - /api/v1/notes/archive 
    method - GET 
    IP - ::1
   {"timestamp":"2022-01-23T16:20:26.880Z"}
info: Server started at http://localhost:7000/api/v1/ {"timestamp":"2022-01-23T16:21:50.592Z"}
info: Connected to the database. {"timestamp":"2022-01-23T16:21:50.615Z"}
info: Connected to the database. {"timestamp":"2022-01-23T16:21:50.642Z"}
info: Server started at http://localhost:7000/api/v1/ {"timestamp":"2022-01-23T16:21:58.532Z"}
info: Connected to the database. {"timestamp":"2022-01-23T16:21:58.551Z"}
error: 
    status - 500 
    message - Error: Cast to undefined failed for value undefined at path "undefined"
    at new MongooseError (/home/hp/Desktop/PROJECTS/MEAN/FundooNotes/node_modules/mongoose/lib/error/mongooseError.js:7:1)
    at new CastError (/home/hp/Desktop/PROJECTS/MEAN/FundooNotes/node_modules/mongoose/lib/error/cast.js:31:7)
    at model.Query.exec (/home/hp/Desktop/PROJECTS/MEAN/FundooNotes/node_modules/mongoose/lib/query.js:4498:21)
    at model.Query.Query.then (/home/hp/Desktop/PROJECTS/MEAN/FundooNotes/node_modules/mongoose/lib/query.js:4592:15)
    at processTicksAndRejections (internal/process/task_queues.js:95:5) 
    url - /api/v1/notes/archive 
    method - GET 
    IP - ::1
   {"timestamp":"2022-01-23T16:22:01.685Z"}
info: Server started at http://localhost:7000/api/v1/ {"timestamp":"2022-01-23T16:23:07.638Z"}
info: Connected to the database. {"timestamp":"2022-01-23T16:23:07.662Z"}
info: Server started at http://localhost:7000/api/v1/ {"timestamp":"2022-01-23T16:23:47.602Z"}
info: Connected to the database. {"timestamp":"2022-01-23T16:23:47.629Z"}
error: 
    status - 500 
    message - TypeError: Cannot read property 'find' of undefined
    at _callee3$ (/home/hp/Desktop/PROJECTS/MEAN/FundooNotes/src/services/note.service.js:17:30)
    at tryCatch (/home/hp/Desktop/PROJECTS/MEAN/FundooNotes/node_modules/regenerator-runtime/runtime.js:63:40)
    at Generator.invoke [as _invoke] (/home/hp/Desktop/PROJECTS/MEAN/FundooNotes/node_modules/regenerator-runtime/runtime.js:294:22)
    at Generator.next (/home/hp/Desktop/PROJECTS/MEAN/FundooNotes/node_modules/regenerator-runtime/runtime.js:119:21)
    at asyncGeneratorStep (/home/hp/Desktop/PROJECTS/MEAN/FundooNotes/node_modules/@babel/runtime/helpers/asyncToGenerator.js:3:24)
    at _next (/home/hp/Desktop/PROJECTS/MEAN/FundooNotes/node_modules/@babel/runtime/helpers/asyncToGenerator.js:25:9)
    at /home/hp/Desktop/PROJECTS/MEAN/FundooNotes/node_modules/@babel/runtime/helpers/asyncToGenerator.js:32:7
    at new Promise (<anonymous>)
    at Object.<anonymous> (/home/hp/Desktop/PROJECTS/MEAN/FundooNotes/node_modules/@babel/runtime/helpers/asyncToGenerator.js:21:12)
    at Object.singleNote (/home/hp/Desktop/PROJECTS/MEAN/FundooNotes/src/services/note.service.js:16:24) 
    url - /api/v1/notes/archive 
    method - GET 
    IP - ::1
   {"timestamp":"2022-01-23T16:23:50.842Z"}
info: Server started at http://localhost:7000/api/v1/ {"timestamp":"2022-01-23T16:25:04.867Z"}
info: Connected to the database. {"timestamp":"2022-01-23T16:25:04.895Z"}
info: Connected to the database. {"timestamp":"2022-01-23T16:25:04.911Z"}
info: Server started at http://localhost:7000/api/v1/ {"timestamp":"2022-01-23T16:25:13.352Z"}
info: Connected to the database. {"timestamp":"2022-01-23T16:25:13.383Z"}
info: Connected to the database. {"timestamp":"2022-01-23T16:25:13.396Z"}
info: Server started at http://localhost:7000/api/v1/ {"timestamp":"2022-01-23T16:25:21.849Z"}
info: Connected to the database. {"timestamp":"2022-01-23T16:25:21.871Z"}
error: 
    status - 500 
    message - TypeError: Cannot read property 'find' of undefined
    at _callee3$ (/home/hp/Desktop/PROJECTS/MEAN/FundooNotes/src/services/note.service.js:17:30)
    at tryCatch (/home/hp/Desktop/PROJECTS/MEAN/FundooNotes/node_modules/regenerator-runtime/runtime.js:63:40)
    at Generator.invoke [as _invoke] (/home/hp/Desktop/PROJECTS/MEAN/FundooNotes/node_modules/regenerator-runtime/runtime.js:294:22)
    at Generator.next (/home/hp/Desktop/PROJECTS/MEAN/FundooNotes/node_modules/regenerator-runtime/runtime.js:119:21)
    at asyncGeneratorStep (/home/hp/Desktop/PROJECTS/MEAN/FundooNotes/node_modules/@babel/runtime/helpers/asyncToGenerator.js:3:24)
    at _next (/home/hp/Desktop/PROJECTS/MEAN/FundooNotes/node_modules/@babel/runtime/helpers/asyncToGenerator.js:25:9)
    at /home/hp/Desktop/PROJECTS/MEAN/FundooNotes/node_modules/@babel/runtime/helpers/asyncToGenerator.js:32:7
    at new Promise (<anonymous>)
    at Object.<anonymous> (/home/hp/Desktop/PROJECTS/MEAN/FundooNotes/node_modules/@babel/runtime/helpers/asyncToGenerator.js:21:12)
    at Object.singleNote (/home/hp/Desktop/PROJECTS/MEAN/FundooNotes/src/services/note.service.js:16:24) 
    url - /api/v1/notes/archive 
    method - GET 
    IP - ::1
   {"timestamp":"2022-01-23T16:25:24.065Z"}
info: Server started at http://localhost:7000/api/v1/ {"timestamp":"2022-01-23T16:25:40.861Z"}
info: Connected to the database. {"timestamp":"2022-01-23T16:25:40.888Z"}
error: 
    status - 500 
    message - Error: Cast to undefined failed for value undefined at path "undefined"
    at new MongooseError (/home/hp/Desktop/PROJECTS/MEAN/FundooNotes/node_modules/mongoose/lib/error/mongooseError.js:7:1)
    at new CastError (/home/hp/Desktop/PROJECTS/MEAN/FundooNotes/node_modules/mongoose/lib/error/cast.js:31:7)
    at model.Query.exec (/home/hp/Desktop/PROJECTS/MEAN/FundooNotes/node_modules/mongoose/lib/query.js:4498:21)
    at model.Query.Query.then (/home/hp/Desktop/PROJECTS/MEAN/FundooNotes/node_modules/mongoose/lib/query.js:4592:15)
    at processTicksAndRejections (internal/process/task_queues.js:95:5) 
    url - /api/v1/notes/archive 
    method - GET 
    IP - ::1
   {"timestamp":"2022-01-23T16:25:43.875Z"}
info: Server started at http://localhost:7000/api/v1/ {"timestamp":"2022-01-23T16:29:00.186Z"}
info: Connected to the database. {"timestamp":"2022-01-23T16:29:00.209Z"}
info: Connected to the database. {"timestamp":"2022-01-23T16:29:00.258Z"}
info: Server started at http://localhost:7000/api/v1/ {"timestamp":"2022-01-23T16:29:22.035Z"}
info: Connected to the database. {"timestamp":"2022-01-23T16:29:22.062Z"}
info: Connected to the database. {"timestamp":"2022-01-23T16:29:22.074Z"}
info: Server started at http://localhost:7000/api/v1/ {"timestamp":"2022-01-23T16:29:29.423Z"}
info: Connected to the database. {"timestamp":"2022-01-23T16:29:29.441Z"}
info: Server started at http://localhost:7000/api/v1/ {"timestamp":"2022-01-23T16:30:04.911Z"}
info: Connected to the database. {"timestamp":"2022-01-23T16:30:04.935Z"}
info: Connected to the database. {"timestamp":"2022-01-23T16:30:04.959Z"}
info: Server started at http://localhost:7000/api/v1/ {"timestamp":"2022-01-23T16:30:15.191Z"}
info: Connected to the database. {"timestamp":"2022-01-23T16:30:15.211Z"}
info: Server started at http://localhost:7000/api/v1/ {"timestamp":"2022-01-23T16:32:09.163Z"}
info: Connected to the database. {"timestamp":"2022-01-23T16:32:09.185Z"}
info: Server started at http://localhost:7000/api/v1/ {"timestamp":"2022-01-23T16:32:12.199Z"}
info: Connected to the database. {"timestamp":"2022-01-23T16:32:12.217Z"}
info: Server started at http://localhost:7000/api/v1/ {"timestamp":"2022-01-23T16:32:26.693Z"}
info: Connected to the database. {"timestamp":"2022-01-23T16:32:26.719Z"}
info: Connected to the database. {"timestamp":"2022-01-23T16:32:26.788Z"}
info: Server started at http://localhost:7000/api/v1/ {"timestamp":"2022-01-23T16:32:37.421Z"}
info: Connected to the database. {"timestamp":"2022-01-23T16:32:37.441Z"}
info: Server started at http://localhost:7000/api/v1/ {"timestamp":"2022-01-23T16:33:04.952Z"}
info: Connected to the database. {"timestamp":"2022-01-23T16:33:04.971Z"}
info: Server started at http://localhost:7000/api/v1/ {"timestamp":"2022-01-23T16:33:43.919Z"}
info: Connected to the database. {"timestamp":"2022-01-23T16:33:43.942Z"}
info: Server started at http://localhost:7000/api/v1/ {"timestamp":"2022-01-23T16:37:15.671Z"}
info: Connected to the database. {"timestamp":"2022-01-23T16:37:15.699Z"}
info: Connected to the database. {"timestamp":"2022-01-23T16:37:15.749Z"}
info: Server started at http://localhost:7000/api/v1/ {"timestamp":"2022-01-23T16:37:37.984Z"}
info: Connected to the database. {"timestamp":"2022-01-23T16:37:38.007Z"}
info: Server started at http://localhost:7000/api/v1/ {"timestamp":"2022-01-23T16:37:43.414Z"}
info: Connected to the database. {"timestamp":"2022-01-23T16:37:43.435Z"}
info: Server started at http://localhost:7000/api/v1/ {"timestamp":"2022-01-23T16:39:29.821Z"}
info: Connected to the database. {"timestamp":"2022-01-23T16:39:29.848Z"}
info: Connected to the database. {"timestamp":"2022-01-23T16:39:29.895Z"}
info: Server started at http://localhost:7000/api/v1/ {"timestamp":"2022-01-23T16:39:46.472Z"}
info: Connected to the database. {"timestamp":"2022-01-23T16:39:46.495Z"}
info: Server started at http://localhost:7000/api/v1/ {"timestamp":"2022-01-23T16:39:50.621Z"}
info: Connected to the database. {"timestamp":"2022-01-23T16:39:50.645Z"}
info: Server started at http://localhost:7000/api/v1/ {"timestamp":"2022-01-23T16:41:12.965Z"}
info: Connected to the database. {"timestamp":"2022-01-23T16:41:12.996Z"}
info: Connected to the database. {"timestamp":"2022-01-23T16:41:13.042Z"}
info: Server started at http://localhost:7000/api/v1/ {"timestamp":"2022-01-23T16:41:23.905Z"}
info: Connected to the database. {"timestamp":"2022-01-23T16:41:23.926Z"}
info: Server started at http://localhost:7000/api/v1/ {"timestamp":"2022-01-23T16:42:18.467Z"}
info: Connected to the database. {"timestamp":"2022-01-23T16:42:18.488Z"}
info: Server started at http://localhost:7000/api/v1/ {"timestamp":"2022-01-23T16:44:16.794Z"}
info: Connected to the database. {"timestamp":"2022-01-23T16:44:16.817Z"}
info: Server started at http://localhost:7000/api/v1/ {"timestamp":"2022-01-23T16:44:19.682Z"}
info: Connected to the database. {"timestamp":"2022-01-23T16:44:19.706Z"}
info: Server started at http://localhost:7000/api/v1/ {"timestamp":"2022-01-23T16:46:03.992Z"}
info: Connected to the database. {"timestamp":"2022-01-23T16:46:04.016Z"}
info: Server started at http://localhost:7000/api/v1/ {"timestamp":"2022-01-23T16:46:09.017Z"}
info: Connected to the database. {"timestamp":"2022-01-23T16:46:09.038Z"}
info: Server started at http://localhost:7000/api/v1/ {"timestamp":"2022-01-23T16:46:49.713Z"}
info: Connected to the database. {"timestamp":"2022-01-23T16:46:49.730Z"}
info: Server started at http://localhost:7000/api/v1/ {"timestamp":"2022-01-23T16:57:06.076Z"}
info: Connected to the database. {"timestamp":"2022-01-23T16:57:06.102Z"}
info: Connected to the database. {"timestamp":"2022-01-23T16:57:06.150Z"}
info: Server started at http://localhost:7000/api/v1/ {"timestamp":"2022-01-23T16:57:16.519Z"}
info: Connected to the database. {"timestamp":"2022-01-23T16:57:16.539Z"}
error: 
    status - 500 
    message - TypeError: #<Object> is not a function
    at Array.find (<anonymous>)
    at _callee2$ (/home/hp/Desktop/PROJECTS/MEAN/FundooNotes/src/services/note.service.js:11:30)
    at tryCatch (/home/hp/Desktop/PROJECTS/MEAN/FundooNotes/node_modules/regenerator-runtime/runtime.js:63:40)
    at Generator.invoke [as _invoke] (/home/hp/Desktop/PROJECTS/MEAN/FundooNotes/node_modules/regenerator-runtime/runtime.js:294:22)
    at Generator.next (/home/hp/Desktop/PROJECTS/MEAN/FundooNotes/node_modules/regenerator-runtime/runtime.js:119:21)
    at asyncGeneratorStep (/home/hp/Desktop/PROJECTS/MEAN/FundooNotes/node_modules/@babel/runtime/helpers/asyncToGenerator.js:3:24)
    at _next (/home/hp/Desktop/PROJECTS/MEAN/FundooNotes/node_modules/@babel/runtime/helpers/asyncToGenerator.js:25:9)
    at processTicksAndRejections (internal/process/task_queues.js:95:5) 
    url - /api/v1/notes 
    method - GET 
    IP - ::1
   {"timestamp":"2022-01-23T16:57:24.821Z"}
info: Server started at http://localhost:7000/api/v1/ {"timestamp":"2022-01-23T17:04:49.189Z"}
info: Connected to the database. {"timestamp":"2022-01-23T17:04:49.212Z"}
info: Server started at http://localhost:7000/api/v1/ {"timestamp":"2022-01-23T17:04:56.278Z"}
info: Connected to the database. {"timestamp":"2022-01-23T17:04:56.305Z"}
error: 
    status - 500 
    message - Error: Cast to undefined failed for value undefined at path "undefined"
    at new MongooseError (/home/hp/Desktop/PROJECTS/MEAN/FundooNotes/node_modules/mongoose/lib/error/mongooseError.js:7:1)
    at new CastError (/home/hp/Desktop/PROJECTS/MEAN/FundooNotes/node_modules/mongoose/lib/error/cast.js:31:7)
    at model.Query.exec (/home/hp/Desktop/PROJECTS/MEAN/FundooNotes/node_modules/mongoose/lib/query.js:4498:21)
    at model.Query.Query.then (/home/hp/Desktop/PROJECTS/MEAN/FundooNotes/node_modules/mongoose/lib/query.js:4592:15)
    at processTicksAndRejections (internal/process/task_queues.js:95:5) 
    url - /api/v1/notes/archive 
    method - GET 
    IP - ::1
   {"timestamp":"2022-01-23T17:05:34.889Z"}
info: Server started at http://localhost:7000/api/v1/ {"timestamp":"2022-01-23T17:13:40.173Z"}
info: Connected to the database. {"timestamp":"2022-01-23T17:13:40.195Z"}
info: Server started at http://localhost:7000/api/v1/ {"timestamp":"2022-01-23T17:13:47.704Z"}
info: Connected to the database. {"timestamp":"2022-01-23T17:13:47.725Z"}
error: 
    status - 500 
    message - Error: Cast to undefined failed for value undefined at path "undefined"
    at new MongooseError (/home/hp/Desktop/PROJECTS/MEAN/FundooNotes/node_modules/mongoose/lib/error/mongooseError.js:7:1)
    at new CastError (/home/hp/Desktop/PROJECTS/MEAN/FundooNotes/node_modules/mongoose/lib/error/cast.js:31:7)
    at model.Query.exec (/home/hp/Desktop/PROJECTS/MEAN/FundooNotes/node_modules/mongoose/lib/query.js:4498:21)
    at model.Query.Query.then (/home/hp/Desktop/PROJECTS/MEAN/FundooNotes/node_modules/mongoose/lib/query.js:4592:15)
    at processTicksAndRejections (internal/process/task_queues.js:95:5) 
    url - /api/v1/notes/archievedNotes 
    method - GET 
    IP - ::1
   {"timestamp":"2022-01-23T17:14:06.068Z"}
info: Server started at http://localhost:7000/api/v1/ {"timestamp":"2022-01-23T17:15:42.352Z"}
info: Connected to the database. {"timestamp":"2022-01-23T17:15:42.377Z"}
info: Connected to the database. {"timestamp":"2022-01-23T17:15:42.427Z"}
info: Server started at http://localhost:7000/api/v1/ {"timestamp":"2022-01-23T17:16:26.233Z"}
info: Connected to the database. {"timestamp":"2022-01-23T17:16:26.256Z"}
info: Server started at http://localhost:7000/api/v1/ {"timestamp":"2022-01-23T17:18:10.280Z"}
info: Connected to the database. {"timestamp":"2022-01-23T17:18:10.307Z"}
info: Connected to the database. {"timestamp":"2022-01-23T17:18:10.397Z"}
info: Server started at http://localhost:7000/api/v1/ {"timestamp":"2022-01-23T17:18:20.585Z"}
info: Connected to the database. {"timestamp":"2022-01-23T17:18:20.602Z"}
info: Server started at http://localhost:7000/api/v1/ {"timestamp":"2022-01-23T17:19:22.853Z"}
info: Connected to the database. {"timestamp":"2022-01-23T17:19:22.873Z"}
info: Server started at http://localhost:7000/api/v1/ {"timestamp":"2022-01-23T17:19:40.216Z"}
info: Connected to the database. {"timestamp":"2022-01-23T17:19:40.239Z"}
info: Server started at http://localhost:7000/api/v1/ {"timestamp":"2022-01-23T17:20:38.262Z"}
info: Connected to the database. {"timestamp":"2022-01-23T17:20:38.287Z"}
info: Server started at http://localhost:7000/api/v1/ {"timestamp":"2022-01-23T17:20:45.121Z"}
info: Connected to the database. {"timestamp":"2022-01-23T17:20:45.150Z"}
info: Connected to the database. {"timestamp":"2022-01-23T17:20:45.201Z"}
info: Server started at http://localhost:7000/api/v1/ {"timestamp":"2022-01-23T17:20:53.019Z"}
info: Connected to the database. {"timestamp":"2022-01-23T17:20:53.037Z"}
info: Server started at http://localhost:7000/api/v1/ {"timestamp":"2022-01-23T17:21:29.546Z"}
info: Connected to the database. {"timestamp":"2022-01-23T17:21:29.569Z"}
info: Server started at http://localhost:7000/api/v1/ {"timestamp":"2022-01-23T17:24:02.338Z"}
info: Connected to the database. {"timestamp":"2022-01-23T17:24:02.367Z"}
info: Connected to the database. {"timestamp":"2022-01-23T17:24:02.483Z"}
info: Server started at http://localhost:7000/api/v1/ {"timestamp":"2022-01-23T17:24:10.401Z"}
info: Connected to the database. {"timestamp":"2022-01-23T17:24:10.423Z"}
info: Server started at http://localhost:7000/api/v1/ {"timestamp":"2022-01-23T17:24:47.278Z"}
info: Connected to the database. {"timestamp":"2022-01-23T17:24:47.301Z"}
info: Server started at http://localhost:7000/api/v1/ {"timestamp":"2022-01-23T17:24:50.685Z"}
info: Connected to the database. {"timestamp":"2022-01-23T17:24:50.707Z"}
info: Server started at http://localhost:7000/api/v1/ {"timestamp":"2022-01-23T17:25:57.471Z"}
info: Connected to the database. {"timestamp":"2022-01-23T17:25:57.499Z"}
info: Connected to the database. {"timestamp":"2022-01-23T17:25:57.535Z"}
info: Server started at http://localhost:7000/api/v1/ {"timestamp":"2022-01-23T17:26:05.956Z"}
info: Connected to the database. {"timestamp":"2022-01-23T17:26:05.977Z"}
error: 
    status - 500 
    message - Error: Cast to undefined failed for value undefined at path "undefined"
    at new MongooseError (/home/hp/Desktop/PROJECTS/MEAN/FundooNotes/node_modules/mongoose/lib/error/mongooseError.js:7:1)
    at new CastError (/home/hp/Desktop/PROJECTS/MEAN/FundooNotes/node_modules/mongoose/lib/error/cast.js:31:7)
    at model.Query.exec (/home/hp/Desktop/PROJECTS/MEAN/FundooNotes/node_modules/mongoose/lib/query.js:4498:21)
    at model.Query.Query.then (/home/hp/Desktop/PROJECTS/MEAN/FundooNotes/node_modules/mongoose/lib/query.js:4592:15)
    at processTicksAndRejections (internal/process/task_queues.js:95:5) 
    url - /api/v1/notes/archievedNotes 
    method - GET 
    IP - ::1
   {"timestamp":"2022-01-23T17:26:08.593Z"}
info: Server started at http://localhost:7000/api/v1/ {"timestamp":"2022-01-23T17:26:40.764Z"}
info: Connected to the database. {"timestamp":"2022-01-23T17:26:40.790Z"}
info: Server started at http://localhost:7000/api/v1/ {"timestamp":"2022-01-23T17:32:20.632Z"}
info: Connected to the database. {"timestamp":"2022-01-23T17:32:20.657Z"}
info: Connected to the database. {"timestamp":"2022-01-23T17:32:20.756Z"}
info: Server started at http://localhost:7000/api/v1/ {"timestamp":"2022-01-23T17:32:29.554Z"}
info: Connected to the database. {"timestamp":"2022-01-23T17:32:29.575Z"}
info: Server started at http://localhost:7000/api/v1/ {"timestamp":"2022-01-23T17:32:59.834Z"}
info: Connected to the database. {"timestamp":"2022-01-23T17:32:59.865Z"}
info: Connected to the database. {"timestamp":"2022-01-23T17:33:00.000Z"}
info: Server started at http://localhost:7000/api/v1/ {"timestamp":"2022-01-23T17:33:11.877Z"}
info: Connected to the database. {"timestamp":"2022-01-23T17:33:11.898Z"}
info: Server started at http://localhost:7000/api/v1/ {"timestamp":"2022-01-23T17:39:47.492Z"}
info: Connected to the database. {"timestamp":"2022-01-23T17:39:47.520Z"}
info: Connected to the database. {"timestamp":"2022-01-23T17:39:47.562Z"}
info: Server started at http://localhost:7000/api/v1/ {"timestamp":"2022-01-23T17:42:19.549Z"}
info: Connected to the database. {"timestamp":"2022-01-23T17:42:19.571Z"}
info: Server started at http://localhost:7000/api/v1/ {"timestamp":"2022-01-23T17:44:41.217Z"}
info: Connected to the database. {"timestamp":"2022-01-23T17:44:41.241Z"}
info: Server started at http://localhost:7000/api/v1/ {"timestamp":"2022-01-23T17:44:54.272Z"}
info: Connected to the database. {"timestamp":"2022-01-23T17:44:54.295Z"}
info: Server started at http://localhost:7000/api/v1/ {"timestamp":"2022-01-23T17:48:23.942Z"}
info: Connected to the database. {"timestamp":"2022-01-23T17:48:23.965Z"}
info: Server started at http://localhost:7000/api/v1/ {"timestamp":"2022-01-23T17:48:40.109Z"}
info: Connected to the database. {"timestamp":"2022-01-23T17:48:40.132Z"}
info: Server started at http://localhost:7000/api/v1/ {"timestamp":"2022-01-23T17:50:10.481Z"}
info: Connected to the database. {"timestamp":"2022-01-23T17:50:10.504Z"}
info: Server started at http://localhost:7000/api/v1/ {"timestamp":"2022-01-23T17:50:38.248Z"}
info: Connected to the database. {"timestamp":"2022-01-23T17:50:38.272Z"}
info: Server started at http://localhost:7000/api/v1/ {"timestamp":"2022-01-23T17:51:05.261Z"}
info: Connected to the database. {"timestamp":"2022-01-23T17:51:05.283Z"}
error: 
    status - 500 
    message - TypeError: Cannot read property 'Title' of undefined
    at _callee6$ (/home/hp/Desktop/PROJECTS/MEAN/FundooNotes/src/services/note.service.js:36:59)
    at tryCatch (/home/hp/Desktop/PROJECTS/MEAN/FundooNotes/node_modules/regenerator-runtime/runtime.js:63:40)
    at Generator.invoke [as _invoke] (/home/hp/Desktop/PROJECTS/MEAN/FundooNotes/node_modules/regenerator-runtime/runtime.js:294:22)
    at Generator.next (/home/hp/Desktop/PROJECTS/MEAN/FundooNotes/node_modules/regenerator-runtime/runtime.js:119:21)
    at asyncGeneratorStep (/home/hp/Desktop/PROJECTS/MEAN/FundooNotes/node_modules/@babel/runtime/helpers/asyncToGenerator.js:3:24)
    at _next (/home/hp/Desktop/PROJECTS/MEAN/FundooNotes/node_modules/@babel/runtime/helpers/asyncToGenerator.js:25:9)
    at processTicksAndRejections (internal/process/task_queues.js:95:5) 
    url - /api/v1/notes/61e593e75dd1f09f49eb08b9 
    method - PUT 
    IP - ::ffff:127.0.0.1
   {"timestamp":"2022-01-23T17:51:05.455Z"}
info: Server started at http://localhost:7000/api/v1/ {"timestamp":"2022-01-23T17:55:46.402Z"}
info: Connected to the database. {"timestamp":"2022-01-23T17:55:46.425Z"}
info: Server started at http://localhost:7000/api/v1/ {"timestamp":"2022-01-23T17:57:01.275Z"}
info: Connected to the database. {"timestamp":"2022-01-23T17:57:01.298Z"}
info: Server started at http://localhost:7000/api/v1/ {"timestamp":"2022-01-23T17:57:09.089Z"}
info: Connected to the database. {"timestamp":"2022-01-23T17:57:09.112Z"}
error: 
    status - 500 
    message - Error: Not a Valid Password
    at _callee3$ (/home/hp/Desktop/PROJECTS/MEAN/FundooNotes/src/services/user.service.js:34:13)
    at tryCatch (/home/hp/Desktop/PROJECTS/MEAN/FundooNotes/node_modules/regenerator-runtime/runtime.js:63:40)
    at Generator.invoke [as _invoke] (/home/hp/Desktop/PROJECTS/MEAN/FundooNotes/node_modules/regenerator-runtime/runtime.js:294:22)
    at Generator.next (/home/hp/Desktop/PROJECTS/MEAN/FundooNotes/node_modules/regenerator-runtime/runtime.js:119:21)
    at asyncGeneratorStep (/home/hp/Desktop/PROJECTS/MEAN/FundooNotes/node_modules/@babel/runtime/helpers/asyncToGenerator.js:3:24)
    at _next (/home/hp/Desktop/PROJECTS/MEAN/FundooNotes/node_modules/@babel/runtime/helpers/asyncToGenerator.js:25:9) 
    url - /api/v1/users/login 
    method - POST 
    IP - ::ffff:127.0.0.1
   {"timestamp":"2022-01-23T17:57:09.211Z"}
error: 
    status - 500 
    message - Error: Not a Valid Password
    at _callee3$ (/home/hp/Desktop/PROJECTS/MEAN/FundooNotes/src/services/user.service.js:34:13)
    at tryCatch (/home/hp/Desktop/PROJECTS/MEAN/FundooNotes/node_modules/regenerator-runtime/runtime.js:63:40)
    at Generator.invoke [as _invoke] (/home/hp/Desktop/PROJECTS/MEAN/FundooNotes/node_modules/regenerator-runtime/runtime.js:294:22)
    at Generator.next (/home/hp/Desktop/PROJECTS/MEAN/FundooNotes/node_modules/regenerator-runtime/runtime.js:119:21)
    at asyncGeneratorStep (/home/hp/Desktop/PROJECTS/MEAN/FundooNotes/node_modules/@babel/runtime/helpers/asyncToGenerator.js:3:24)
    at _next (/home/hp/Desktop/PROJECTS/MEAN/FundooNotes/node_modules/@babel/runtime/helpers/asyncToGenerator.js:25:9) 
    url - /api/v1/users/login 
    method - POST 
    IP - ::ffff:127.0.0.1
   {"timestamp":"2022-01-23T17:57:09.215Z"}
info: Server started at http://localhost:7000/api/v1/ {"timestamp":"2022-01-23T17:57:32.252Z"}
info: Connected to the database. {"timestamp":"2022-01-23T17:57:32.276Z"}
info: Server started at http://localhost:7000/api/v1/ {"timestamp":"2022-01-23T17:57:37.707Z"}
info: Connected to the database. {"timestamp":"2022-01-23T17:57:37.731Z"}
error: 
    status - 500 
    message - TypeError: Cannot read property 'Title' of undefined
    at _callee6$ (/home/hp/Desktop/PROJECTS/MEAN/FundooNotes/src/services/note.service.js:36:59)
    at tryCatch (/home/hp/Desktop/PROJECTS/MEAN/FundooNotes/node_modules/regenerator-runtime/runtime.js:63:40)
    at Generator.invoke [as _invoke] (/home/hp/Desktop/PROJECTS/MEAN/FundooNotes/node_modules/regenerator-runtime/runtime.js:294:22)
    at Generator.next (/home/hp/Desktop/PROJECTS/MEAN/FundooNotes/node_modules/regenerator-runtime/runtime.js:119:21)
    at asyncGeneratorStep (/home/hp/Desktop/PROJECTS/MEAN/FundooNotes/node_modules/@babel/runtime/helpers/asyncToGenerator.js:3:24)
    at _next (/home/hp/Desktop/PROJECTS/MEAN/FundooNotes/node_modules/@babel/runtime/helpers/asyncToGenerator.js:25:9)
    at processTicksAndRejections (internal/process/task_queues.js:95:5) 
    url - /api/v1/notes/61e593e75dd1f09f49eb08b9 
    method - PUT 
    IP - ::ffff:127.0.0.1
   {"timestamp":"2022-01-23T17:57:42.932Z"}
info: Server started at http://localhost:7000/api/v1/ {"timestamp":"2022-01-23T17:58:37.404Z"}
info: Connected to the database. {"timestamp":"2022-01-23T17:58:37.427Z"}
info: Server started at http://localhost:7000/api/v1/ {"timestamp":"2022-01-23T17:58:42.006Z"}
info: Connected to the database. {"timestamp":"2022-01-23T17:58:42.039Z"}
error: 
    status - 500 
    message - TypeError: Cannot read property 'Title' of undefined
    at _callee6$ (/home/hp/Desktop/PROJECTS/MEAN/FundooNotes/src/services/note.service.js:36:59)
    at tryCatch (/home/hp/Desktop/PROJECTS/MEAN/FundooNotes/node_modules/regenerator-runtime/runtime.js:63:40)
    at Generator.invoke [as _invoke] (/home/hp/Desktop/PROJECTS/MEAN/FundooNotes/node_modules/regenerator-runtime/runtime.js:294:22)
    at Generator.next (/home/hp/Desktop/PROJECTS/MEAN/FundooNotes/node_modules/regenerator-runtime/runtime.js:119:21)
    at asyncGeneratorStep (/home/hp/Desktop/PROJECTS/MEAN/FundooNotes/node_modules/@babel/runtime/helpers/asyncToGenerator.js:3:24)
    at _next (/home/hp/Desktop/PROJECTS/MEAN/FundooNotes/node_modules/@babel/runtime/helpers/asyncToGenerator.js:25:9)
    at processTicksAndRejections (internal/process/task_queues.js:95:5) 
    url - /api/v1/notes/61e593e75dd1f09f49eb08b9 
    method - PUT 
    IP - ::ffff:127.0.0.1
   {"timestamp":"2022-01-23T17:58:47.268Z"}
info: Server started at http://localhost:7000/api/v1/ {"timestamp":"2022-01-23T17:59:42.714Z"}
info: Connected to the database. {"timestamp":"2022-01-23T17:59:42.737Z"}
info: Server started at http://localhost:7000/api/v1/ {"timestamp":"2022-01-23T17:59:50.846Z"}
info: Connected to the database. {"timestamp":"2022-01-23T17:59:50.874Z"}
info: Server started at http://localhost:7000/api/v1/ {"timestamp":"2022-01-23T18:01:00.048Z"}
info: Connected to the database. {"timestamp":"2022-01-23T18:01:00.074Z"}
info: Server started at http://localhost:7000/api/v1/ {"timestamp":"2022-01-23T18:01:06.347Z"}
info: Connected to the database. {"timestamp":"2022-01-23T18:01:06.393Z"}
error: 
    status - 500 
    message - TypeError: Cannot read property 'Title' of undefined
    at _callee6$ (/home/hp/Desktop/PROJECTS/MEAN/FundooNotes/src/services/note.service.js:36:59)
    at tryCatch (/home/hp/Desktop/PROJECTS/MEAN/FundooNotes/node_modules/regenerator-runtime/runtime.js:63:40)
    at Generator.invoke [as _invoke] (/home/hp/Desktop/PROJECTS/MEAN/FundooNotes/node_modules/regenerator-runtime/runtime.js:294:22)
    at Generator.next (/home/hp/Desktop/PROJECTS/MEAN/FundooNotes/node_modules/regenerator-runtime/runtime.js:119:21)
    at asyncGeneratorStep (/home/hp/Desktop/PROJECTS/MEAN/FundooNotes/node_modules/@babel/runtime/helpers/asyncToGenerator.js:3:24)
    at _next (/home/hp/Desktop/PROJECTS/MEAN/FundooNotes/node_modules/@babel/runtime/helpers/asyncToGenerator.js:25:9)
    at processTicksAndRejections (internal/process/task_queues.js:95:5) 
    url - /api/v1/notes/61e593e75dd1f09f49eb08b9 
    method - PUT 
    IP - ::ffff:127.0.0.1
   {"timestamp":"2022-01-23T18:01:11.607Z"}
info: Server started at http://localhost:7000/api/v1/ {"timestamp":"2022-01-23T18:02:30.923Z"}
info: Connected to the database. {"timestamp":"2022-01-23T18:02:30.945Z"}
info: Server started at http://localhost:7000/api/v1/ {"timestamp":"2022-01-23T18:02:46.526Z"}
info: Connected to the database. {"timestamp":"2022-01-23T18:02:46.549Z"}
info: Server started at http://localhost:7000/api/v1/ {"timestamp":"2022-01-23T18:02:50.643Z"}
info: Connected to the database. {"timestamp":"2022-01-23T18:02:50.687Z"}
info: Server started at http://localhost:7000/api/v1/ {"timestamp":"2022-01-23T18:04:50.732Z"}
info: Connected to the database. {"timestamp":"2022-01-23T18:04:50.755Z"}
info: Server started at http://localhost:7000/api/v1/ {"timestamp":"2022-01-23T18:04:53.864Z"}
info: Connected to the database. {"timestamp":"2022-01-23T18:04:53.883Z"}
info: Server started at http://localhost:7000/api/v1/ {"timestamp":"2022-01-23T18:07:11.592Z"}
info: Connected to the database. {"timestamp":"2022-01-23T18:07:11.616Z"}
info: Server started at http://localhost:7000/api/v1/ {"timestamp":"2022-01-23T18:07:45.616Z"}
info: Connected to the database. {"timestamp":"2022-01-23T18:07:45.648Z"}
info: Server started at http://localhost:7000/api/v1/ {"timestamp":"2022-01-23T18:08:37.357Z"}
info: Connected to the database. {"timestamp":"2022-01-23T18:08:37.380Z"}
info: Server started at http://localhost:7000/api/v1/ {"timestamp":"2022-01-23T18:09:12.330Z"}
info: Connected to the database. {"timestamp":"2022-01-23T18:09:12.353Z"}
info: Server started at http://localhost:7000/api/v1/ {"timestamp":"2022-01-23T18:09:15.584Z"}
info: Connected to the database. {"timestamp":"2022-01-23T18:09:15.624Z"}
info: Server started at http://localhost:7000/api/v1/ {"timestamp":"2022-01-23T18:09:44.448Z"}
info: Connected to the database. {"timestamp":"2022-01-23T18:09:44.470Z"}
info: Server started at http://localhost:7000/api/v1/ {"timestamp":"2022-01-23T18:11:03.886Z"}
info: Connected to the database. {"timestamp":"2022-01-23T18:11:03.908Z"}
info: Server started at http://localhost:7000/api/v1/ {"timestamp":"2022-01-23T18:11:18.162Z"}
info: Connected to the database. {"timestamp":"2022-01-23T18:11:18.206Z"}
info: Server started at http://localhost:7000/api/v1/ {"timestamp":"2022-01-23T18:11:31.982Z"}
info: Connected to the database. {"timestamp":"2022-01-23T18:11:32.006Z"}
info: Server started at http://localhost:7000/api/v1/ {"timestamp":"2022-01-23T18:11:49.916Z"}
info: Connected to the database. {"timestamp":"2022-01-23T18:11:49.935Z"}
info: Server started at http://localhost:7000/api/v1/ {"timestamp":"2022-01-23T18:13:22.329Z"}
info: Connected to the database. {"timestamp":"2022-01-23T18:13:22.358Z"}
info: Connected to the database. {"timestamp":"2022-01-23T18:13:22.380Z"}
info: Server started at http://localhost:7000/api/v1/ {"timestamp":"2022-01-23T18:13:29.829Z"}
info: Connected to the database. {"timestamp":"2022-01-23T18:13:29.851Z"}
info: Server started at http://localhost:7000/api/v1/ {"timestamp":"2022-01-23T18:14:26.732Z"}
info: Connected to the database. {"timestamp":"2022-01-23T18:14:26.757Z"}
info: Connected to the database. {"timestamp":"2022-01-23T18:14:26.786Z"}
info: Server started at http://localhost:7000/api/v1/ {"timestamp":"2022-01-23T18:14:42.417Z"}
info: Connected to the database. {"timestamp":"2022-01-23T18:14:42.440Z"}
info: Server started at http://localhost:7000/api/v1/ {"timestamp":"2022-01-23T18:14:46.857Z"}
info: Connected to the database. {"timestamp":"2022-01-23T18:14:46.878Z"}
info: Server started at http://localhost:7000/api/v1/ {"timestamp":"2022-01-23T18:17:12.630Z"}
info: Connected to the database. {"timestamp":"2022-01-23T18:17:12.660Z"}
info: Connected to the database. {"timestamp":"2022-01-23T18:17:12.675Z"}
info: Server started at http://localhost:7000/api/v1/ {"timestamp":"2022-01-23T18:18:49.075Z"}
info: Connected to the database. {"timestamp":"2022-01-23T18:18:49.102Z"}
info: Connected to the database. {"timestamp":"2022-01-23T18:18:49.133Z"}
info: Server started at http://localhost:7000/api/v1/ {"timestamp":"2022-01-23T18:19:27.403Z"}
info: Connected to the database. {"timestamp":"2022-01-23T18:19:27.428Z"}
info: Server started at http://localhost:7000/api/v1/ {"timestamp":"2022-01-23T18:19:50.941Z"}
info: Connected to the database. {"timestamp":"2022-01-23T18:19:50.965Z"}
info: Connected to the database. {"timestamp":"2022-01-23T18:19:51.007Z"}
info: Server started at http://localhost:7000/api/v1/ {"timestamp":"2022-01-23T18:20:30.062Z"}
info: Connected to the database. {"timestamp":"2022-01-23T18:20:30.085Z"}
info: Server started at http://localhost:7000/api/v1/ {"timestamp":"2022-01-23T18:20:49.007Z"}
info: Connected to the database. {"timestamp":"2022-01-23T18:20:49.037Z"}
info: Server started at http://localhost:7000/api/v1/ {"timestamp":"2022-01-23T18:21:45.982Z"}
info: Connected to the database. {"timestamp":"2022-01-23T18:21:46.005Z"}
info: Server started at http://localhost:7000/api/v1/ {"timestamp":"2022-01-23T18:24:51.129Z"}
info: Connected to the database. {"timestamp":"2022-01-23T18:24:51.151Z"}
info: Server started at http://localhost:7000/api/v1/ {"timestamp":"2022-01-23T18:25:25.234Z"}
info: Connected to the database. {"timestamp":"2022-01-23T18:25:25.256Z"}
info: Server started at http://localhost:7000/api/v1/ {"timestamp":"2022-01-23T18:25:45.542Z"}
info: Connected to the database. {"timestamp":"2022-01-23T18:25:45.564Z"}
info: Server started at http://localhost:7000/api/v1/ {"timestamp":"2022-01-23T18:25:59.735Z"}
info: Connected to the database. {"timestamp":"2022-01-23T18:25:59.759Z"}
info: Server started at http://localhost:7000/api/v1/ {"timestamp":"2022-01-23T18:26:19.414Z"}
info: Connected to the database. {"timestamp":"2022-01-23T18:26:19.439Z"}
info: Server started at http://localhost:7000/api/v1/ {"timestamp":"2022-01-23T18:26:28.517Z"}
info: Connected to the database. {"timestamp":"2022-01-23T18:26:28.540Z"}
info: Server started at http://localhost:7000/api/v1/ {"timestamp":"2022-01-23T18:26:47.050Z"}
info: Connected to the database. {"timestamp":"2022-01-23T18:26:47.073Z"}
info: Server started at http://localhost:7000/api/v1/ {"timestamp":"2022-01-23T18:27:04.936Z"}
info: Connected to the database. {"timestamp":"2022-01-23T18:27:04.959Z"}
info: Server started at http://localhost:7000/api/v1/ {"timestamp":"2022-01-23T18:27:17.654Z"}
info: Connected to the database. {"timestamp":"2022-01-23T18:27:17.676Z"}
