error: 
    status - 500 
    message - ReferenceError: bcrypt is not defined
    at _callee2$ (/home/hp/Desktop/PROJECTS/MEAN/FundooNotes/src/services/user.service.js:10:24)
    at tryCatch (/home/hp/Desktop/PROJECTS/MEAN/FundooNotes/node_modules/regenerator-runtime/runtime.js:63:40)
    at Generator.invoke [as _invoke] (/home/hp/Desktop/PROJECTS/MEAN/FundooNotes/node_modules/regenerator-runtime/runtime.js:294:22)
    at Generator.next (/home/hp/Desktop/PROJECTS/MEAN/FundooNotes/node_modules/regenerator-runtime/runtime.js:119:21)
    at asyncGeneratorStep (/home/hp/Desktop/PROJECTS/MEAN/FundooNotes/node_modules/@babel/runtime/helpers/asyncToGenerator.js:3:24)
    at _next (/home/hp/Desktop/PROJECTS/MEAN/FundooNotes/node_modules/@babel/runtime/helpers/asyncToGenerator.js:25:9)
    at /home/hp/Desktop/PROJECTS/MEAN/FundooNotes/node_modules/@babel/runtime/helpers/asyncToGenerator.js:32:7
    at new Promise (<anonymous>)
    at Object.<anonymous> (/home/hp/Desktop/PROJECTS/MEAN/FundooNotes/node_modules/@babel/runtime/helpers/asyncToGenerator.js:21:12)
    at Object.newUser (/home/hp/Desktop/PROJECTS/MEAN/FundooNotes/src/services/user.service.js:10:21) 
    url - /api/v1/register 
    method - POST 
    IP - ::1
   {"timestamp":"2022-01-10T04:45:24.272Z"}
error: 
    status - 500 
    message - ReferenceError: jwt is not defined
    at _callee3$ (/home/hp/Desktop/PROJECTS/MEAN/FundooNotes/src/services/user.service.js:26:11)
    at tryCatch (/home/hp/Desktop/PROJECTS/MEAN/FundooNotes/node_modules/regenerator-runtime/runtime.js:63:40)
    at Generator.invoke [as _invoke] (/home/hp/Desktop/PROJECTS/MEAN/FundooNotes/node_modules/regenerator-runtime/runtime.js:294:22)
    at Generator.next (/home/hp/Desktop/PROJECTS/MEAN/FundooNotes/node_modules/regenerator-runtime/runtime.js:119:21)
    at asyncGeneratorStep (/home/hp/Desktop/PROJECTS/MEAN/FundooNotes/node_modules/@babel/runtime/helpers/asyncToGenerator.js:3:24)
    at _next (/home/hp/Desktop/PROJECTS/MEAN/FundooNotes/node_modules/@babel/runtime/helpers/asyncToGenerator.js:25:9) 
    url - /api/v1/login 
    method - POST 
    IP - ::1
   {"timestamp":"2022-01-10T04:54:01.582Z"}
error: 
    status - 500 
    message - TypeError: body.save is not a function
    at _callee3$ (/home/hp/Desktop/PROJECTS/MEAN/FundooNotes/src/services/user.service.js:29:12)
    at tryCatch (/home/hp/Desktop/PROJECTS/MEAN/FundooNotes/node_modules/regenerator-runtime/runtime.js:63:40)
    at Generator.invoke [as _invoke] (/home/hp/Desktop/PROJECTS/MEAN/FundooNotes/node_modules/regenerator-runtime/runtime.js:294:22)
    at Generator.next (/home/hp/Desktop/PROJECTS/MEAN/FundooNotes/node_modules/regenerator-runtime/runtime.js:119:21)
    at asyncGeneratorStep (/home/hp/Desktop/PROJECTS/MEAN/FundooNotes/node_modules/@babel/runtime/helpers/asyncToGenerator.js:3:24)
    at _next (/home/hp/Desktop/PROJECTS/MEAN/FundooNotes/node_modules/@babel/runtime/helpers/asyncToGenerator.js:25:9) 
    url - /api/v1/login 
    method - POST 
    IP - ::1
   {"timestamp":"2022-01-10T04:57:51.390Z"}
error: 
    status - 500 
    message - ReferenceError: error is not defined
    at _callee3$ (/home/hp/Desktop/PROJECTS/MEAN/FundooNotes/src/services/user.service.js:20:22)
    at tryCatch (/home/hp/Desktop/PROJECTS/MEAN/FundooNotes/node_modules/regenerator-runtime/runtime.js:63:40)
    at Generator.invoke [as _invoke] (/home/hp/Desktop/PROJECTS/MEAN/FundooNotes/node_modules/regenerator-runtime/runtime.js:294:22)
    at Generator.next (/home/hp/Desktop/PROJECTS/MEAN/FundooNotes/node_modules/regenerator-runtime/runtime.js:119:21)
    at asyncGeneratorStep (/home/hp/Desktop/PROJECTS/MEAN/FundooNotes/node_modules/@babel/runtime/helpers/asyncToGenerator.js:3:24)
    at _next (/home/hp/Desktop/PROJECTS/MEAN/FundooNotes/node_modules/@babel/runtime/helpers/asyncToGenerator.js:25:9) 
    url - /api/v1/login 
    method - POST 
    IP - ::1
   {"timestamp":"2022-01-10T07:51:38.669Z"}
error: 
    status - 500 
    message - ReferenceError: error is not defined
    at _callee3$ (/home/hp/Desktop/PROJECTS/MEAN/FundooNotes/src/services/user.service.js:20:22)
    at tryCatch (/home/hp/Desktop/PROJECTS/MEAN/FundooNotes/node_modules/regenerator-runtime/runtime.js:63:40)
    at Generator.invoke [as _invoke] (/home/hp/Desktop/PROJECTS/MEAN/FundooNotes/node_modules/regenerator-runtime/runtime.js:294:22)
    at Generator.next (/home/hp/Desktop/PROJECTS/MEAN/FundooNotes/node_modules/regenerator-runtime/runtime.js:119:21)
    at asyncGeneratorStep (/home/hp/Desktop/PROJECTS/MEAN/FundooNotes/node_modules/@babel/runtime/helpers/asyncToGenerator.js:3:24)
    at _next (/home/hp/Desktop/PROJECTS/MEAN/FundooNotes/node_modules/@babel/runtime/helpers/asyncToGenerator.js:25:9) 
    url - /api/v1/login 
    method - POST 
    IP - ::1
   {"timestamp":"2022-01-10T07:52:08.385Z"}
error: 
    status - 500 
    message - Error: Not a Valid Password
    at _callee3$ (/home/hp/Desktop/PROJECTS/MEAN/FundooNotes/src/services/user.service.js:31:13)
    at tryCatch (/home/hp/Desktop/PROJECTS/MEAN/FundooNotes/node_modules/regenerator-runtime/runtime.js:63:40)
    at Generator.invoke [as _invoke] (/home/hp/Desktop/PROJECTS/MEAN/FundooNotes/node_modules/regenerator-runtime/runtime.js:294:22)
    at Generator.next (/home/hp/Desktop/PROJECTS/MEAN/FundooNotes/node_modules/regenerator-runtime/runtime.js:119:21)
    at asyncGeneratorStep (/home/hp/Desktop/PROJECTS/MEAN/FundooNotes/node_modules/@babel/runtime/helpers/asyncToGenerator.js:3:24)
    at _next (/home/hp/Desktop/PROJECTS/MEAN/FundooNotes/node_modules/@babel/runtime/helpers/asyncToGenerator.js:25:9) 
    url - /api/v1/login 
    method - POST 
    IP - ::1
   {"timestamp":"2022-01-10T07:52:19.165Z"}
error: 
    status - 500 
    message - Error: Not a Valid Password
    at _callee3$ (/home/hp/Desktop/PROJECTS/MEAN/FundooNotes/src/services/user.service.js:31:13)
    at tryCatch (/home/hp/Desktop/PROJECTS/MEAN/FundooNotes/node_modules/regenerator-runtime/runtime.js:63:40)
    at Generator.invoke [as _invoke] (/home/hp/Desktop/PROJECTS/MEAN/FundooNotes/node_modules/regenerator-runtime/runtime.js:294:22)
    at Generator.next (/home/hp/Desktop/PROJECTS/MEAN/FundooNotes/node_modules/regenerator-runtime/runtime.js:119:21)
    at asyncGeneratorStep (/home/hp/Desktop/PROJECTS/MEAN/FundooNotes/node_modules/@babel/runtime/helpers/asyncToGenerator.js:3:24)
    at _next (/home/hp/Desktop/PROJECTS/MEAN/FundooNotes/node_modules/@babel/runtime/helpers/asyncToGenerator.js:25:9) 
    url - /api/v1/login 
    method - POST 
    IP - ::1
   {"timestamp":"2022-01-10T07:52:32.481Z"}
